[2026-04-05 00:09:23] Worker process — alg=2 worker_id=1 num_workers=4
[CP-DCM-ACO alg=2] 25x25 timeout=60s (worker 1/4) config: {'nAnts': 3, 'numACS': 6, 'q0': 0.9, 'xi': 0.1, 'rho': 0.9, 'evap': 0.0125, 'convThresh': 0.8, 'entropyPct': 92.5}

[RUN] CP-DCM-ACO (alg=2) timeout=60s puzzle=25x25 — starting instances…
  [alg2 timeout=60s [25x25]] Already complete. Skipping.
  [BARRIER] CP-DCM-ACO timeout=60s 25x25: global complete (100/100); proceeding.
[CP-DCM-ACO alg=2] 25x25 timeout=90s (worker 1/4) config: {'nAnts': 3, 'numACS': 6, 'q0': 0.9, 'xi': 0.1, 'rho': 0.9, 'evap': 0.0125, 'convThresh': 0.8, 'entropyPct': 92.5}

[RUN] CP-DCM-ACO (alg=2) timeout=90s puzzle=25x25 — starting instances…
  [alg2 timeout=90s [25x25]] Already complete. Skipping.
  [BARRIER] CP-DCM-ACO timeout=90s 25x25: global complete (100/100); proceeding.
[CP-DCM-ACO alg=2] 25x25 timeout=150s (worker 1/4) config: {'nAnts': 3, 'numACS': 6, 'q0': 0.9, 'xi': 0.1, 'rho': 0.9, 'evap': 0.0125, 'convThresh': 0.8, 'entropyPct': 92.5}

[RUN] CP-DCM-ACO (alg=2) timeout=150s puzzle=25x25 — starting instances…
  [alg2 timeout=150s [25x25]] (1/25) inst25x25_40_30.txt RESUME 14/100
    Rep 15/100: OK (time=2.6062s)
    Rep 16/100: OK (time=2.5424s)
    Rep 17/100: OK (time=2.2820s)
    Rep 18/100: OK (time=5.4255s)
    Rep 19/100: OK (time=1.3857s)
    Rep 20/100: OK (time=9.9413s)
    Rep 21/100: OK (time=7.2919s)
    Rep 22/100: OK (time=3.7841s)
    Rep 23/100: OK (time=4.2856s)
    Rep 24/100: OK (time=6.0451s)
    Rep 25/100: OK (time=5.6074s)
    Rep 26/100: OK (time=0.3619s)
    Rep 27/100: OK (time=2.9326s)
    Rep 28/100: OK (time=1.7944s)
    Rep 29/100: OK (time=1.9338s)
