[2026-04-04 23:51:04] Worker process — alg=2 worker_id=5 num_workers=8
[CP-DCM-ACO alg=2] 25x25 timeout=60s (worker 5/8) config: {'nAnts': 3, 'numACS': 6, 'q0': 0.9, 'xi': 0.1, 'rho': 0.9, 'evap': 0.0125, 'convThresh': 0.8, 'entropyPct': 92.5}

[RUN] CP-DCM-ACO (alg=2) timeout=60s puzzle=25x25 — starting instances…
  [alg2 timeout=60s [25x25]] Already complete. Skipping.
[CP-DCM-ACO alg=2] 25x25 timeout=90s (worker 5/8) config: {'nAnts': 3, 'numACS': 6, 'q0': 0.9, 'xi': 0.1, 'rho': 0.9, 'evap': 0.0125, 'convThresh': 0.8, 'entropyPct': 92.5}

[RUN] CP-DCM-ACO (alg=2) timeout=90s puzzle=25x25 — starting instances…
  [alg2 timeout=90s [25x25]] Already complete. Skipping.
[CP-DCM-ACO alg=2] 25x25 timeout=150s (worker 5/8) config: {'nAnts': 3, 'numACS': 6, 'q0': 0.9, 'xi': 0.1, 'rho': 0.9, 'evap': 0.0125, 'convThresh': 0.8, 'entropyPct': 92.5}

[RUN] CP-DCM-ACO (alg=2) timeout=150s puzzle=25x25 — starting instances…
  [alg2 timeout=150s [25x25]] (1/12) inst25x25_40_79.txt 
    Rep 1/100: OK (time=4.0561s)
    Rep 2/100: OK (time=13.4209s)
    Rep 3/100: OK (time=17.7835s)
    Rep 4/100: OK (time=8.1177s)
    Rep 5/100: OK (time=2.3526s)
    Rep 6/100: OK (time=11.4756s)
    Rep 7/100: OK (time=3.9803s)
    Rep 8/100: OK (time=1.3087s)
    Rep 9/100: OK (time=3.1196s)
    Rep 10/100: OK (time=2.7914s)
    Rep 11/100: OK (time=5.5476s)
