[2026-04-04 23:51:04] Worker process — alg=2 worker_id=7 num_workers=8
[CP-DCM-ACO alg=2] 25x25 timeout=60s (worker 7/8) config: {'nAnts': 3, 'numACS': 6, 'q0': 0.9, 'xi': 0.1, 'rho': 0.9, 'evap': 0.0125, 'convThresh': 0.8, 'entropyPct': 92.5}

[RUN] CP-DCM-ACO (alg=2) timeout=60s puzzle=25x25 — starting instances…
  [alg2 timeout=60s [25x25]] Already complete. Skipping.
[CP-DCM-ACO alg=2] 25x25 timeout=90s (worker 7/8) config: {'nAnts': 3, 'numACS': 6, 'q0': 0.9, 'xi': 0.1, 'rho': 0.9, 'evap': 0.0125, 'convThresh': 0.8, 'entropyPct': 92.5}

[RUN] CP-DCM-ACO (alg=2) timeout=90s puzzle=25x25 — starting instances…
  [alg2 timeout=90s [25x25]] Already complete. Skipping.
[CP-DCM-ACO alg=2] 25x25 timeout=150s (worker 7/8) config: {'nAnts': 3, 'numACS': 6, 'q0': 0.9, 'xi': 0.1, 'rho': 0.9, 'evap': 0.0125, 'convThresh': 0.8, 'entropyPct': 92.5}

[RUN] CP-DCM-ACO (alg=2) timeout=150s puzzle=25x25 — starting instances…
  [alg2 timeout=150s [25x25]] (1/12) inst25x25_40_89.txt 
    Rep 1/100: OK (time=3.7869s)
    Rep 2/100: OK (time=7.7835s)
    Rep 3/100: OK (time=4.1351s)
    Rep 4/100: OK (time=3.1590s)
    Rep 5/100: OK (time=5.2937s)
    Rep 6/100: OK (time=8.1233s)
    Rep 7/100: OK (time=8.1739s)
    Rep 8/100: OK (time=6.7600s)
    Rep 9/100: OK (time=3.2588s)
    Rep 10/100: OK (time=0.5777s)
    Rep 11/100: OK (time=1.4704s)
    Rep 12/100: OK (time=6.2422s)
    Rep 13/100: OK (time=0.7465s)
    Rep 14/100: OK (time=1.5305s)
    Rep 15/100: OK (time=1.3658s)
    Rep 16/100: OK (time=1.6859s)
    Rep 17/100: OK (time=7.2406s)
    Rep 18/100: OK (time=1.0684s)
