[2026-04-04 23:51:04] Worker process — alg=2 worker_id=6 num_workers=8
[CP-DCM-ACO alg=2] 25x25 timeout=60s (worker 6/8) config: {'nAnts': 3, 'numACS': 6, 'q0': 0.9, 'xi': 0.1, 'rho': 0.9, 'evap': 0.0125, 'convThresh': 0.8, 'entropyPct': 92.5}

[RUN] CP-DCM-ACO (alg=2) timeout=60s puzzle=25x25 — starting instances…
  [alg2 timeout=60s [25x25]] Already complete. Skipping.
[CP-DCM-ACO alg=2] 25x25 timeout=90s (worker 6/8) config: {'nAnts': 3, 'numACS': 6, 'q0': 0.9, 'xi': 0.1, 'rho': 0.9, 'evap': 0.0125, 'convThresh': 0.8, 'entropyPct': 92.5}

[RUN] CP-DCM-ACO (alg=2) timeout=90s puzzle=25x25 — starting instances…
  [alg2 timeout=90s [25x25]] Already complete. Skipping.
[CP-DCM-ACO alg=2] 25x25 timeout=150s (worker 6/8) config: {'nAnts': 3, 'numACS': 6, 'q0': 0.9, 'xi': 0.1, 'rho': 0.9, 'evap': 0.0125, 'convThresh': 0.8, 'entropyPct': 92.5}

[RUN] CP-DCM-ACO (alg=2) timeout=150s puzzle=25x25 — starting instances…
  [alg2 timeout=150s [25x25]] (1/12) inst25x25_40_80.txt 
    Rep 1/100: OK (time=2.3078s)
    Rep 2/100: OK (time=5.6924s)
    Rep 3/100: OK (time=7.5121s)
    Rep 4/100: OK (time=5.8965s)
    Rep 5/100: OK (time=7.8378s)
    Rep 6/100: OK (time=3.8161s)
    Rep 7/100: OK (time=5.5019s)
    Rep 8/100: OK (time=1.2358s)
    Rep 9/100: OK (time=3.4633s)
    Rep 10/100: OK (time=3.9521s)
    Rep 11/100: OK (time=1.7540s)
    Rep 12/100: OK (time=1.9082s)
    Rep 13/100: OK (time=6.3217s)
    Rep 14/100: OK (time=8.4491s)
    Rep 15/100: OK (time=5.9043s)
