[2026-04-05 00:09:23] Worker process — alg=2 worker_id=3 num_workers=4
[CP-DCM-ACO alg=2] 25x25 timeout=60s (worker 3/4) config: {'nAnts': 3, 'numACS': 6, 'q0': 0.9, 'xi': 0.1, 'rho': 0.9, 'evap': 0.0125, 'convThresh': 0.8, 'entropyPct': 92.5}

[RUN] CP-DCM-ACO (alg=2) timeout=60s puzzle=25x25 — starting instances…
  [alg2 timeout=60s [25x25]] Already complete. Skipping.
  [BARRIER] CP-DCM-ACO timeout=60s 25x25: global complete (100/100); proceeding.
[CP-DCM-ACO alg=2] 25x25 timeout=90s (worker 3/4) config: {'nAnts': 3, 'numACS': 6, 'q0': 0.9, 'xi': 0.1, 'rho': 0.9, 'evap': 0.0125, 'convThresh': 0.8, 'entropyPct': 92.5}

[RUN] CP-DCM-ACO (alg=2) timeout=90s puzzle=25x25 — starting instances…
  [alg2 timeout=90s [25x25]] Already complete. Skipping.
  [BARRIER] CP-DCM-ACO timeout=90s 25x25: global complete (100/100); proceeding.
[CP-DCM-ACO alg=2] 25x25 timeout=150s (worker 3/4) config: {'nAnts': 3, 'numACS': 6, 'q0': 0.9, 'xi': 0.1, 'rho': 0.9, 'evap': 0.0125, 'convThresh': 0.8, 'entropyPct': 92.5}

[RUN] CP-DCM-ACO (alg=2) timeout=150s puzzle=25x25 — starting instances…
  [alg2 timeout=150s [25x25]] (1/25) inst25x25_40_57.txt RESUME 11/100
    Rep 12/100: OK (time=3.7588s)
    Rep 13/100: OK (time=3.4443s)
    Rep 14/100: OK (time=9.5933s)
    Rep 15/100: OK (time=2.2352s)
    Rep 16/100: OK (time=2.2975s)
    Rep 17/100: OK (time=10.8029s)
    Rep 18/100: OK (time=10.8599s)
    Rep 19/100: OK (time=0.7734s)
    Rep 20/100: OK (time=7.1286s)
    Rep 21/100: OK (time=2.5162s)
    Rep 22/100: OK (time=4.6570s)
