[2026-04-05 00:09:23] Worker process — alg=2 worker_id=0 num_workers=4
[CP-DCM-ACO alg=2] 25x25 timeout=60s (worker 0/4) config: {'nAnts': 3, 'numACS': 6, 'q0': 0.9, 'xi': 0.1, 'rho': 0.9, 'evap': 0.0125, 'convThresh': 0.8, 'entropyPct': 92.5}

[RUN] CP-DCM-ACO (alg=2) timeout=60s puzzle=25x25 — starting instances…
  [alg2 timeout=60s [25x25]] Already complete. Skipping.
  [BARRIER] CP-DCM-ACO timeout=60s 25x25: global complete (100/100); proceeding.
[CP-DCM-ACO alg=2] 25x25 timeout=90s (worker 0/4) config: {'nAnts': 3, 'numACS': 6, 'q0': 0.9, 'xi': 0.1, 'rho': 0.9, 'evap': 0.0125, 'convThresh': 0.8, 'entropyPct': 92.5}

[RUN] CP-DCM-ACO (alg=2) timeout=90s puzzle=25x25 — starting instances…
  [alg2 timeout=90s [25x25]] Already complete. Skipping.
  [BARRIER] CP-DCM-ACO timeout=90s 25x25: global complete (100/100); proceeding.
[CP-DCM-ACO alg=2] 25x25 timeout=150s (worker 0/4) config: {'nAnts': 3, 'numACS': 6, 'q0': 0.9, 'xi': 0.1, 'rho': 0.9, 'evap': 0.0125, 'convThresh': 0.8, 'entropyPct': 92.5}

[RUN] CP-DCM-ACO (alg=2) timeout=150s puzzle=25x25 — starting instances…
  [alg2 timeout=150s [25x25]] (1/25) inst25x25_40_10.txt RESUME 21/100
    Rep 22/100: OK (time=6.2410s)
    Rep 23/100: OK (time=1.3792s)
    Rep 24/100: OK (time=1.2860s)
    Rep 25/100: OK (time=5.8883s)
    Rep 26/100: OK (time=1.8508s)
    Rep 27/100: OK (time=4.9122s)
    Rep 28/100: OK (time=2.0689s)
    Rep 29/100: OK (time=4.2975s)
    Rep 30/100: OK (time=2.7039s)
    Rep 31/100: OK (time=4.5317s)
    Rep 32/100: OK (time=1.2298s)
    Rep 33/100: OK (time=1.8724s)
    Rep 34/100: OK (time=1.8642s)
    Rep 35/100: OK (time=2.2483s)
    Rep 36/100: OK (time=1.4680s)
    Rep 37/100: OK (time=2.0552s)
    Rep 38/100: OK (time=2.5254s)
    Rep 39/100: OK (time=1.3000s)
    Rep 40/100: OK (time=0.8829s)
    Rep 41/100: OK (time=5.9665s)
    Rep 42/100: OK (time=5.7816s)
    Rep 43/100: OK (time=1.4159s)
    Rep 44/100: OK (time=1.9878s)
    Rep 45/100: OK (time=2.1437s)
