
================================================================
[Fri 04/03/2026  8:43:43.00] Timeout comparison start
Detailed logs: logs\timeout_comparison\timeout_orchestrator.log
                logs\timeout_comparison\timeout_alg0.log  (ACO)
                logs\timeout_comparison\timeout_alg2.log  (CP-DCM-ACO)
================================================================

================================================================
[Sat 04/04/2026  0:08:05.04] Timeout comparison start
Detailed logs: logs\timeout_comparison\timeout_orchestrator.log
                logs\timeout_comparison\timeout_alg0.log  (ACO)
                logs\timeout_comparison\timeout_alg2.log  (CP-DCM-ACO)
================================================================

================================================================
[Sat 04/04/2026 12:51:15.32] Timeout comparison start
Detailed logs: logs\timeout_comparison\timeout_orchestrator.log
                logs\timeout_comparison\timeout_alg0.log  (ACO)
                logs\timeout_comparison\timeout_alg2.log  (CP-DCM-ACO)
================================================================

================================================================
[Sat 04/04/2026 20:49:37.88] Timeout comparison start
Detailed logs: logs\timeout_comparison\timeout_orchestrator.log
                logs\timeout_comparison\timeout_alg0.log  (ACO)
                logs\timeout_comparison\timeout_alg2.log  (CP-DCM-ACO)
================================================================

================================================================
[Sat 04/04/2026 23:50:53.47] Timeout comparison start
Detailed logs: logs\timeout_comparison\timeout_orchestrator.log
                logs\timeout_comparison\timeout_alg0.log  (ACO)
                logs\timeout_comparison\timeout_alg2.log  (CP-DCM-ACO)
================================================================
[Sat 04/04/2026 23:52:21.63] Timeout comparison end exit_code=

================================================================
[Sun 04/05/2026  0:03:15.75] Timeout comparison start
Detailed logs: logs\timeout_comparison\timeout_orchestrator.log
                logs\timeout_comparison\timeout_alg0.log  (ACO)
                logs\timeout_comparison\timeout_alg2.log  (CP-DCM-ACO)
================================================================
[Sun 04/05/2026  0:04:04.83] Timeout comparison end exit_code=

================================================================
[Sun 04/05/2026  0:04:27.03] Timeout comparison start
Detailed logs: logs\timeout_comparison\timeout_orchestrator.log
                logs\timeout_comparison\timeout_alg0.log  (ACO)
                logs\timeout_comparison\timeout_alg2.log  (CP-DCM-ACO)
================================================================
[Sun 04/05/2026  0:05:17.24] Timeout comparison end exit_code=

================================================================
[Sun 04/05/2026  0:09:13.95] Timeout comparison start
Detailed logs: logs\timeout_comparison\timeout_orchestrator.log
                logs\timeout_comparison\timeout_alg0.log  (ACO)
                logs\timeout_comparison\timeout_alg2.log  (CP-DCM-ACO)
================================================================

================================================================
[Sun 04/05/2026  5:59:41.22] Timeout comparison start
Detailed logs: logs\timeout_comparison\timeout_orchestrator.log
                logs\timeout_comparison\timeout_alg0.log  (ACO)
                logs\timeout_comparison\timeout_alg2.log  (CP-DCM-ACO)
================================================================

================================================================
[Sun 04/05/2026  6:01:24.84] Timeout comparison start
Detailed logs: logs\timeout_comparison\timeout_orchestrator.log
                logs\timeout_comparison\timeout_alg0.log  (ACO)
                logs\timeout_comparison\timeout_alg2.log  (CP-DCM-ACO)
================================================================

================================================================
[Mon 04/06/2026 13:50:09.67] Timeout comparison start
Detailed logs: logs\timeout_comparison\timeout_orchestrator.log
                logs\timeout_comparison\timeout_alg0.log  (ACO)
                logs\timeout_comparison\timeout_alg2.log  (CP-DCM-ACO)
================================================================

================================================================
[Tue 04/07/2026  0:13:47.60] Timeout comparison start
Detailed logs: logs\timeout_comparison\timeout_orchestrator.log
                logs\timeout_comparison\timeout_alg0.log  (ACO)
                logs\timeout_comparison\timeout_alg2.log  (CP-DCM-ACO)
================================================================

================================================================
[Tue 04/07/2026  7:38:19.87] Timeout comparison start
Detailed logs: logs\timeout_comparison\timeout_orchestrator.log
                logs\timeout_comparison\timeout_alg0.log  (ACO)
                logs\timeout_comparison\timeout_alg2.log  (CP-DCM-ACO)
================================================================
[Tue 04/07/2026  8:07:37.12] Timeout comparison end exit_code=

================================================================
[Tue 04/07/2026  8:07:45.29] Timeout comparison start
Detailed logs: logs\timeout_comparison\timeout_orchestrator.log
                logs\timeout_comparison\timeout_alg0.log  (ACO)
                logs\timeout_comparison\timeout_alg2.log  (CP-DCM-ACO)
================================================================

================================================================
[Wed 04/08/2026  0:07:36.35] Timeout comparison start
Detailed logs: logs\timeout_comparison\timeout_orchestrator.log
                logs\timeout_comparison\timeout_alg0.log  (ACO)
                logs\timeout_comparison\timeout_alg2.log  (CP-DCM-ACO)
================================================================
