
========================================================================
[2026-04-03 08:43:43] ORCHESTRATOR — parallel parent
========================================================================
[ORCHESTRATOR] Parallel timeout mode: 4 worker(s)/algorithm, 8 total process(es) per (size, timeout) phase.

[ORCHESTRATOR] Phase start — puzzle=9x9 timeout=1s — launching 2 algorithm(s) × 4 worker(s) each
[ORCHESTRATOR] Spawn ACO (alg=0) worker 1/4 pid pending…
[ORCHESTRATOR] Spawn ACO (alg=0) worker 2/4 pid pending…
[ORCHESTRATOR] Spawn ACO (alg=0) worker 3/4 pid pending…
[ORCHESTRATOR] Spawn ACO (alg=0) worker 4/4 pid pending…
[ORCHESTRATOR] Spawn CP-DCM-ACO (alg=2) worker 1/4 pid pending…
[ORCHESTRATOR] Spawn CP-DCM-ACO (alg=2) worker 2/4 pid pending…
[ORCHESTRATOR] Spawn CP-DCM-ACO (alg=2) worker 3/4 pid pending…
[ORCHESTRATOR] Spawn CP-DCM-ACO (alg=2) worker 4/4 pid pending…
[ORCHESTRATOR] Phase complete — puzzle=9x9 timeout=1s

[ORCHESTRATOR] Phase start — puzzle=9x9 timeout=3s — launching 2 algorithm(s) × 4 worker(s) each
[ORCHESTRATOR] Spawn ACO (alg=0) worker 1/4 pid pending…
[ORCHESTRATOR] Spawn ACO (alg=0) worker 2/4 pid pending…
[ORCHESTRATOR] Spawn ACO (alg=0) worker 3/4 pid pending…
[ORCHESTRATOR] Spawn ACO (alg=0) worker 4/4 pid pending…
[ORCHESTRATOR] Spawn CP-DCM-ACO (alg=2) worker 1/4 pid pending…
[ORCHESTRATOR] Spawn CP-DCM-ACO (alg=2) worker 2/4 pid pending…
[ORCHESTRATOR] Spawn CP-DCM-ACO (alg=2) worker 3/4 pid pending…
[ORCHESTRATOR] Spawn CP-DCM-ACO (alg=2) worker 4/4 pid pending…
[ORCHESTRATOR] Phase complete — puzzle=9x9 timeout=3s

[ORCHESTRATOR] Phase start — puzzle=9x9 timeout=7s — launching 2 algorithm(s) × 4 worker(s) each
[ORCHESTRATOR] Spawn ACO (alg=0) worker 1/4 pid pending…
[ORCHESTRATOR] Spawn ACO (alg=0) worker 2/4 pid pending…
[ORCHESTRATOR] Spawn ACO (alg=0) worker 3/4 pid pending…
[ORCHESTRATOR] Spawn ACO (alg=0) worker 4/4 pid pending…
[ORCHESTRATOR] Spawn CP-DCM-ACO (alg=2) worker 1/4 pid pending…
[ORCHESTRATOR] Spawn CP-DCM-ACO (alg=2) worker 2/4 pid pending…
[ORCHESTRATOR] Spawn CP-DCM-ACO (alg=2) worker 3/4 pid pending…
[ORCHESTRATOR] Spawn CP-DCM-ACO (alg=2) worker 4/4 pid pending…
[ORCHESTRATOR] Phase complete — puzzle=9x9 timeout=7s

[ORCHESTRATOR] Phase start — puzzle=9x9 timeout=9s — launching 2 algorithm(s) × 4 worker(s) each
[ORCHESTRATOR] Spawn ACO (alg=0) worker 1/4 pid pending…
[ORCHESTRATOR] Spawn ACO (alg=0) worker 2/4 pid pending…
[ORCHESTRATOR] Spawn ACO (alg=0) worker 3/4 pid pending…
[ORCHESTRATOR] Spawn ACO (alg=0) worker 4/4 pid pending…
[ORCHESTRATOR] Spawn CP-DCM-ACO (alg=2) worker 1/4 pid pending…
[ORCHESTRATOR] Spawn CP-DCM-ACO (alg=2) worker 2/4 pid pending…
[ORCHESTRATOR] Spawn CP-DCM-ACO (alg=2) worker 3/4 pid pending…
[ORCHESTRATOR] Spawn CP-DCM-ACO (alg=2) worker 4/4 pid pending…
[ORCHESTRATOR] Phase complete — puzzle=9x9 timeout=9s

[ORCHESTRATOR] Phase start — puzzle=16x16 timeout=10s — launching 2 algorithm(s) × 4 worker(s) each
[ORCHESTRATOR] Spawn ACO (alg=0) worker 1/4 pid pending…
[ORCHESTRATOR] Spawn ACO (alg=0) worker 2/4 pid pending…
[ORCHESTRATOR] Spawn ACO (alg=0) worker 3/4 pid pending…
[ORCHESTRATOR] Spawn ACO (alg=0) worker 4/4 pid pending…
[ORCHESTRATOR] Spawn CP-DCM-ACO (alg=2) worker 1/4 pid pending…
[ORCHESTRATOR] Spawn CP-DCM-ACO (alg=2) worker 2/4 pid pending…
[ORCHESTRATOR] Spawn CP-DCM-ACO (alg=2) worker 3/4 pid pending…
[ORCHESTRATOR] Spawn CP-DCM-ACO (alg=2) worker 4/4 pid pending…
[ORCHESTRATOR] Phase complete — puzzle=16x16 timeout=10s

[ORCHESTRATOR] Phase start — puzzle=16x16 timeout=15s — launching 2 algorithm(s) × 4 worker(s) each
[ORCHESTRATOR] Spawn ACO (alg=0) worker 1/4 pid pending…
[ORCHESTRATOR] Spawn ACO (alg=0) worker 2/4 pid pending…
[ORCHESTRATOR] Spawn ACO (alg=0) worker 3/4 pid pending…
[ORCHESTRATOR] Spawn ACO (alg=0) worker 4/4 pid pending…
[ORCHESTRATOR] Spawn CP-DCM-ACO (alg=2) worker 1/4 pid pending…
[ORCHESTRATOR] Spawn CP-DCM-ACO (alg=2) worker 2/4 pid pending…
[ORCHESTRATOR] Spawn CP-DCM-ACO (alg=2) worker 3/4 pid pending…
[ORCHESTRATOR] Spawn CP-DCM-ACO (alg=2) worker 4/4 pid pending…
[ORCHESTRATOR] Phase complete — puzzle=16x16 timeout=15s

[ORCHESTRATOR] Phase start — puzzle=16x16 timeout=25s — launching 2 algorithm(s) × 4 worker(s) each
[ORCHESTRATOR] Spawn ACO (alg=0) worker 1/4 pid pending…
[ORCHESTRATOR] Spawn ACO (alg=0) worker 2/4 pid pending…
[ORCHESTRATOR] Spawn ACO (alg=0) worker 3/4 pid pending…
[ORCHESTRATOR] Spawn ACO (alg=0) worker 4/4 pid pending…
[ORCHESTRATOR] Spawn CP-DCM-ACO (alg=2) worker 1/4 pid pending…
[ORCHESTRATOR] Spawn CP-DCM-ACO (alg=2) worker 2/4 pid pending…
[ORCHESTRATOR] Spawn CP-DCM-ACO (alg=2) worker 3/4 pid pending…
[ORCHESTRATOR] Spawn CP-DCM-ACO (alg=2) worker 4/4 pid pending…
[ORCHESTRATOR] Phase complete — puzzle=16x16 timeout=25s

[ORCHESTRATOR] Phase start — puzzle=16x16 timeout=30s — launching 2 algorithm(s) × 4 worker(s) each
[ORCHESTRATOR] Spawn ACO (alg=0) worker 1/4 pid pending…
[ORCHESTRATOR] Spawn ACO (alg=0) worker 2/4 pid pending…
[ORCHESTRATOR] Spawn ACO (alg=0) worker 3/4 pid pending…
[ORCHESTRATOR] Spawn ACO (alg=0) worker 4/4 pid pending…
[ORCHESTRATOR] Spawn CP-DCM-ACO (alg=2) worker 1/4 pid pending…
[ORCHESTRATOR] Spawn CP-DCM-ACO (alg=2) worker 2/4 pid pending…
[ORCHESTRATOR] Spawn CP-DCM-ACO (alg=2) worker 3/4 pid pending…
[ORCHESTRATOR] Spawn CP-DCM-ACO (alg=2) worker 4/4 pid pending…
[ORCHESTRATOR] Phase complete — puzzle=16x16 timeout=30s

[ORCHESTRATOR] Phase start — puzzle=25x25 timeout=60s — launching 2 algorithm(s) × 4 worker(s) each
[ORCHESTRATOR] Spawn ACO (alg=0) worker 1/4 pid pending…
[ORCHESTRATOR] Spawn ACO (alg=0) worker 2/4 pid pending…
[ORCHESTRATOR] Spawn ACO (alg=0) worker 3/4 pid pending…
[ORCHESTRATOR] Spawn ACO (alg=0) worker 4/4 pid pending…
[ORCHESTRATOR] Spawn CP-DCM-ACO (alg=2) worker 1/4 pid pending…
[ORCHESTRATOR] Spawn CP-DCM-ACO (alg=2) worker 2/4 pid pending…
[ORCHESTRATOR] Spawn CP-DCM-ACO (alg=2) worker 3/4 pid pending…
[ORCHESTRATOR] Spawn CP-DCM-ACO (alg=2) worker 4/4 pid pending…

========================================================================
[2026-04-04 00:08:06] ORCHESTRATOR — parallel parent
========================================================================
[ORCHESTRATOR] Parallel timeout transfer mode: 4 worker(s)/algorithm, 8 total process(es) per (size, timeout) phase.

[ORCHESTRATOR] Phase start — puzzle=9x9 timeout=1s — launching 8 workers (first-alg + second-alg switching)
[ORCHESTRATOR] Spawn ACO (alg=0) worker 1/8 pid pending… (then alg=2)
[ORCHESTRATOR] Spawn CP-DCM-ACO (alg=2) worker 2/8 pid pending… (then alg=0)
[ORCHESTRATOR] Spawn ACO (alg=0) worker 3/8 pid pending… (then alg=2)
[ORCHESTRATOR] Spawn CP-DCM-ACO (alg=2) worker 4/8 pid pending… (then alg=0)
[ORCHESTRATOR] Spawn ACO (alg=0) worker 5/8 pid pending… (then alg=2)
[ORCHESTRATOR] Spawn CP-DCM-ACO (alg=2) worker 6/8 pid pending… (then alg=0)
[ORCHESTRATOR] Spawn ACO (alg=0) worker 7/8 pid pending… (then alg=2)
[ORCHESTRATOR] Spawn CP-DCM-ACO (alg=2) worker 8/8 pid pending… (then alg=0)
[ORCHESTRATOR] Phase complete — puzzle=9x9 timeout=1s

[ORCHESTRATOR] Phase start — puzzle=9x9 timeout=3s — launching 8 workers (first-alg + second-alg switching)
[ORCHESTRATOR] Spawn ACO (alg=0) worker 1/8 pid pending… (then alg=2)
[ORCHESTRATOR] Spawn CP-DCM-ACO (alg=2) worker 2/8 pid pending… (then alg=0)
[ORCHESTRATOR] Spawn ACO (alg=0) worker 3/8 pid pending… (then alg=2)
[ORCHESTRATOR] Spawn CP-DCM-ACO (alg=2) worker 4/8 pid pending… (then alg=0)
[ORCHESTRATOR] Spawn ACO (alg=0) worker 5/8 pid pending… (then alg=2)
[ORCHESTRATOR] Spawn CP-DCM-ACO (alg=2) worker 6/8 pid pending… (then alg=0)
[ORCHESTRATOR] Spawn ACO (alg=0) worker 7/8 pid pending… (then alg=2)
[ORCHESTRATOR] Spawn CP-DCM-ACO (alg=2) worker 8/8 pid pending… (then alg=0)
[ORCHESTRATOR] Phase complete — puzzle=9x9 timeout=3s

[ORCHESTRATOR] Phase start — puzzle=9x9 timeout=7s — launching 8 workers (first-alg + second-alg switching)
[ORCHESTRATOR] Spawn ACO (alg=0) worker 1/8 pid pending… (then alg=2)
[ORCHESTRATOR] Spawn CP-DCM-ACO (alg=2) worker 2/8 pid pending… (then alg=0)
[ORCHESTRATOR] Spawn ACO (alg=0) worker 3/8 pid pending… (then alg=2)
[ORCHESTRATOR] Spawn CP-DCM-ACO (alg=2) worker 4/8 pid pending… (then alg=0)
[ORCHESTRATOR] Spawn ACO (alg=0) worker 5/8 pid pending… (then alg=2)
[ORCHESTRATOR] Spawn CP-DCM-ACO (alg=2) worker 6/8 pid pending… (then alg=0)
[ORCHESTRATOR] Spawn ACO (alg=0) worker 7/8 pid pending… (then alg=2)
[ORCHESTRATOR] Spawn CP-DCM-ACO (alg=2) worker 8/8 pid pending… (then alg=0)
[ORCHESTRATOR] Phase complete — puzzle=9x9 timeout=7s

[ORCHESTRATOR] Phase start — puzzle=9x9 timeout=9s — launching 8 workers (first-alg + second-alg switching)
[ORCHESTRATOR] Spawn ACO (alg=0) worker 1/8 pid pending… (then alg=2)
[ORCHESTRATOR] Spawn CP-DCM-ACO (alg=2) worker 2/8 pid pending… (then alg=0)
[ORCHESTRATOR] Spawn ACO (alg=0) worker 3/8 pid pending… (then alg=2)
[ORCHESTRATOR] Spawn CP-DCM-ACO (alg=2) worker 4/8 pid pending… (then alg=0)
[ORCHESTRATOR] Spawn ACO (alg=0) worker 5/8 pid pending… (then alg=2)
[ORCHESTRATOR] Spawn CP-DCM-ACO (alg=2) worker 6/8 pid pending… (then alg=0)
[ORCHESTRATOR] Spawn ACO (alg=0) worker 7/8 pid pending… (then alg=2)
[ORCHESTRATOR] Spawn CP-DCM-ACO (alg=2) worker 8/8 pid pending… (then alg=0)
[ORCHESTRATOR] Phase complete — puzzle=9x9 timeout=9s

[ORCHESTRATOR] Phase start — puzzle=16x16 timeout=10s — launching 8 workers (first-alg + second-alg switching)
[ORCHESTRATOR] Spawn ACO (alg=0) worker 1/8 pid pending… (then alg=2)
[ORCHESTRATOR] Spawn CP-DCM-ACO (alg=2) worker 2/8 pid pending… (then alg=0)
[ORCHESTRATOR] Spawn ACO (alg=0) worker 3/8 pid pending… (then alg=2)
[ORCHESTRATOR] Spawn CP-DCM-ACO (alg=2) worker 4/8 pid pending… (then alg=0)
[ORCHESTRATOR] Spawn ACO (alg=0) worker 5/8 pid pending… (then alg=2)
[ORCHESTRATOR] Spawn CP-DCM-ACO (alg=2) worker 6/8 pid pending… (then alg=0)
[ORCHESTRATOR] Spawn ACO (alg=0) worker 7/8 pid pending… (then alg=2)
[ORCHESTRATOR] Spawn CP-DCM-ACO (alg=2) worker 8/8 pid pending… (then alg=0)
[ORCHESTRATOR] Phase complete — puzzle=16x16 timeout=10s

[ORCHESTRATOR] Phase start — puzzle=16x16 timeout=15s — launching 8 workers (first-alg + second-alg switching)
[ORCHESTRATOR] Spawn ACO (alg=0) worker 1/8 pid pending… (then alg=2)
[ORCHESTRATOR] Spawn CP-DCM-ACO (alg=2) worker 2/8 pid pending… (then alg=0)
[ORCHESTRATOR] Spawn ACO (alg=0) worker 3/8 pid pending… (then alg=2)
[ORCHESTRATOR] Spawn CP-DCM-ACO (alg=2) worker 4/8 pid pending… (then alg=0)
[ORCHESTRATOR] Spawn ACO (alg=0) worker 5/8 pid pending… (then alg=2)
[ORCHESTRATOR] Spawn CP-DCM-ACO (alg=2) worker 6/8 pid pending… (then alg=0)
[ORCHESTRATOR] Spawn ACO (alg=0) worker 7/8 pid pending… (then alg=2)
[ORCHESTRATOR] Spawn CP-DCM-ACO (alg=2) worker 8/8 pid pending… (then alg=0)
[ORCHESTRATOR] Phase complete — puzzle=16x16 timeout=15s

[ORCHESTRATOR] Phase start — puzzle=16x16 timeout=25s — launching 8 workers (first-alg + second-alg switching)
[ORCHESTRATOR] Spawn ACO (alg=0) worker 1/8 pid pending… (then alg=2)
[ORCHESTRATOR] Spawn CP-DCM-ACO (alg=2) worker 2/8 pid pending… (then alg=0)
[ORCHESTRATOR] Spawn ACO (alg=0) worker 3/8 pid pending… (then alg=2)
[ORCHESTRATOR] Spawn CP-DCM-ACO (alg=2) worker 4/8 pid pending… (then alg=0)
[ORCHESTRATOR] Spawn ACO (alg=0) worker 5/8 pid pending… (then alg=2)
[ORCHESTRATOR] Spawn CP-DCM-ACO (alg=2) worker 6/8 pid pending… (then alg=0)
[ORCHESTRATOR] Spawn ACO (alg=0) worker 7/8 pid pending… (then alg=2)
[ORCHESTRATOR] Spawn CP-DCM-ACO (alg=2) worker 8/8 pid pending… (then alg=0)
[ORCHESTRATOR] Phase complete — puzzle=16x16 timeout=25s

[ORCHESTRATOR] Phase start — puzzle=16x16 timeout=30s — launching 8 workers (first-alg + second-alg switching)
[ORCHESTRATOR] Spawn ACO (alg=0) worker 1/8 pid pending… (then alg=2)
[ORCHESTRATOR] Spawn CP-DCM-ACO (alg=2) worker 2/8 pid pending… (then alg=0)
[ORCHESTRATOR] Spawn ACO (alg=0) worker 3/8 pid pending… (then alg=2)
[ORCHESTRATOR] Spawn CP-DCM-ACO (alg=2) worker 4/8 pid pending… (then alg=0)
[ORCHESTRATOR] Spawn ACO (alg=0) worker 5/8 pid pending… (then alg=2)
[ORCHESTRATOR] Spawn CP-DCM-ACO (alg=2) worker 6/8 pid pending… (then alg=0)
[ORCHESTRATOR] Spawn ACO (alg=0) worker 7/8 pid pending… (then alg=2)
[ORCHESTRATOR] Spawn CP-DCM-ACO (alg=2) worker 8/8 pid pending… (then alg=0)
[ORCHESTRATOR] Phase complete — puzzle=16x16 timeout=30s

[ORCHESTRATOR] Phase start — puzzle=25x25 timeout=60s — launching 8 workers (first-alg + second-alg switching)
[ORCHESTRATOR] Spawn ACO (alg=0) worker 1/8 pid pending… (then alg=2)
[ORCHESTRATOR] Spawn CP-DCM-ACO (alg=2) worker 2/8 pid pending… (then alg=0)
[ORCHESTRATOR] Spawn ACO (alg=0) worker 3/8 pid pending… (then alg=2)
[ORCHESTRATOR] Spawn CP-DCM-ACO (alg=2) worker 4/8 pid pending… (then alg=0)
[ORCHESTRATOR] Spawn ACO (alg=0) worker 5/8 pid pending… (then alg=2)
[ORCHESTRATOR] Spawn CP-DCM-ACO (alg=2) worker 6/8 pid pending… (then alg=0)
[ORCHESTRATOR] Spawn ACO (alg=0) worker 7/8 pid pending… (then alg=2)
[ORCHESTRATOR] Spawn CP-DCM-ACO (alg=2) worker 8/8 pid pending… (then alg=0)
[ORCHESTRATOR] Phase complete — puzzle=25x25 timeout=60s

[ORCHESTRATOR] Phase start — puzzle=25x25 timeout=90s — launching 8 workers (first-alg + second-alg switching)
[ORCHESTRATOR] Spawn ACO (alg=0) worker 1/8 pid pending… (then alg=2)
[ORCHESTRATOR] Spawn CP-DCM-ACO (alg=2) worker 2/8 pid pending… (then alg=0)
[ORCHESTRATOR] Spawn ACO (alg=0) worker 3/8 pid pending… (then alg=2)
[ORCHESTRATOR] Spawn CP-DCM-ACO (alg=2) worker 4/8 pid pending… (then alg=0)
[ORCHESTRATOR] Spawn ACO (alg=0) worker 5/8 pid pending… (then alg=2)
[ORCHESTRATOR] Spawn CP-DCM-ACO (alg=2) worker 6/8 pid pending… (then alg=0)
[ORCHESTRATOR] Spawn ACO (alg=0) worker 7/8 pid pending… (then alg=2)
[ORCHESTRATOR] Spawn CP-DCM-ACO (alg=2) worker 8/8 pid pending… (then alg=0)

========================================================================
[2026-04-04 12:51:18] ORCHESTRATOR — parallel parent
========================================================================
[ORCHESTRATOR] Parallel timeout mode: 4 worker(s)/algorithm, 8 total process(es) per (size, timeout) phase.

[ORCHESTRATOR] Phase start — puzzle=9x9 timeout=1s — starting 4 workers per algorithm
[ORCHESTRATOR] Spawn ACO (alg=0) worker 1/4 [initial]
[ORCHESTRATOR] Spawn ACO (alg=0) worker 2/4 [initial]
[ORCHESTRATOR] Spawn ACO (alg=0) worker 3/4 [initial]
[ORCHESTRATOR] Spawn ACO (alg=0) worker 4/4 [initial]
[ORCHESTRATOR] Spawn CP-DCM-ACO (alg=2) worker 1/4 [initial]
[ORCHESTRATOR] Spawn CP-DCM-ACO (alg=2) worker 2/4 [initial]
[ORCHESTRATOR] Spawn CP-DCM-ACO (alg=2) worker 3/4 [initial]
[ORCHESTRATOR] Spawn CP-DCM-ACO (alg=2) worker 4/4 [initial]
[ORCHESTRATOR] Transfer triggered: alg=2 fully complete; expanding unfinished alg=0 to all workers.
[ORCHESTRATOR] Spawn ACO (alg=0) worker 1/8 [transfer_from_alg2]
[ORCHESTRATOR] Spawn ACO (alg=0) worker 2/8 [transfer_from_alg2]
[ORCHESTRATOR] Spawn ACO (alg=0) worker 3/8 [transfer_from_alg2]
[ORCHESTRATOR] Spawn ACO (alg=0) worker 4/8 [transfer_from_alg2]
[ORCHESTRATOR] Spawn ACO (alg=0) worker 5/8 [transfer_from_alg2]
[ORCHESTRATOR] Spawn ACO (alg=0) worker 6/8 [transfer_from_alg2]
[ORCHESTRATOR] Spawn ACO (alg=0) worker 7/8 [transfer_from_alg2]
[ORCHESTRATOR] Spawn ACO (alg=0) worker 8/8 [transfer_from_alg2]
[ORCHESTRATOR] Phase complete — puzzle=9x9 timeout=1s

[ORCHESTRATOR] Phase start — puzzle=9x9 timeout=3s — starting 4 workers per algorithm
[ORCHESTRATOR] Spawn ACO (alg=0) worker 1/4 [initial]
[ORCHESTRATOR] Spawn ACO (alg=0) worker 2/4 [initial]
[ORCHESTRATOR] Spawn ACO (alg=0) worker 3/4 [initial]
[ORCHESTRATOR] Spawn ACO (alg=0) worker 4/4 [initial]
[ORCHESTRATOR] Spawn CP-DCM-ACO (alg=2) worker 1/4 [initial]
[ORCHESTRATOR] Spawn CP-DCM-ACO (alg=2) worker 2/4 [initial]
[ORCHESTRATOR] Spawn CP-DCM-ACO (alg=2) worker 3/4 [initial]
[ORCHESTRATOR] Spawn CP-DCM-ACO (alg=2) worker 4/4 [initial]
[ORCHESTRATOR] Transfer triggered: alg=0 fully complete; expanding unfinished alg=2 to all workers.
[ORCHESTRATOR] Spawn CP-DCM-ACO (alg=2) worker 1/8 [transfer_from_alg0]
[ORCHESTRATOR] Spawn CP-DCM-ACO (alg=2) worker 2/8 [transfer_from_alg0]
[ORCHESTRATOR] Spawn CP-DCM-ACO (alg=2) worker 3/8 [transfer_from_alg0]
[ORCHESTRATOR] Spawn CP-DCM-ACO (alg=2) worker 4/8 [transfer_from_alg0]
[ORCHESTRATOR] Spawn CP-DCM-ACO (alg=2) worker 5/8 [transfer_from_alg0]
[ORCHESTRATOR] Spawn CP-DCM-ACO (alg=2) worker 6/8 [transfer_from_alg0]
[ORCHESTRATOR] Spawn CP-DCM-ACO (alg=2) worker 7/8 [transfer_from_alg0]
[ORCHESTRATOR] Spawn CP-DCM-ACO (alg=2) worker 8/8 [transfer_from_alg0]
[ORCHESTRATOR] Phase complete — puzzle=9x9 timeout=3s

[ORCHESTRATOR] Phase start — puzzle=9x9 timeout=7s — starting 4 workers per algorithm
[ORCHESTRATOR] Spawn ACO (alg=0) worker 1/4 [initial]
[ORCHESTRATOR] Spawn ACO (alg=0) worker 2/4 [initial]
[ORCHESTRATOR] Spawn ACO (alg=0) worker 3/4 [initial]
[ORCHESTRATOR] Spawn ACO (alg=0) worker 4/4 [initial]
[ORCHESTRATOR] Spawn CP-DCM-ACO (alg=2) worker 1/4 [initial]
[ORCHESTRATOR] Spawn CP-DCM-ACO (alg=2) worker 2/4 [initial]
[ORCHESTRATOR] Spawn CP-DCM-ACO (alg=2) worker 3/4 [initial]
[ORCHESTRATOR] Spawn CP-DCM-ACO (alg=2) worker 4/4 [initial]
[ORCHESTRATOR] Both algorithms already complete; no transfer needed.
[ORCHESTRATOR] Phase complete — puzzle=9x9 timeout=7s

[ORCHESTRATOR] Phase start — puzzle=9x9 timeout=9s — starting 4 workers per algorithm
[ORCHESTRATOR] Spawn ACO (alg=0) worker 1/4 [initial]
[ORCHESTRATOR] Spawn ACO (alg=0) worker 2/4 [initial]
[ORCHESTRATOR] Spawn ACO (alg=0) worker 3/4 [initial]
[ORCHESTRATOR] Spawn ACO (alg=0) worker 4/4 [initial]
[ORCHESTRATOR] Spawn CP-DCM-ACO (alg=2) worker 1/4 [initial]
[ORCHESTRATOR] Spawn CP-DCM-ACO (alg=2) worker 2/4 [initial]
[ORCHESTRATOR] Spawn CP-DCM-ACO (alg=2) worker 3/4 [initial]
[ORCHESTRATOR] Spawn CP-DCM-ACO (alg=2) worker 4/4 [initial]
[ORCHESTRATOR] Both algorithms already complete; no transfer needed.
[ORCHESTRATOR] Phase complete — puzzle=9x9 timeout=9s

[ORCHESTRATOR] Phase start — puzzle=16x16 timeout=10s — starting 4 workers per algorithm
[ORCHESTRATOR] Spawn ACO (alg=0) worker 1/4 [initial]
[ORCHESTRATOR] Spawn ACO (alg=0) worker 2/4 [initial]
[ORCHESTRATOR] Spawn ACO (alg=0) worker 3/4 [initial]
[ORCHESTRATOR] Spawn ACO (alg=0) worker 4/4 [initial]
[ORCHESTRATOR] Spawn CP-DCM-ACO (alg=2) worker 1/4 [initial]
[ORCHESTRATOR] Spawn CP-DCM-ACO (alg=2) worker 2/4 [initial]
[ORCHESTRATOR] Spawn CP-DCM-ACO (alg=2) worker 3/4 [initial]
[ORCHESTRATOR] Spawn CP-DCM-ACO (alg=2) worker 4/4 [initial]
[ORCHESTRATOR] Transfer triggered: alg=0 fully complete; expanding unfinished alg=2 to all workers.
[ORCHESTRATOR] Spawn CP-DCM-ACO (alg=2) worker 1/8 [transfer_from_alg0]
[ORCHESTRATOR] Spawn CP-DCM-ACO (alg=2) worker 2/8 [transfer_from_alg0]
[ORCHESTRATOR] Spawn CP-DCM-ACO (alg=2) worker 3/8 [transfer_from_alg0]
[ORCHESTRATOR] Spawn CP-DCM-ACO (alg=2) worker 4/8 [transfer_from_alg0]
[ORCHESTRATOR] Spawn CP-DCM-ACO (alg=2) worker 5/8 [transfer_from_alg0]
[ORCHESTRATOR] Spawn CP-DCM-ACO (alg=2) worker 6/8 [transfer_from_alg0]
[ORCHESTRATOR] Spawn CP-DCM-ACO (alg=2) worker 7/8 [transfer_from_alg0]
[ORCHESTRATOR] Spawn CP-DCM-ACO (alg=2) worker 8/8 [transfer_from_alg0]
[ORCHESTRATOR] Phase complete — puzzle=16x16 timeout=10s

[ORCHESTRATOR] Phase start — puzzle=16x16 timeout=15s — starting 4 workers per algorithm
[ORCHESTRATOR] Spawn ACO (alg=0) worker 1/4 [initial]
[ORCHESTRATOR] Spawn ACO (alg=0) worker 2/4 [initial]
[ORCHESTRATOR] Spawn ACO (alg=0) worker 3/4 [initial]
[ORCHESTRATOR] Spawn ACO (alg=0) worker 4/4 [initial]
[ORCHESTRATOR] Spawn CP-DCM-ACO (alg=2) worker 1/4 [initial]
[ORCHESTRATOR] Spawn CP-DCM-ACO (alg=2) worker 2/4 [initial]
[ORCHESTRATOR] Spawn CP-DCM-ACO (alg=2) worker 3/4 [initial]
[ORCHESTRATOR] Spawn CP-DCM-ACO (alg=2) worker 4/4 [initial]
[ORCHESTRATOR] Transfer triggered: alg=2 fully complete; expanding unfinished alg=0 to all workers.
[ORCHESTRATOR] Spawn ACO (alg=0) worker 1/8 [transfer_from_alg2]
[ORCHESTRATOR] Spawn ACO (alg=0) worker 2/8 [transfer_from_alg2]
[ORCHESTRATOR] Spawn ACO (alg=0) worker 3/8 [transfer_from_alg2]
[ORCHESTRATOR] Spawn ACO (alg=0) worker 4/8 [transfer_from_alg2]
[ORCHESTRATOR] Spawn ACO (alg=0) worker 5/8 [transfer_from_alg2]
[ORCHESTRATOR] Spawn ACO (alg=0) worker 6/8 [transfer_from_alg2]
[ORCHESTRATOR] Spawn ACO (alg=0) worker 7/8 [transfer_from_alg2]
[ORCHESTRATOR] Spawn ACO (alg=0) worker 8/8 [transfer_from_alg2]
[ORCHESTRATOR] Phase complete — puzzle=16x16 timeout=15s

[ORCHESTRATOR] Phase start — puzzle=16x16 timeout=25s — starting 4 workers per algorithm
[ORCHESTRATOR] Spawn ACO (alg=0) worker 1/4 [initial]
[ORCHESTRATOR] Spawn ACO (alg=0) worker 2/4 [initial]
[ORCHESTRATOR] Spawn ACO (alg=0) worker 3/4 [initial]
[ORCHESTRATOR] Spawn ACO (alg=0) worker 4/4 [initial]
[ORCHESTRATOR] Spawn CP-DCM-ACO (alg=2) worker 1/4 [initial]
[ORCHESTRATOR] Spawn CP-DCM-ACO (alg=2) worker 2/4 [initial]
[ORCHESTRATOR] Spawn CP-DCM-ACO (alg=2) worker 3/4 [initial]
[ORCHESTRATOR] Spawn CP-DCM-ACO (alg=2) worker 4/4 [initial]
[ORCHESTRATOR] Both algorithms already complete; no transfer needed.
[ORCHESTRATOR] Phase complete — puzzle=16x16 timeout=25s

[ORCHESTRATOR] Phase start — puzzle=16x16 timeout=30s — starting 4 workers per algorithm
[ORCHESTRATOR] Spawn ACO (alg=0) worker 1/4 [initial]
[ORCHESTRATOR] Spawn ACO (alg=0) worker 2/4 [initial]
[ORCHESTRATOR] Spawn ACO (alg=0) worker 3/4 [initial]
[ORCHESTRATOR] Spawn ACO (alg=0) worker 4/4 [initial]
[ORCHESTRATOR] Spawn CP-DCM-ACO (alg=2) worker 1/4 [initial]
[ORCHESTRATOR] Spawn CP-DCM-ACO (alg=2) worker 2/4 [initial]
[ORCHESTRATOR] Spawn CP-DCM-ACO (alg=2) worker 3/4 [initial]
[ORCHESTRATOR] Spawn CP-DCM-ACO (alg=2) worker 4/4 [initial]
[ORCHESTRATOR] Both algorithms already complete; no transfer needed.
[ORCHESTRATOR] Phase complete — puzzle=16x16 timeout=30s

[ORCHESTRATOR] Phase start — puzzle=25x25 timeout=60s — starting 4 workers per algorithm
[ORCHESTRATOR] Spawn ACO (alg=0) worker 1/4 [initial]
[ORCHESTRATOR] Spawn ACO (alg=0) worker 2/4 [initial]
[ORCHESTRATOR] Spawn ACO (alg=0) worker 3/4 [initial]
[ORCHESTRATOR] Spawn ACO (alg=0) worker 4/4 [initial]
[ORCHESTRATOR] Spawn CP-DCM-ACO (alg=2) worker 1/4 [initial]
[ORCHESTRATOR] Spawn CP-DCM-ACO (alg=2) worker 2/4 [initial]
[ORCHESTRATOR] Spawn CP-DCM-ACO (alg=2) worker 3/4 [initial]
[ORCHESTRATOR] Spawn CP-DCM-ACO (alg=2) worker 4/4 [initial]
[ORCHESTRATOR] Transfer triggered: alg=0 fully complete; expanding unfinished alg=2 to all workers.
[ORCHESTRATOR] Spawn CP-DCM-ACO (alg=2) worker 1/8 [transfer_from_alg0]
[ORCHESTRATOR] Spawn CP-DCM-ACO (alg=2) worker 2/8 [transfer_from_alg0]
[ORCHESTRATOR] Spawn CP-DCM-ACO (alg=2) worker 3/8 [transfer_from_alg0]
[ORCHESTRATOR] Spawn CP-DCM-ACO (alg=2) worker 4/8 [transfer_from_alg0]
[ORCHESTRATOR] Spawn CP-DCM-ACO (alg=2) worker 5/8 [transfer_from_alg0]
[ORCHESTRATOR] Spawn CP-DCM-ACO (alg=2) worker 6/8 [transfer_from_alg0]
[ORCHESTRATOR] Spawn CP-DCM-ACO (alg=2) worker 7/8 [transfer_from_alg0]
[ORCHESTRATOR] Spawn CP-DCM-ACO (alg=2) worker 8/8 [transfer_from_alg0]
[ORCHESTRATOR] Phase complete — puzzle=25x25 timeout=60s

[ORCHESTRATOR] Phase start — puzzle=25x25 timeout=90s — starting 4 workers per algorithm
[ORCHESTRATOR] Spawn ACO (alg=0) worker 1/4 [initial]
[ORCHESTRATOR] Spawn ACO (alg=0) worker 2/4 [initial]
[ORCHESTRATOR] Spawn ACO (alg=0) worker 3/4 [initial]
[ORCHESTRATOR] Spawn ACO (alg=0) worker 4/4 [initial]
[ORCHESTRATOR] Spawn CP-DCM-ACO (alg=2) worker 1/4 [initial]
[ORCHESTRATOR] Spawn CP-DCM-ACO (alg=2) worker 2/4 [initial]
[ORCHESTRATOR] Spawn CP-DCM-ACO (alg=2) worker 3/4 [initial]
[ORCHESTRATOR] Spawn CP-DCM-ACO (alg=2) worker 4/4 [initial]

========================================================================
[2026-04-04 20:49:41] ORCHESTRATOR — parallel parent
========================================================================
[ORCHESTRATOR] Parallel timeout mode: 4 worker(s)/algorithm, 8 total process(es) per (size, timeout) phase.

[ORCHESTRATOR] Phase start — puzzle=9x9 timeout=1s — starting 4 workers per algorithm
[ORCHESTRATOR] Spawn ACO (alg=0) worker 1/4 [initial]
[ORCHESTRATOR] Spawn ACO (alg=0) worker 2/4 [initial]
[ORCHESTRATOR] Spawn ACO (alg=0) worker 3/4 [initial]
[ORCHESTRATOR] Spawn ACO (alg=0) worker 4/4 [initial]
[ORCHESTRATOR] Spawn CP-DCM-ACO (alg=2) worker 1/4 [initial]
[ORCHESTRATOR] Spawn CP-DCM-ACO (alg=2) worker 2/4 [initial]
[ORCHESTRATOR] Spawn CP-DCM-ACO (alg=2) worker 3/4 [initial]
[ORCHESTRATOR] Spawn CP-DCM-ACO (alg=2) worker 4/4 [initial]
[ORCHESTRATOR] Transfer triggered: alg=2 fully complete; expanding unfinished alg=0 to all workers.
[ORCHESTRATOR] Spawn ACO (alg=0) worker 1/8 [transfer_from_alg2]
[ORCHESTRATOR] Spawn ACO (alg=0) worker 2/8 [transfer_from_alg2]
[ORCHESTRATOR] Spawn ACO (alg=0) worker 3/8 [transfer_from_alg2]
[ORCHESTRATOR] Spawn ACO (alg=0) worker 4/8 [transfer_from_alg2]
[ORCHESTRATOR] Spawn ACO (alg=0) worker 5/8 [transfer_from_alg2]
[ORCHESTRATOR] Spawn ACO (alg=0) worker 6/8 [transfer_from_alg2]
[ORCHESTRATOR] Spawn ACO (alg=0) worker 7/8 [transfer_from_alg2]
[ORCHESTRATOR] Spawn ACO (alg=0) worker 8/8 [transfer_from_alg2]
[ORCHESTRATOR] Phase complete — puzzle=9x9 timeout=1s

[ORCHESTRATOR] Phase start — puzzle=9x9 timeout=3s — starting 4 workers per algorithm
[ORCHESTRATOR] Spawn ACO (alg=0) worker 1/4 [initial]
[ORCHESTRATOR] Spawn ACO (alg=0) worker 2/4 [initial]
[ORCHESTRATOR] Spawn ACO (alg=0) worker 3/4 [initial]
[ORCHESTRATOR] Spawn ACO (alg=0) worker 4/4 [initial]
[ORCHESTRATOR] Spawn CP-DCM-ACO (alg=2) worker 1/4 [initial]
[ORCHESTRATOR] Spawn CP-DCM-ACO (alg=2) worker 2/4 [initial]
[ORCHESTRATOR] Spawn CP-DCM-ACO (alg=2) worker 3/4 [initial]
[ORCHESTRATOR] Spawn CP-DCM-ACO (alg=2) worker 4/4 [initial]
[ORCHESTRATOR] Both algorithms already complete; no transfer needed.
[ORCHESTRATOR] Phase complete — puzzle=9x9 timeout=3s

[ORCHESTRATOR] Phase start — puzzle=9x9 timeout=7s — starting 4 workers per algorithm
[ORCHESTRATOR] Spawn ACO (alg=0) worker 1/4 [initial]
[ORCHESTRATOR] Spawn ACO (alg=0) worker 2/4 [initial]
[ORCHESTRATOR] Spawn ACO (alg=0) worker 3/4 [initial]
[ORCHESTRATOR] Spawn ACO (alg=0) worker 4/4 [initial]
[ORCHESTRATOR] Spawn CP-DCM-ACO (alg=2) worker 1/4 [initial]
[ORCHESTRATOR] Spawn CP-DCM-ACO (alg=2) worker 2/4 [initial]
[ORCHESTRATOR] Spawn CP-DCM-ACO (alg=2) worker 3/4 [initial]
[ORCHESTRATOR] Spawn CP-DCM-ACO (alg=2) worker 4/4 [initial]
[ORCHESTRATOR] Transfer triggered: alg=2 fully complete; expanding unfinished alg=0 to all workers.
[ORCHESTRATOR] Spawn ACO (alg=0) worker 1/8 [transfer_from_alg2]
[ORCHESTRATOR] Spawn ACO (alg=0) worker 2/8 [transfer_from_alg2]
[ORCHESTRATOR] Spawn ACO (alg=0) worker 3/8 [transfer_from_alg2]
[ORCHESTRATOR] Spawn ACO (alg=0) worker 4/8 [transfer_from_alg2]
[ORCHESTRATOR] Spawn ACO (alg=0) worker 5/8 [transfer_from_alg2]
[ORCHESTRATOR] Spawn ACO (alg=0) worker 6/8 [transfer_from_alg2]
[ORCHESTRATOR] Spawn ACO (alg=0) worker 7/8 [transfer_from_alg2]
[ORCHESTRATOR] Spawn ACO (alg=0) worker 8/8 [transfer_from_alg2]
[ORCHESTRATOR] Phase complete — puzzle=9x9 timeout=7s

[ORCHESTRATOR] Phase start — puzzle=9x9 timeout=9s — starting 4 workers per algorithm
[ORCHESTRATOR] Spawn ACO (alg=0) worker 1/4 [initial]
[ORCHESTRATOR] Spawn ACO (alg=0) worker 2/4 [initial]
[ORCHESTRATOR] Spawn ACO (alg=0) worker 3/4 [initial]
[ORCHESTRATOR] Spawn ACO (alg=0) worker 4/4 [initial]
[ORCHESTRATOR] Spawn CP-DCM-ACO (alg=2) worker 1/4 [initial]
[ORCHESTRATOR] Spawn CP-DCM-ACO (alg=2) worker 2/4 [initial]
[ORCHESTRATOR] Spawn CP-DCM-ACO (alg=2) worker 3/4 [initial]
[ORCHESTRATOR] Spawn CP-DCM-ACO (alg=2) worker 4/4 [initial]
[ORCHESTRATOR] Transfer triggered: alg=2 fully complete; expanding unfinished alg=0 to all workers.
[ORCHESTRATOR] Spawn ACO (alg=0) worker 1/8 [transfer_from_alg2]
[ORCHESTRATOR] Spawn ACO (alg=0) worker 2/8 [transfer_from_alg2]
[ORCHESTRATOR] Spawn ACO (alg=0) worker 3/8 [transfer_from_alg2]
[ORCHESTRATOR] Spawn ACO (alg=0) worker 4/8 [transfer_from_alg2]
[ORCHESTRATOR] Spawn ACO (alg=0) worker 5/8 [transfer_from_alg2]
[ORCHESTRATOR] Spawn ACO (alg=0) worker 6/8 [transfer_from_alg2]
[ORCHESTRATOR] Spawn ACO (alg=0) worker 7/8 [transfer_from_alg2]
[ORCHESTRATOR] Spawn ACO (alg=0) worker 8/8 [transfer_from_alg2]
[ORCHESTRATOR] Phase complete — puzzle=9x9 timeout=9s

[ORCHESTRATOR] Phase start — puzzle=16x16 timeout=10s — starting 4 workers per algorithm
[ORCHESTRATOR] Spawn ACO (alg=0) worker 1/4 [initial]
[ORCHESTRATOR] Spawn ACO (alg=0) worker 2/4 [initial]
[ORCHESTRATOR] Spawn ACO (alg=0) worker 3/4 [initial]
[ORCHESTRATOR] Spawn ACO (alg=0) worker 4/4 [initial]
[ORCHESTRATOR] Spawn CP-DCM-ACO (alg=2) worker 1/4 [initial]
[ORCHESTRATOR] Spawn CP-DCM-ACO (alg=2) worker 2/4 [initial]
[ORCHESTRATOR] Spawn CP-DCM-ACO (alg=2) worker 3/4 [initial]
[ORCHESTRATOR] Spawn CP-DCM-ACO (alg=2) worker 4/4 [initial]
[ORCHESTRATOR] Both algorithms already complete; no transfer needed.
[ORCHESTRATOR] Phase complete — puzzle=16x16 timeout=10s

[ORCHESTRATOR] Phase start — puzzle=16x16 timeout=15s — starting 4 workers per algorithm
[ORCHESTRATOR] Spawn ACO (alg=0) worker 1/4 [initial]
[ORCHESTRATOR] Spawn ACO (alg=0) worker 2/4 [initial]
[ORCHESTRATOR] Spawn ACO (alg=0) worker 3/4 [initial]
[ORCHESTRATOR] Spawn ACO (alg=0) worker 4/4 [initial]
[ORCHESTRATOR] Spawn CP-DCM-ACO (alg=2) worker 1/4 [initial]
[ORCHESTRATOR] Spawn CP-DCM-ACO (alg=2) worker 2/4 [initial]
[ORCHESTRATOR] Spawn CP-DCM-ACO (alg=2) worker 3/4 [initial]
[ORCHESTRATOR] Spawn CP-DCM-ACO (alg=2) worker 4/4 [initial]
[ORCHESTRATOR] Transfer triggered: alg=2 fully complete; expanding unfinished alg=0 to all workers.
[ORCHESTRATOR] Spawn ACO (alg=0) worker 1/8 [transfer_from_alg2]
[ORCHESTRATOR] Spawn ACO (alg=0) worker 2/8 [transfer_from_alg2]
[ORCHESTRATOR] Spawn ACO (alg=0) worker 3/8 [transfer_from_alg2]
[ORCHESTRATOR] Spawn ACO (alg=0) worker 4/8 [transfer_from_alg2]
[ORCHESTRATOR] Spawn ACO (alg=0) worker 5/8 [transfer_from_alg2]
[ORCHESTRATOR] Spawn ACO (alg=0) worker 6/8 [transfer_from_alg2]
[ORCHESTRATOR] Spawn ACO (alg=0) worker 7/8 [transfer_from_alg2]
[ORCHESTRATOR] Spawn ACO (alg=0) worker 8/8 [transfer_from_alg2]
[ORCHESTRATOR] Phase complete — puzzle=16x16 timeout=15s

[ORCHESTRATOR] Phase start — puzzle=16x16 timeout=25s — starting 4 workers per algorithm
[ORCHESTRATOR] Spawn ACO (alg=0) worker 1/4 [initial]
[ORCHESTRATOR] Spawn ACO (alg=0) worker 2/4 [initial]
[ORCHESTRATOR] Spawn ACO (alg=0) worker 3/4 [initial]
[ORCHESTRATOR] Spawn ACO (alg=0) worker 4/4 [initial]
[ORCHESTRATOR] Spawn CP-DCM-ACO (alg=2) worker 1/4 [initial]
[ORCHESTRATOR] Spawn CP-DCM-ACO (alg=2) worker 2/4 [initial]
[ORCHESTRATOR] Spawn CP-DCM-ACO (alg=2) worker 3/4 [initial]
[ORCHESTRATOR] Spawn CP-DCM-ACO (alg=2) worker 4/4 [initial]
[ORCHESTRATOR] Transfer triggered: alg=0 fully complete; expanding unfinished alg=2 to all workers.
[ORCHESTRATOR] Spawn CP-DCM-ACO (alg=2) worker 1/8 [transfer_from_alg0]
[ORCHESTRATOR] Spawn CP-DCM-ACO (alg=2) worker 2/8 [transfer_from_alg0]
[ORCHESTRATOR] Spawn CP-DCM-ACO (alg=2) worker 3/8 [transfer_from_alg0]
[ORCHESTRATOR] Spawn CP-DCM-ACO (alg=2) worker 4/8 [transfer_from_alg0]
[ORCHESTRATOR] Spawn CP-DCM-ACO (alg=2) worker 5/8 [transfer_from_alg0]
[ORCHESTRATOR] Spawn CP-DCM-ACO (alg=2) worker 6/8 [transfer_from_alg0]
[ORCHESTRATOR] Spawn CP-DCM-ACO (alg=2) worker 7/8 [transfer_from_alg0]
[ORCHESTRATOR] Spawn CP-DCM-ACO (alg=2) worker 8/8 [transfer_from_alg0]
[ORCHESTRATOR] Phase complete — puzzle=16x16 timeout=25s

[ORCHESTRATOR] Phase start — puzzle=16x16 timeout=30s — starting 4 workers per algorithm
[ORCHESTRATOR] Spawn ACO (alg=0) worker 1/4 [initial]
[ORCHESTRATOR] Spawn ACO (alg=0) worker 2/4 [initial]
[ORCHESTRATOR] Spawn ACO (alg=0) worker 3/4 [initial]
[ORCHESTRATOR] Spawn ACO (alg=0) worker 4/4 [initial]
[ORCHESTRATOR] Spawn CP-DCM-ACO (alg=2) worker 1/4 [initial]
[ORCHESTRATOR] Spawn CP-DCM-ACO (alg=2) worker 2/4 [initial]
[ORCHESTRATOR] Spawn CP-DCM-ACO (alg=2) worker 3/4 [initial]
[ORCHESTRATOR] Spawn CP-DCM-ACO (alg=2) worker 4/4 [initial]
[ORCHESTRATOR] Transfer triggered: alg=2 fully complete; expanding unfinished alg=0 to all workers.
[ORCHESTRATOR] Spawn ACO (alg=0) worker 1/8 [transfer_from_alg2]
[ORCHESTRATOR] Spawn ACO (alg=0) worker 2/8 [transfer_from_alg2]
[ORCHESTRATOR] Spawn ACO (alg=0) worker 3/8 [transfer_from_alg2]
[ORCHESTRATOR] Spawn ACO (alg=0) worker 4/8 [transfer_from_alg2]
[ORCHESTRATOR] Spawn ACO (alg=0) worker 5/8 [transfer_from_alg2]
[ORCHESTRATOR] Spawn ACO (alg=0) worker 6/8 [transfer_from_alg2]
[ORCHESTRATOR] Spawn ACO (alg=0) worker 7/8 [transfer_from_alg2]
[ORCHESTRATOR] Spawn ACO (alg=0) worker 8/8 [transfer_from_alg2]
[ORCHESTRATOR] Phase complete — puzzle=16x16 timeout=30s

[ORCHESTRATOR] Phase start — puzzle=25x25 timeout=60s — starting 4 workers per algorithm
[ORCHESTRATOR] Spawn ACO (alg=0) worker 1/4 [initial]
[ORCHESTRATOR] Spawn ACO (alg=0) worker 2/4 [initial]
[ORCHESTRATOR] Spawn ACO (alg=0) worker 3/4 [initial]
[ORCHESTRATOR] Spawn ACO (alg=0) worker 4/4 [initial]
[ORCHESTRATOR] Spawn CP-DCM-ACO (alg=2) worker 1/4 [initial]
[ORCHESTRATOR] Spawn CP-DCM-ACO (alg=2) worker 2/4 [initial]
[ORCHESTRATOR] Spawn CP-DCM-ACO (alg=2) worker 3/4 [initial]
[ORCHESTRATOR] Spawn CP-DCM-ACO (alg=2) worker 4/4 [initial]
[ORCHESTRATOR] Transfer triggered: alg=2 fully complete; expanding unfinished alg=0 to all workers.
[ORCHESTRATOR] Spawn ACO (alg=0) worker 1/8 [transfer_from_alg2]
[ORCHESTRATOR] Spawn ACO (alg=0) worker 2/8 [transfer_from_alg2]
[ORCHESTRATOR] Spawn ACO (alg=0) worker 3/8 [transfer_from_alg2]
[ORCHESTRATOR] Spawn ACO (alg=0) worker 4/8 [transfer_from_alg2]
[ORCHESTRATOR] Spawn ACO (alg=0) worker 5/8 [transfer_from_alg2]
[ORCHESTRATOR] Spawn ACO (alg=0) worker 6/8 [transfer_from_alg2]
[ORCHESTRATOR] Spawn ACO (alg=0) worker 7/8 [transfer_from_alg2]
[ORCHESTRATOR] Spawn ACO (alg=0) worker 8/8 [transfer_from_alg2]
[ORCHESTRATOR] Phase complete — puzzle=25x25 timeout=60s

[ORCHESTRATOR] Phase start — puzzle=25x25 timeout=90s — starting 4 workers per algorithm
[ORCHESTRATOR] Spawn ACO (alg=0) worker 1/4 [initial]
[ORCHESTRATOR] Spawn ACO (alg=0) worker 2/4 [initial]
[ORCHESTRATOR] Spawn ACO (alg=0) worker 3/4 [initial]
[ORCHESTRATOR] Spawn ACO (alg=0) worker 4/4 [initial]
[ORCHESTRATOR] Spawn CP-DCM-ACO (alg=2) worker 1/4 [initial]
[ORCHESTRATOR] Spawn CP-DCM-ACO (alg=2) worker 2/4 [initial]
[ORCHESTRATOR] Spawn CP-DCM-ACO (alg=2) worker 3/4 [initial]
[ORCHESTRATOR] Spawn CP-DCM-ACO (alg=2) worker 4/4 [initial]
[ORCHESTRATOR] Transfer triggered: alg=2 fully complete; expanding unfinished alg=0 to all workers.
[ORCHESTRATOR] Spawn ACO (alg=0) worker 1/8 [transfer_from_alg2]
[ORCHESTRATOR] Spawn ACO (alg=0) worker 2/8 [transfer_from_alg2]
[ORCHESTRATOR] Spawn ACO (alg=0) worker 3/8 [transfer_from_alg2]
[ORCHESTRATOR] Spawn ACO (alg=0) worker 4/8 [transfer_from_alg2]
[ORCHESTRATOR] Spawn ACO (alg=0) worker 5/8 [transfer_from_alg2]
[ORCHESTRATOR] Spawn ACO (alg=0) worker 6/8 [transfer_from_alg2]
[ORCHESTRATOR] Spawn ACO (alg=0) worker 7/8 [transfer_from_alg2]
[ORCHESTRATOR] Spawn ACO (alg=0) worker 8/8 [transfer_from_alg2]

========================================================================
[2026-04-04 23:50:53] ORCHESTRATOR — parallel parent
========================================================================
[ORCHESTRATOR] Parallel timeout mode: 4 worker(s)/algorithm, 8 total worker IDs; each child runs all timeouts for its alg.

[ORCHESTRATOR] Size phase — puzzle=9x9 timeouts=[1, 3, 7, 9]
[ORCHESTRATOR] Spawn ACO (alg=0) worker_id=0 num_workers=8 [initial_aco] — 9x9
[ORCHESTRATOR] Spawn ACO (alg=0) worker_id=1 num_workers=8 [initial_aco] — 9x9
[ORCHESTRATOR] Spawn ACO (alg=0) worker_id=2 num_workers=8 [initial_aco] — 9x9
[ORCHESTRATOR] Spawn ACO (alg=0) worker_id=3 num_workers=8 [initial_aco] — 9x9
[ORCHESTRATOR] Spawn CP-DCM-ACO (alg=2) worker_id=4 num_workers=8 [initial_cp_dcm] — 9x9
[ORCHESTRATOR] Spawn CP-DCM-ACO (alg=2) worker_id=5 num_workers=8 [initial_cp_dcm] — 9x9
[ORCHESTRATOR] Spawn CP-DCM-ACO (alg=2) worker_id=6 num_workers=8 [initial_cp_dcm] — 9x9
[ORCHESTRATOR] Spawn CP-DCM-ACO (alg=2) worker_id=7 num_workers=8 [initial_cp_dcm] — 9x9
[ORCHESTRATOR] All CP-DCM-ACO (alg=2) workers finished all timeouts; spawning ACO on worker IDs 4..7 (remaining instance shard).
[ORCHESTRATOR] Spawn ACO (alg=0) worker_id=4 num_workers=8 [transfer_aco_after_alg2] — 9x9
[ORCHESTRATOR] Spawn ACO (alg=0) worker_id=5 num_workers=8 [transfer_aco_after_alg2] — 9x9
[ORCHESTRATOR] Spawn ACO (alg=0) worker_id=6 num_workers=8 [transfer_aco_after_alg2] — 9x9
[ORCHESTRATOR] Spawn ACO (alg=0) worker_id=7 num_workers=8 [transfer_aco_after_alg2] — 9x9
[ORCHESTRATOR] Size phase complete — 9x9

[ORCHESTRATOR] Size phase — puzzle=16x16 timeouts=[10, 15, 25, 30]
[ORCHESTRATOR] Spawn ACO (alg=0) worker_id=0 num_workers=8 [initial_aco] — 16x16
[ORCHESTRATOR] Spawn ACO (alg=0) worker_id=1 num_workers=8 [initial_aco] — 16x16
[ORCHESTRATOR] Spawn ACO (alg=0) worker_id=2 num_workers=8 [initial_aco] — 16x16
[ORCHESTRATOR] Spawn ACO (alg=0) worker_id=3 num_workers=8 [initial_aco] — 16x16
[ORCHESTRATOR] Spawn CP-DCM-ACO (alg=2) worker_id=4 num_workers=8 [initial_cp_dcm] — 16x16
[ORCHESTRATOR] Spawn CP-DCM-ACO (alg=2) worker_id=5 num_workers=8 [initial_cp_dcm] — 16x16
[ORCHESTRATOR] Spawn CP-DCM-ACO (alg=2) worker_id=6 num_workers=8 [initial_cp_dcm] — 16x16
[ORCHESTRATOR] Spawn CP-DCM-ACO (alg=2) worker_id=7 num_workers=8 [initial_cp_dcm] — 16x16
[ORCHESTRATOR] All CP-DCM-ACO (alg=2) workers finished all timeouts; spawning ACO on worker IDs 4..7 (remaining instance shard).
[ORCHESTRATOR] Spawn ACO (alg=0) worker_id=4 num_workers=8 [transfer_aco_after_alg2] — 16x16
[ORCHESTRATOR] Spawn ACO (alg=0) worker_id=5 num_workers=8 [transfer_aco_after_alg2] — 16x16
[ORCHESTRATOR] Spawn ACO (alg=0) worker_id=6 num_workers=8 [transfer_aco_after_alg2] — 16x16
[ORCHESTRATOR] Spawn ACO (alg=0) worker_id=7 num_workers=8 [transfer_aco_after_alg2] — 16x16
[ORCHESTRATOR] Size phase complete — 16x16

[ORCHESTRATOR] Size phase — puzzle=25x25 timeouts=[60, 90, 150, 180]
[ORCHESTRATOR] Spawn ACO (alg=0) worker_id=0 num_workers=8 [initial_aco] — 25x25
[ORCHESTRATOR] Spawn ACO (alg=0) worker_id=1 num_workers=8 [initial_aco] — 25x25
[ORCHESTRATOR] Spawn ACO (alg=0) worker_id=2 num_workers=8 [initial_aco] — 25x25
[ORCHESTRATOR] Spawn ACO (alg=0) worker_id=3 num_workers=8 [initial_aco] — 25x25
[ORCHESTRATOR] Spawn CP-DCM-ACO (alg=2) worker_id=4 num_workers=8 [initial_cp_dcm] — 25x25
[ORCHESTRATOR] Spawn CP-DCM-ACO (alg=2) worker_id=5 num_workers=8 [initial_cp_dcm] — 25x25
[ORCHESTRATOR] Spawn CP-DCM-ACO (alg=2) worker_id=6 num_workers=8 [initial_cp_dcm] — 25x25
[ORCHESTRATOR] Spawn CP-DCM-ACO (alg=2) worker_id=7 num_workers=8 [initial_cp_dcm] — 25x25

========================================================================
[2026-04-05 00:03:15] ORCHESTRATOR — parallel parent
========================================================================
[ORCHESTRATOR] Parallel timeout mode: 4 worker(s)/algorithm per alg in the initial phase; up to 8 workers on one algorithm after transfer; each child runs all timeouts for its alg.

[ORCHESTRATOR] Size phase — puzzle=9x9 timeouts=[1, 3, 7, 9]
[ORCHESTRATOR] Spawn ACO (alg=0) worker_id=0 num_workers=4 [initial_aco] — 9x9
[ORCHESTRATOR] Spawn ACO (alg=0) worker_id=1 num_workers=4 [initial_aco] — 9x9
[ORCHESTRATOR] Spawn ACO (alg=0) worker_id=2 num_workers=4 [initial_aco] — 9x9
[ORCHESTRATOR] Spawn ACO (alg=0) worker_id=3 num_workers=4 [initial_aco] — 9x9
[ORCHESTRATOR] Spawn CP-DCM-ACO (alg=2) worker_id=0 num_workers=4 [initial_cp_dcm] — 9x9
[ORCHESTRATOR] Spawn CP-DCM-ACO (alg=2) worker_id=1 num_workers=4 [initial_cp_dcm] — 9x9
[ORCHESTRATOR] Spawn CP-DCM-ACO (alg=2) worker_id=2 num_workers=4 [initial_cp_dcm] — 9x9
[ORCHESTRATOR] Spawn CP-DCM-ACO (alg=2) worker_id=3 num_workers=4 [initial_cp_dcm] — 9x9
[ORCHESTRATOR] All CP-DCM-ACO (alg=2) workers finished all timeouts; spawning ACO (alg=0) on worker IDs 4..7.
[ORCHESTRATOR] Spawn ACO (alg=0) worker_id=4 num_workers=8 [transfer_alg0_after_alg2] — 9x9
[ORCHESTRATOR] Spawn ACO (alg=0) worker_id=5 num_workers=8 [transfer_alg0_after_alg2] — 9x9
[ORCHESTRATOR] Spawn ACO (alg=0) worker_id=6 num_workers=8 [transfer_alg0_after_alg2] — 9x9
[ORCHESTRATOR] Spawn ACO (alg=0) worker_id=7 num_workers=8 [transfer_alg0_after_alg2] — 9x9
[ORCHESTRATOR] Size phase complete — 9x9

[ORCHESTRATOR] Size phase — puzzle=16x16 timeouts=[10, 15, 25, 30]
[ORCHESTRATOR] Spawn ACO (alg=0) worker_id=0 num_workers=4 [initial_aco] — 16x16
[ORCHESTRATOR] Spawn ACO (alg=0) worker_id=1 num_workers=4 [initial_aco] — 16x16
[ORCHESTRATOR] Spawn ACO (alg=0) worker_id=2 num_workers=4 [initial_aco] — 16x16
[ORCHESTRATOR] Spawn ACO (alg=0) worker_id=3 num_workers=4 [initial_aco] — 16x16
[ORCHESTRATOR] Spawn CP-DCM-ACO (alg=2) worker_id=0 num_workers=4 [initial_cp_dcm] — 16x16
[ORCHESTRATOR] Spawn CP-DCM-ACO (alg=2) worker_id=1 num_workers=4 [initial_cp_dcm] — 16x16
[ORCHESTRATOR] Spawn CP-DCM-ACO (alg=2) worker_id=2 num_workers=4 [initial_cp_dcm] — 16x16
[ORCHESTRATOR] Spawn CP-DCM-ACO (alg=2) worker_id=3 num_workers=4 [initial_cp_dcm] — 16x16
[ORCHESTRATOR] Size phase complete — 16x16

[ORCHESTRATOR] Size phase — puzzle=25x25 timeouts=[60, 90, 150, 180]
[ORCHESTRATOR] Spawn ACO (alg=0) worker_id=0 num_workers=4 [initial_aco] — 25x25
[ORCHESTRATOR] Spawn ACO (alg=0) worker_id=1 num_workers=4 [initial_aco] — 25x25
[ORCHESTRATOR] Spawn ACO (alg=0) worker_id=2 num_workers=4 [initial_aco] — 25x25
[ORCHESTRATOR] Spawn ACO (alg=0) worker_id=3 num_workers=4 [initial_aco] — 25x25
[ORCHESTRATOR] Spawn CP-DCM-ACO (alg=2) worker_id=0 num_workers=4 [initial_cp_dcm] — 25x25
[ORCHESTRATOR] Spawn CP-DCM-ACO (alg=2) worker_id=1 num_workers=4 [initial_cp_dcm] — 25x25
[ORCHESTRATOR] Spawn CP-DCM-ACO (alg=2) worker_id=2 num_workers=4 [initial_cp_dcm] — 25x25
[ORCHESTRATOR] Spawn CP-DCM-ACO (alg=2) worker_id=3 num_workers=4 [initial_cp_dcm] — 25x25

========================================================================
[2026-04-05 00:04:27] ORCHESTRATOR — parallel parent
========================================================================
[ORCHESTRATOR] Parallel timeout mode: 4 worker(s)/algorithm per alg in the initial phase; up to 8 workers on one algorithm after transfer; each child runs all timeouts for its alg.

[ORCHESTRATOR] Size phase — puzzle=9x9 timeouts=[1, 3, 7, 9]
[ORCHESTRATOR] Spawn ACO (alg=0) worker_id=0 num_workers=4 [initial_aco] — 9x9
[ORCHESTRATOR] Spawn ACO (alg=0) worker_id=1 num_workers=4 [initial_aco] — 9x9
[ORCHESTRATOR] Spawn ACO (alg=0) worker_id=2 num_workers=4 [initial_aco] — 9x9
[ORCHESTRATOR] Spawn ACO (alg=0) worker_id=3 num_workers=4 [initial_aco] — 9x9
[ORCHESTRATOR] Spawn CP-DCM-ACO (alg=2) worker_id=0 num_workers=4 [initial_cp_dcm] — 9x9
[ORCHESTRATOR] Spawn CP-DCM-ACO (alg=2) worker_id=1 num_workers=4 [initial_cp_dcm] — 9x9
[ORCHESTRATOR] Spawn CP-DCM-ACO (alg=2) worker_id=2 num_workers=4 [initial_cp_dcm] — 9x9
[ORCHESTRATOR] Spawn CP-DCM-ACO (alg=2) worker_id=3 num_workers=4 [initial_cp_dcm] — 9x9
[ORCHESTRATOR] Size phase complete — 9x9

[ORCHESTRATOR] Size phase — puzzle=16x16 timeouts=[10, 15, 25, 30]
[ORCHESTRATOR] Spawn ACO (alg=0) worker_id=0 num_workers=4 [initial_aco] — 16x16
[ORCHESTRATOR] Spawn ACO (alg=0) worker_id=1 num_workers=4 [initial_aco] — 16x16
[ORCHESTRATOR] Spawn ACO (alg=0) worker_id=2 num_workers=4 [initial_aco] — 16x16
[ORCHESTRATOR] Spawn ACO (alg=0) worker_id=3 num_workers=4 [initial_aco] — 16x16
[ORCHESTRATOR] Spawn CP-DCM-ACO (alg=2) worker_id=0 num_workers=4 [initial_cp_dcm] — 16x16
[ORCHESTRATOR] Spawn CP-DCM-ACO (alg=2) worker_id=1 num_workers=4 [initial_cp_dcm] — 16x16
[ORCHESTRATOR] Spawn CP-DCM-ACO (alg=2) worker_id=2 num_workers=4 [initial_cp_dcm] — 16x16
[ORCHESTRATOR] Spawn CP-DCM-ACO (alg=2) worker_id=3 num_workers=4 [initial_cp_dcm] — 16x16
[ORCHESTRATOR] Size phase complete — 16x16

[ORCHESTRATOR] Size phase — puzzle=25x25 timeouts=[60, 90, 150, 180]
[ORCHESTRATOR] Spawn ACO (alg=0) worker_id=0 num_workers=4 [initial_aco] — 25x25
[ORCHESTRATOR] Spawn ACO (alg=0) worker_id=1 num_workers=4 [initial_aco] — 25x25
[ORCHESTRATOR] Spawn ACO (alg=0) worker_id=2 num_workers=4 [initial_aco] — 25x25
[ORCHESTRATOR] Spawn ACO (alg=0) worker_id=3 num_workers=4 [initial_aco] — 25x25
[ORCHESTRATOR] Spawn CP-DCM-ACO (alg=2) worker_id=0 num_workers=4 [initial_cp_dcm] — 25x25
[ORCHESTRATOR] Spawn CP-DCM-ACO (alg=2) worker_id=1 num_workers=4 [initial_cp_dcm] — 25x25
[ORCHESTRATOR] Spawn CP-DCM-ACO (alg=2) worker_id=2 num_workers=4 [initial_cp_dcm] — 25x25
[ORCHESTRATOR] Spawn CP-DCM-ACO (alg=2) worker_id=3 num_workers=4 [initial_cp_dcm] — 25x25

========================================================================
[2026-04-05 00:09:14] ORCHESTRATOR — parallel parent
========================================================================
[ORCHESTRATOR] Parallel timeout mode: 4 worker(s)/algorithm per alg in the initial phase; up to 8 workers on one algorithm after transfer; each child runs all timeouts for its alg.

[ORCHESTRATOR] Size phase — puzzle=9x9 timeouts=[1, 3, 7, 9]
[ORCHESTRATOR] Spawn ACO (alg=0) worker_id=0 num_workers=4 [initial_aco] — 9x9
[ORCHESTRATOR] Spawn ACO (alg=0) worker_id=1 num_workers=4 [initial_aco] — 9x9
[ORCHESTRATOR] Spawn ACO (alg=0) worker_id=2 num_workers=4 [initial_aco] — 9x9
[ORCHESTRATOR] Spawn ACO (alg=0) worker_id=3 num_workers=4 [initial_aco] — 9x9
[ORCHESTRATOR] Spawn CP-DCM-ACO (alg=2) worker_id=0 num_workers=4 [initial_cp_dcm] — 9x9
[ORCHESTRATOR] Spawn CP-DCM-ACO (alg=2) worker_id=1 num_workers=4 [initial_cp_dcm] — 9x9
[ORCHESTRATOR] Spawn CP-DCM-ACO (alg=2) worker_id=2 num_workers=4 [initial_cp_dcm] — 9x9
[ORCHESTRATOR] Spawn CP-DCM-ACO (alg=2) worker_id=3 num_workers=4 [initial_cp_dcm] — 9x9
[ORCHESTRATOR] All CP-DCM-ACO (alg=2) workers finished all timeouts; spawning ACO (alg=0) on worker IDs 4..7.
[ORCHESTRATOR] Spawn ACO (alg=0) worker_id=4 num_workers=8 [transfer_alg0_after_alg2] — 9x9
[ORCHESTRATOR] Spawn ACO (alg=0) worker_id=5 num_workers=8 [transfer_alg0_after_alg2] — 9x9
[ORCHESTRATOR] Spawn ACO (alg=0) worker_id=6 num_workers=8 [transfer_alg0_after_alg2] — 9x9
[ORCHESTRATOR] Spawn ACO (alg=0) worker_id=7 num_workers=8 [transfer_alg0_after_alg2] — 9x9
[ORCHESTRATOR] Size phase complete — 9x9

[ORCHESTRATOR] Size phase — puzzle=16x16 timeouts=[10, 15, 25, 30]
[ORCHESTRATOR] Spawn ACO (alg=0) worker_id=0 num_workers=4 [initial_aco] — 16x16
[ORCHESTRATOR] Spawn ACO (alg=0) worker_id=1 num_workers=4 [initial_aco] — 16x16
[ORCHESTRATOR] Spawn ACO (alg=0) worker_id=2 num_workers=4 [initial_aco] — 16x16
[ORCHESTRATOR] Spawn ACO (alg=0) worker_id=3 num_workers=4 [initial_aco] — 16x16
[ORCHESTRATOR] Spawn CP-DCM-ACO (alg=2) worker_id=0 num_workers=4 [initial_cp_dcm] — 16x16
[ORCHESTRATOR] Spawn CP-DCM-ACO (alg=2) worker_id=1 num_workers=4 [initial_cp_dcm] — 16x16
[ORCHESTRATOR] Spawn CP-DCM-ACO (alg=2) worker_id=2 num_workers=4 [initial_cp_dcm] — 16x16
[ORCHESTRATOR] Spawn CP-DCM-ACO (alg=2) worker_id=3 num_workers=4 [initial_cp_dcm] — 16x16
[ORCHESTRATOR] All CP-DCM-ACO (alg=2) workers finished all timeouts; spawning ACO (alg=0) on worker IDs 4..7.
[ORCHESTRATOR] Spawn ACO (alg=0) worker_id=4 num_workers=8 [transfer_alg0_after_alg2] — 16x16
[ORCHESTRATOR] Spawn ACO (alg=0) worker_id=5 num_workers=8 [transfer_alg0_after_alg2] — 16x16
[ORCHESTRATOR] Spawn ACO (alg=0) worker_id=6 num_workers=8 [transfer_alg0_after_alg2] — 16x16
[ORCHESTRATOR] Spawn ACO (alg=0) worker_id=7 num_workers=8 [transfer_alg0_after_alg2] — 16x16
[ORCHESTRATOR] Size phase complete — 16x16

[ORCHESTRATOR] Size phase — puzzle=25x25 timeouts=[60, 90, 150, 180]
[ORCHESTRATOR] Spawn ACO (alg=0) worker_id=0 num_workers=4 [initial_aco] — 25x25
[ORCHESTRATOR] Spawn ACO (alg=0) worker_id=1 num_workers=4 [initial_aco] — 25x25
[ORCHESTRATOR] Spawn ACO (alg=0) worker_id=2 num_workers=4 [initial_aco] — 25x25
[ORCHESTRATOR] Spawn ACO (alg=0) worker_id=3 num_workers=4 [initial_aco] — 25x25
[ORCHESTRATOR] Spawn CP-DCM-ACO (alg=2) worker_id=0 num_workers=4 [initial_cp_dcm] — 25x25
[ORCHESTRATOR] Spawn CP-DCM-ACO (alg=2) worker_id=1 num_workers=4 [initial_cp_dcm] — 25x25
[ORCHESTRATOR] Spawn CP-DCM-ACO (alg=2) worker_id=2 num_workers=4 [initial_cp_dcm] — 25x25
[ORCHESTRATOR] Spawn CP-DCM-ACO (alg=2) worker_id=3 num_workers=4 [initial_cp_dcm] — 25x25

========================================================================
[2026-04-05 05:59:44] ORCHESTRATOR — parallel parent
========================================================================
[ORCHESTRATOR] Parallel timeout mode: 4 worker(s)/algorithm per alg in the initial phase; up to 8 workers on one algorithm after transfer; each child runs all timeouts for its alg.

[ORCHESTRATOR] Size phase — puzzle=9x9 timeouts=[1, 3, 7, 9]
[ORCHESTRATOR] Spawn ACO (alg=0) worker_id=0 num_workers=4 [initial_aco] — 9x9
[ORCHESTRATOR] Spawn ACO (alg=0) worker_id=1 num_workers=4 [initial_aco] — 9x9
[ORCHESTRATOR] Spawn ACO (alg=0) worker_id=2 num_workers=4 [initial_aco] — 9x9
[ORCHESTRATOR] Spawn ACO (alg=0) worker_id=3 num_workers=4 [initial_aco] — 9x9
[ORCHESTRATOR] Spawn CP-DCM-ACO (alg=2) worker_id=0 num_workers=4 [initial_cp_dcm] — 9x9
[ORCHESTRATOR] Spawn CP-DCM-ACO (alg=2) worker_id=1 num_workers=4 [initial_cp_dcm] — 9x9
[ORCHESTRATOR] Spawn CP-DCM-ACO (alg=2) worker_id=2 num_workers=4 [initial_cp_dcm] — 9x9
[ORCHESTRATOR] Spawn CP-DCM-ACO (alg=2) worker_id=3 num_workers=4 [initial_cp_dcm] — 9x9
[ORCHESTRATOR] Size phase complete — 9x9

[ORCHESTRATOR] Size phase — puzzle=16x16 timeouts=[10, 15, 25, 30]
[ORCHESTRATOR] Spawn ACO (alg=0) worker_id=0 num_workers=4 [initial_aco] — 16x16
[ORCHESTRATOR] Spawn ACO (alg=0) worker_id=1 num_workers=4 [initial_aco] — 16x16
[ORCHESTRATOR] Spawn ACO (alg=0) worker_id=2 num_workers=4 [initial_aco] — 16x16
[ORCHESTRATOR] Spawn ACO (alg=0) worker_id=3 num_workers=4 [initial_aco] — 16x16
[ORCHESTRATOR] Spawn CP-DCM-ACO (alg=2) worker_id=0 num_workers=4 [initial_cp_dcm] — 16x16
[ORCHESTRATOR] Spawn CP-DCM-ACO (alg=2) worker_id=1 num_workers=4 [initial_cp_dcm] — 16x16
[ORCHESTRATOR] Spawn CP-DCM-ACO (alg=2) worker_id=2 num_workers=4 [initial_cp_dcm] — 16x16
[ORCHESTRATOR] Spawn CP-DCM-ACO (alg=2) worker_id=3 num_workers=4 [initial_cp_dcm] — 16x16
[ORCHESTRATOR] All CP-DCM-ACO (alg=2) workers finished all timeouts; spawning ACO (alg=0) on worker IDs 4..7.
[ORCHESTRATOR] Spawn ACO (alg=0) worker_id=4 num_workers=8 [transfer_alg0_after_alg2] — 16x16
[ORCHESTRATOR] Spawn ACO (alg=0) worker_id=5 num_workers=8 [transfer_alg0_after_alg2] — 16x16
[ORCHESTRATOR] Spawn ACO (alg=0) worker_id=6 num_workers=8 [transfer_alg0_after_alg2] — 16x16
[ORCHESTRATOR] Spawn ACO (alg=0) worker_id=7 num_workers=8 [transfer_alg0_after_alg2] — 16x16
[ORCHESTRATOR] Size phase complete — 16x16

[ORCHESTRATOR] Size phase — puzzle=25x25 timeouts=[60, 90, 150, 180]
[ORCHESTRATOR] Spawn ACO (alg=0) worker_id=0 num_workers=4 [initial_aco] — 25x25
[ORCHESTRATOR] Spawn ACO (alg=0) worker_id=1 num_workers=4 [initial_aco] — 25x25
[ORCHESTRATOR] Spawn ACO (alg=0) worker_id=2 num_workers=4 [initial_aco] — 25x25
[ORCHESTRATOR] Spawn ACO (alg=0) worker_id=3 num_workers=4 [initial_aco] — 25x25
[ORCHESTRATOR] Spawn CP-DCM-ACO (alg=2) worker_id=0 num_workers=4 [initial_cp_dcm] — 25x25
[ORCHESTRATOR] Spawn CP-DCM-ACO (alg=2) worker_id=1 num_workers=4 [initial_cp_dcm] — 25x25
[ORCHESTRATOR] Spawn CP-DCM-ACO (alg=2) worker_id=2 num_workers=4 [initial_cp_dcm] — 25x25
[ORCHESTRATOR] Spawn CP-DCM-ACO (alg=2) worker_id=3 num_workers=4 [initial_cp_dcm] — 25x25

========================================================================
[2026-04-05 06:01:27] ORCHESTRATOR — parallel parent
========================================================================
[ORCHESTRATOR] Parallel timeout mode: 4 worker(s)/algorithm per alg in the initial phase; up to 8 workers on one algorithm after transfer; each child runs all timeouts for its alg.

[ORCHESTRATOR] Size phase — puzzle=9x9 timeouts=[1, 3, 7, 9]
[ORCHESTRATOR] Spawn ACO (alg=0) worker_id=0 num_workers=4 [initial_aco] — 9x9
[ORCHESTRATOR] Spawn ACO (alg=0) worker_id=1 num_workers=4 [initial_aco] — 9x9
[ORCHESTRATOR] Spawn ACO (alg=0) worker_id=2 num_workers=4 [initial_aco] — 9x9
[ORCHESTRATOR] Spawn ACO (alg=0) worker_id=3 num_workers=4 [initial_aco] — 9x9
[ORCHESTRATOR] Spawn CP-DCM-ACO (alg=2) worker_id=0 num_workers=4 [initial_cp_dcm] — 9x9
[ORCHESTRATOR] Spawn CP-DCM-ACO (alg=2) worker_id=1 num_workers=4 [initial_cp_dcm] — 9x9
[ORCHESTRATOR] Spawn CP-DCM-ACO (alg=2) worker_id=2 num_workers=4 [initial_cp_dcm] — 9x9
[ORCHESTRATOR] Spawn CP-DCM-ACO (alg=2) worker_id=3 num_workers=4 [initial_cp_dcm] — 9x9
[ORCHESTRATOR] Size phase complete — 9x9

[ORCHESTRATOR] Size phase — puzzle=16x16 timeouts=[10, 15, 25, 30]
[ORCHESTRATOR] Spawn ACO (alg=0) worker_id=0 num_workers=4 [initial_aco] — 16x16
[ORCHESTRATOR] Spawn ACO (alg=0) worker_id=1 num_workers=4 [initial_aco] — 16x16
[ORCHESTRATOR] Spawn ACO (alg=0) worker_id=2 num_workers=4 [initial_aco] — 16x16
[ORCHESTRATOR] Spawn ACO (alg=0) worker_id=3 num_workers=4 [initial_aco] — 16x16
[ORCHESTRATOR] Spawn CP-DCM-ACO (alg=2) worker_id=0 num_workers=4 [initial_cp_dcm] — 16x16
[ORCHESTRATOR] Spawn CP-DCM-ACO (alg=2) worker_id=1 num_workers=4 [initial_cp_dcm] — 16x16
[ORCHESTRATOR] Spawn CP-DCM-ACO (alg=2) worker_id=2 num_workers=4 [initial_cp_dcm] — 16x16
[ORCHESTRATOR] Spawn CP-DCM-ACO (alg=2) worker_id=3 num_workers=4 [initial_cp_dcm] — 16x16
[ORCHESTRATOR] All CP-DCM-ACO (alg=2) workers finished all timeouts; spawning ACO (alg=0) on worker IDs 4..7.
[ORCHESTRATOR] Spawn ACO (alg=0) worker_id=4 num_workers=8 [transfer_alg0_after_alg2] — 16x16
[ORCHESTRATOR] Spawn ACO (alg=0) worker_id=5 num_workers=8 [transfer_alg0_after_alg2] — 16x16
[ORCHESTRATOR] Spawn ACO (alg=0) worker_id=6 num_workers=8 [transfer_alg0_after_alg2] — 16x16
[ORCHESTRATOR] Spawn ACO (alg=0) worker_id=7 num_workers=8 [transfer_alg0_after_alg2] — 16x16
[ORCHESTRATOR] Size phase complete — 16x16

[ORCHESTRATOR] Size phase — puzzle=25x25 timeouts=[60, 90, 150, 180]
[ORCHESTRATOR] Spawn ACO (alg=0) worker_id=0 num_workers=4 [initial_aco] — 25x25
[ORCHESTRATOR] Spawn ACO (alg=0) worker_id=1 num_workers=4 [initial_aco] — 25x25
[ORCHESTRATOR] Spawn ACO (alg=0) worker_id=2 num_workers=4 [initial_aco] — 25x25
[ORCHESTRATOR] Spawn ACO (alg=0) worker_id=3 num_workers=4 [initial_aco] — 25x25
[ORCHESTRATOR] Spawn CP-DCM-ACO (alg=2) worker_id=0 num_workers=4 [initial_cp_dcm] — 25x25
[ORCHESTRATOR] Spawn CP-DCM-ACO (alg=2) worker_id=1 num_workers=4 [initial_cp_dcm] — 25x25
[ORCHESTRATOR] Spawn CP-DCM-ACO (alg=2) worker_id=2 num_workers=4 [initial_cp_dcm] — 25x25
[ORCHESTRATOR] Spawn CP-DCM-ACO (alg=2) worker_id=3 num_workers=4 [initial_cp_dcm] — 25x25
[ORCHESTRATOR] All CP-DCM-ACO (alg=2) workers finished all timeouts; spawning ACO (alg=0) on worker IDs 4..7.
[ORCHESTRATOR] Spawn ACO (alg=0) worker_id=4 num_workers=8 [transfer_alg0_after_alg2] — 25x25
[ORCHESTRATOR] Spawn ACO (alg=0) worker_id=5 num_workers=8 [transfer_alg0_after_alg2] — 25x25
[ORCHESTRATOR] Spawn ACO (alg=0) worker_id=6 num_workers=8 [transfer_alg0_after_alg2] — 25x25
[ORCHESTRATOR] Spawn ACO (alg=0) worker_id=7 num_workers=8 [transfer_alg0_after_alg2] — 25x25

========================================================================
[2026-04-06 13:50:11] ORCHESTRATOR — parallel parent
========================================================================
[ORCHESTRATOR] Parallel timeout mode: 4 worker(s)/algorithm per alg in the initial phase; up to 8 workers on one algorithm after transfer; each child runs all timeouts for its alg.

[ORCHESTRATOR] Size phase — puzzle=9x9 timeouts=[1, 3, 7, 9]
[ORCHESTRATOR] Spawn ACO (alg=0) worker_id=0 num_workers=4 [initial_aco] — 9x9
[ORCHESTRATOR] Spawn ACO (alg=0) worker_id=1 num_workers=4 [initial_aco] — 9x9
[ORCHESTRATOR] Spawn ACO (alg=0) worker_id=2 num_workers=4 [initial_aco] — 9x9
[ORCHESTRATOR] Spawn ACO (alg=0) worker_id=3 num_workers=4 [initial_aco] — 9x9
[ORCHESTRATOR] Spawn CP-DCM-ACO (alg=2) worker_id=0 num_workers=4 [initial_cp_dcm] — 9x9
[ORCHESTRATOR] Spawn CP-DCM-ACO (alg=2) worker_id=1 num_workers=4 [initial_cp_dcm] — 9x9
[ORCHESTRATOR] Spawn CP-DCM-ACO (alg=2) worker_id=2 num_workers=4 [initial_cp_dcm] — 9x9
[ORCHESTRATOR] Spawn CP-DCM-ACO (alg=2) worker_id=3 num_workers=4 [initial_cp_dcm] — 9x9
[ORCHESTRATOR] All ACO (alg=0) workers finished all timeouts; spawning CP-DCM-ACO (alg=2) on worker IDs 4..7.
[ORCHESTRATOR] Spawn CP-DCM-ACO (alg=2) worker_id=4 num_workers=8 [transfer_alg2_after_alg0] — 9x9
[ORCHESTRATOR] Spawn CP-DCM-ACO (alg=2) worker_id=5 num_workers=8 [transfer_alg2_after_alg0] — 9x9
[ORCHESTRATOR] Spawn CP-DCM-ACO (alg=2) worker_id=6 num_workers=8 [transfer_alg2_after_alg0] — 9x9
[ORCHESTRATOR] Spawn CP-DCM-ACO (alg=2) worker_id=7 num_workers=8 [transfer_alg2_after_alg0] — 9x9
[ORCHESTRATOR] Size phase complete — 9x9

[ORCHESTRATOR] Size phase — puzzle=16x16 timeouts=[10, 15, 25, 30]
[ORCHESTRATOR] Spawn ACO (alg=0) worker_id=0 num_workers=4 [initial_aco] — 16x16
[ORCHESTRATOR] Spawn ACO (alg=0) worker_id=1 num_workers=4 [initial_aco] — 16x16
[ORCHESTRATOR] Spawn ACO (alg=0) worker_id=2 num_workers=4 [initial_aco] — 16x16
[ORCHESTRATOR] Spawn ACO (alg=0) worker_id=3 num_workers=4 [initial_aco] — 16x16
[ORCHESTRATOR] Spawn CP-DCM-ACO (alg=2) worker_id=0 num_workers=4 [initial_cp_dcm] — 16x16
[ORCHESTRATOR] Spawn CP-DCM-ACO (alg=2) worker_id=1 num_workers=4 [initial_cp_dcm] — 16x16
[ORCHESTRATOR] Spawn CP-DCM-ACO (alg=2) worker_id=2 num_workers=4 [initial_cp_dcm] — 16x16
[ORCHESTRATOR] Spawn CP-DCM-ACO (alg=2) worker_id=3 num_workers=4 [initial_cp_dcm] — 16x16
[ORCHESTRATOR] Size phase complete — 16x16

[ORCHESTRATOR] Size phase — puzzle=25x25 timeouts=[60, 90, 150, 180]
[ORCHESTRATOR] Spawn ACO (alg=0) worker_id=0 num_workers=4 [initial_aco] — 25x25
[ORCHESTRATOR] Spawn ACO (alg=0) worker_id=1 num_workers=4 [initial_aco] — 25x25
[ORCHESTRATOR] Spawn ACO (alg=0) worker_id=2 num_workers=4 [initial_aco] — 25x25
[ORCHESTRATOR] Spawn ACO (alg=0) worker_id=3 num_workers=4 [initial_aco] — 25x25
[ORCHESTRATOR] Spawn CP-DCM-ACO (alg=2) worker_id=0 num_workers=4 [initial_cp_dcm] — 25x25
[ORCHESTRATOR] Spawn CP-DCM-ACO (alg=2) worker_id=1 num_workers=4 [initial_cp_dcm] — 25x25
[ORCHESTRATOR] Spawn CP-DCM-ACO (alg=2) worker_id=2 num_workers=4 [initial_cp_dcm] — 25x25
[ORCHESTRATOR] Spawn CP-DCM-ACO (alg=2) worker_id=3 num_workers=4 [initial_cp_dcm] — 25x25
[ORCHESTRATOR] All CP-DCM-ACO (alg=2) workers finished all timeouts; spawning ACO (alg=0) on worker IDs 4..7.
[ORCHESTRATOR] Spawn ACO (alg=0) worker_id=4 num_workers=8 [transfer_alg0_after_alg2] — 25x25
[ORCHESTRATOR] Spawn ACO (alg=0) worker_id=5 num_workers=8 [transfer_alg0_after_alg2] — 25x25
[ORCHESTRATOR] Spawn ACO (alg=0) worker_id=6 num_workers=8 [transfer_alg0_after_alg2] — 25x25
[ORCHESTRATOR] Spawn ACO (alg=0) worker_id=7 num_workers=8 [transfer_alg0_after_alg2] — 25x25

========================================================================
[2026-04-07 00:13:51] ORCHESTRATOR — parallel parent
========================================================================
[ORCHESTRATOR] Parallel timeout mode: 4 worker(s)/algorithm per alg in the initial phase; up to 8 workers on one algorithm after transfer; each child runs all timeouts for its alg.

[ORCHESTRATOR] Size phase — puzzle=9x9 timeouts=[1, 3, 7, 9]
[ORCHESTRATOR] Spawn ACO (alg=0) worker_id=0 num_workers=4 [initial_aco] — 9x9
[ORCHESTRATOR] Spawn ACO (alg=0) worker_id=1 num_workers=4 [initial_aco] — 9x9
[ORCHESTRATOR] Spawn ACO (alg=0) worker_id=2 num_workers=4 [initial_aco] — 9x9
[ORCHESTRATOR] Spawn ACO (alg=0) worker_id=3 num_workers=4 [initial_aco] — 9x9
[ORCHESTRATOR] Spawn CP-DCM-ACO (alg=2) worker_id=0 num_workers=4 [initial_cp_dcm] — 9x9
[ORCHESTRATOR] Spawn CP-DCM-ACO (alg=2) worker_id=1 num_workers=4 [initial_cp_dcm] — 9x9
[ORCHESTRATOR] Spawn CP-DCM-ACO (alg=2) worker_id=2 num_workers=4 [initial_cp_dcm] — 9x9
[ORCHESTRATOR] Spawn CP-DCM-ACO (alg=2) worker_id=3 num_workers=4 [initial_cp_dcm] — 9x9
[ORCHESTRATOR] Size phase complete — 9x9

[ORCHESTRATOR] Size phase — puzzle=16x16 timeouts=[10, 15, 25, 30]
[ORCHESTRATOR] Spawn ACO (alg=0) worker_id=0 num_workers=4 [initial_aco] — 16x16
[ORCHESTRATOR] Spawn ACO (alg=0) worker_id=1 num_workers=4 [initial_aco] — 16x16
[ORCHESTRATOR] Spawn ACO (alg=0) worker_id=2 num_workers=4 [initial_aco] — 16x16
[ORCHESTRATOR] Spawn ACO (alg=0) worker_id=3 num_workers=4 [initial_aco] — 16x16
[ORCHESTRATOR] Spawn CP-DCM-ACO (alg=2) worker_id=0 num_workers=4 [initial_cp_dcm] — 16x16
[ORCHESTRATOR] Spawn CP-DCM-ACO (alg=2) worker_id=1 num_workers=4 [initial_cp_dcm] — 16x16
[ORCHESTRATOR] Spawn CP-DCM-ACO (alg=2) worker_id=2 num_workers=4 [initial_cp_dcm] — 16x16
[ORCHESTRATOR] Spawn CP-DCM-ACO (alg=2) worker_id=3 num_workers=4 [initial_cp_dcm] — 16x16
[ORCHESTRATOR] Size phase complete — 16x16

[ORCHESTRATOR] Size phase — puzzle=25x25 timeouts=[60, 90, 150, 180]
[ORCHESTRATOR] Spawn ACO (alg=0) worker_id=0 num_workers=4 [initial_aco] — 25x25
[ORCHESTRATOR] Spawn ACO (alg=0) worker_id=1 num_workers=4 [initial_aco] — 25x25
[ORCHESTRATOR] Spawn ACO (alg=0) worker_id=2 num_workers=4 [initial_aco] — 25x25
[ORCHESTRATOR] Spawn ACO (alg=0) worker_id=3 num_workers=4 [initial_aco] — 25x25
[ORCHESTRATOR] Spawn CP-DCM-ACO (alg=2) worker_id=0 num_workers=4 [initial_cp_dcm] — 25x25
[ORCHESTRATOR] Spawn CP-DCM-ACO (alg=2) worker_id=1 num_workers=4 [initial_cp_dcm] — 25x25
[ORCHESTRATOR] Spawn CP-DCM-ACO (alg=2) worker_id=2 num_workers=4 [initial_cp_dcm] — 25x25
[ORCHESTRATOR] Spawn CP-DCM-ACO (alg=2) worker_id=3 num_workers=4 [initial_cp_dcm] — 25x25
[ORCHESTRATOR] All CP-DCM-ACO (alg=2) workers finished all timeouts; spawning ACO (alg=0) on worker IDs 4..7.
[ORCHESTRATOR] Spawn ACO (alg=0) worker_id=4 num_workers=8 [transfer_alg0_after_alg2] — 25x25
[ORCHESTRATOR] Spawn ACO (alg=0) worker_id=5 num_workers=8 [transfer_alg0_after_alg2] — 25x25
[ORCHESTRATOR] Spawn ACO (alg=0) worker_id=6 num_workers=8 [transfer_alg0_after_alg2] — 25x25
[ORCHESTRATOR] Spawn ACO (alg=0) worker_id=7 num_workers=8 [transfer_alg0_after_alg2] — 25x25

========================================================================
[2026-04-07 07:38:19] ORCHESTRATOR — parallel parent
========================================================================
[ORCHESTRATOR] Parallel timeout mode: 4 worker(s)/algorithm; worker transfer disabled for shard integrity; each child runs all timeouts for its algorithm.

[ORCHESTRATOR] Size phase — puzzle=9x9 timeouts=[1, 3, 7, 9]
[ORCHESTRATOR] Spawn ACO (alg=0) worker_id=0 num_workers=4 [initial_aco] — 9x9
[ORCHESTRATOR] Spawn ACO (alg=0) worker_id=1 num_workers=4 [initial_aco] — 9x9
[ORCHESTRATOR] Spawn ACO (alg=0) worker_id=2 num_workers=4 [initial_aco] — 9x9
[ORCHESTRATOR] Spawn ACO (alg=0) worker_id=3 num_workers=4 [initial_aco] — 9x9
[ORCHESTRATOR] Spawn CP-DCM-ACO (alg=2) worker_id=0 num_workers=4 [initial_cp_dcm] — 9x9
[ORCHESTRATOR] Spawn CP-DCM-ACO (alg=2) worker_id=1 num_workers=4 [initial_cp_dcm] — 9x9
[ORCHESTRATOR] Spawn CP-DCM-ACO (alg=2) worker_id=2 num_workers=4 [initial_cp_dcm] — 9x9
[ORCHESTRATOR] Spawn CP-DCM-ACO (alg=2) worker_id=3 num_workers=4 [initial_cp_dcm] — 9x9
[ORCHESTRATOR] Size phase complete — 9x9

[ORCHESTRATOR] Size phase — puzzle=16x16 timeouts=[10, 15, 25, 30]
[ORCHESTRATOR] Spawn ACO (alg=0) worker_id=0 num_workers=4 [initial_aco] — 16x16
[ORCHESTRATOR] Spawn ACO (alg=0) worker_id=1 num_workers=4 [initial_aco] — 16x16
[ORCHESTRATOR] Spawn ACO (alg=0) worker_id=2 num_workers=4 [initial_aco] — 16x16
[ORCHESTRATOR] Spawn ACO (alg=0) worker_id=3 num_workers=4 [initial_aco] — 16x16
[ORCHESTRATOR] Spawn CP-DCM-ACO (alg=2) worker_id=0 num_workers=4 [initial_cp_dcm] — 16x16
[ORCHESTRATOR] Spawn CP-DCM-ACO (alg=2) worker_id=1 num_workers=4 [initial_cp_dcm] — 16x16
[ORCHESTRATOR] Spawn CP-DCM-ACO (alg=2) worker_id=2 num_workers=4 [initial_cp_dcm] — 16x16
[ORCHESTRATOR] Spawn CP-DCM-ACO (alg=2) worker_id=3 num_workers=4 [initial_cp_dcm] — 16x16
[ORCHESTRATOR] Size phase complete — 16x16

[ORCHESTRATOR] Size phase — puzzle=25x25 timeouts=[60, 90, 150, 180]
[ORCHESTRATOR] Spawn ACO (alg=0) worker_id=0 num_workers=4 [initial_aco] — 25x25
[ORCHESTRATOR] Spawn ACO (alg=0) worker_id=1 num_workers=4 [initial_aco] — 25x25
[ORCHESTRATOR] Spawn ACO (alg=0) worker_id=2 num_workers=4 [initial_aco] — 25x25
[ORCHESTRATOR] Spawn ACO (alg=0) worker_id=3 num_workers=4 [initial_aco] — 25x25
[ORCHESTRATOR] Spawn CP-DCM-ACO (alg=2) worker_id=0 num_workers=4 [initial_cp_dcm] — 25x25
[ORCHESTRATOR] Spawn CP-DCM-ACO (alg=2) worker_id=1 num_workers=4 [initial_cp_dcm] — 25x25
[ORCHESTRATOR] Spawn CP-DCM-ACO (alg=2) worker_id=2 num_workers=4 [initial_cp_dcm] — 25x25
[ORCHESTRATOR] Spawn CP-DCM-ACO (alg=2) worker_id=3 num_workers=4 [initial_cp_dcm] — 25x25

========================================================================
[2026-04-07 08:07:45] ORCHESTRATOR — parallel parent
========================================================================
[ORCHESTRATOR] Parallel timeout mode: 4 worker(s)/algorithm; dynamic claims enabled (safe work-stealing); transfer enabled.

[ORCHESTRATOR] Size phase — puzzle=9x9 timeouts=[1, 3, 7, 9]
[ORCHESTRATOR] Spawn ACO (alg=0) worker_id=0 num_workers=4 [initial_aco] — 9x9
[ORCHESTRATOR] Spawn ACO (alg=0) worker_id=1 num_workers=4 [initial_aco] — 9x9
[ORCHESTRATOR] Spawn ACO (alg=0) worker_id=2 num_workers=4 [initial_aco] — 9x9
[ORCHESTRATOR] Spawn ACO (alg=0) worker_id=3 num_workers=4 [initial_aco] — 9x9
[ORCHESTRATOR] Spawn CP-DCM-ACO (alg=2) worker_id=0 num_workers=4 [initial_cp_dcm] — 9x9
[ORCHESTRATOR] Spawn CP-DCM-ACO (alg=2) worker_id=1 num_workers=4 [initial_cp_dcm] — 9x9
[ORCHESTRATOR] Spawn CP-DCM-ACO (alg=2) worker_id=2 num_workers=4 [initial_cp_dcm] — 9x9
[ORCHESTRATOR] Spawn CP-DCM-ACO (alg=2) worker_id=3 num_workers=4 [initial_cp_dcm] — 9x9
[ORCHESTRATOR] All CP-DCM-ACO (alg=2) workers finished; transferring worker IDs 4..7 to ACO (alg=0).
[ORCHESTRATOR] Spawn ACO (alg=0) worker_id=4 num_workers=8 [transfer_alg0_after_alg2] — 9x9
[ORCHESTRATOR] Spawn ACO (alg=0) worker_id=5 num_workers=8 [transfer_alg0_after_alg2] — 9x9
[ORCHESTRATOR] Spawn ACO (alg=0) worker_id=6 num_workers=8 [transfer_alg0_after_alg2] — 9x9
[ORCHESTRATOR] Spawn ACO (alg=0) worker_id=7 num_workers=8 [transfer_alg0_after_alg2] — 9x9
[ORCHESTRATOR] Size phase complete — 9x9

[ORCHESTRATOR] Size phase — puzzle=16x16 timeouts=[10, 15, 25, 30]
[ORCHESTRATOR] Spawn ACO (alg=0) worker_id=0 num_workers=4 [initial_aco] — 16x16
[ORCHESTRATOR] Spawn ACO (alg=0) worker_id=1 num_workers=4 [initial_aco] — 16x16
[ORCHESTRATOR] Spawn ACO (alg=0) worker_id=2 num_workers=4 [initial_aco] — 16x16
[ORCHESTRATOR] Spawn ACO (alg=0) worker_id=3 num_workers=4 [initial_aco] — 16x16
[ORCHESTRATOR] Spawn CP-DCM-ACO (alg=2) worker_id=0 num_workers=4 [initial_cp_dcm] — 16x16
[ORCHESTRATOR] Spawn CP-DCM-ACO (alg=2) worker_id=1 num_workers=4 [initial_cp_dcm] — 16x16
[ORCHESTRATOR] Spawn CP-DCM-ACO (alg=2) worker_id=2 num_workers=4 [initial_cp_dcm] — 16x16
[ORCHESTRATOR] Spawn CP-DCM-ACO (alg=2) worker_id=3 num_workers=4 [initial_cp_dcm] — 16x16
[ORCHESTRATOR] All ACO (alg=0) workers finished; transferring worker IDs 4..7 to CP-DCM-ACO (alg=2).
[ORCHESTRATOR] Spawn CP-DCM-ACO (alg=2) worker_id=4 num_workers=8 [transfer_alg2_after_alg0] — 16x16
[ORCHESTRATOR] Spawn CP-DCM-ACO (alg=2) worker_id=5 num_workers=8 [transfer_alg2_after_alg0] — 16x16
[ORCHESTRATOR] Spawn CP-DCM-ACO (alg=2) worker_id=6 num_workers=8 [transfer_alg2_after_alg0] — 16x16
[ORCHESTRATOR] Spawn CP-DCM-ACO (alg=2) worker_id=7 num_workers=8 [transfer_alg2_after_alg0] — 16x16
[ORCHESTRATOR] Size phase complete — 16x16

[ORCHESTRATOR] Size phase — puzzle=25x25 timeouts=[60, 90, 150, 180]
[ORCHESTRATOR] Spawn ACO (alg=0) worker_id=0 num_workers=4 [initial_aco] — 25x25
[ORCHESTRATOR] Spawn ACO (alg=0) worker_id=1 num_workers=4 [initial_aco] — 25x25
[ORCHESTRATOR] Spawn ACO (alg=0) worker_id=2 num_workers=4 [initial_aco] — 25x25
[ORCHESTRATOR] Spawn ACO (alg=0) worker_id=3 num_workers=4 [initial_aco] — 25x25
[ORCHESTRATOR] Spawn CP-DCM-ACO (alg=2) worker_id=0 num_workers=4 [initial_cp_dcm] — 25x25
[ORCHESTRATOR] Spawn CP-DCM-ACO (alg=2) worker_id=1 num_workers=4 [initial_cp_dcm] — 25x25
[ORCHESTRATOR] Spawn CP-DCM-ACO (alg=2) worker_id=2 num_workers=4 [initial_cp_dcm] — 25x25
[ORCHESTRATOR] Spawn CP-DCM-ACO (alg=2) worker_id=3 num_workers=4 [initial_cp_dcm] — 25x25
[ORCHESTRATOR] All CP-DCM-ACO (alg=2) workers finished; transferring worker IDs 4..7 to ACO (alg=0).
[ORCHESTRATOR] Spawn ACO (alg=0) worker_id=4 num_workers=8 [transfer_alg0_after_alg2] — 25x25
[ORCHESTRATOR] Spawn ACO (alg=0) worker_id=5 num_workers=8 [transfer_alg0_after_alg2] — 25x25
[ORCHESTRATOR] Spawn ACO (alg=0) worker_id=6 num_workers=8 [transfer_alg0_after_alg2] — 25x25
[ORCHESTRATOR] Spawn ACO (alg=0) worker_id=7 num_workers=8 [transfer_alg0_after_alg2] — 25x25

========================================================================
[2026-04-08 00:07:38] ORCHESTRATOR — parallel parent
========================================================================
[ORCHESTRATOR] Parallel timeout mode: 4 worker(s)/algorithm; dynamic claims enabled (safe work-stealing); transfer enabled.

[ORCHESTRATOR] Size phase — puzzle=9x9 timeouts=[1, 3, 7, 9]
[ORCHESTRATOR] Spawn ACO (alg=0) worker_id=0 num_workers=4 [initial_aco] — 9x9
[ORCHESTRATOR] Spawn ACO (alg=0) worker_id=1 num_workers=4 [initial_aco] — 9x9
[ORCHESTRATOR] Spawn ACO (alg=0) worker_id=2 num_workers=4 [initial_aco] — 9x9
[ORCHESTRATOR] Spawn ACO (alg=0) worker_id=3 num_workers=4 [initial_aco] — 9x9
[ORCHESTRATOR] Spawn CP-DCM-ACO (alg=2) worker_id=0 num_workers=4 [initial_cp_dcm] — 9x9
[ORCHESTRATOR] Spawn CP-DCM-ACO (alg=2) worker_id=1 num_workers=4 [initial_cp_dcm] — 9x9
[ORCHESTRATOR] Spawn CP-DCM-ACO (alg=2) worker_id=2 num_workers=4 [initial_cp_dcm] — 9x9
[ORCHESTRATOR] Spawn CP-DCM-ACO (alg=2) worker_id=3 num_workers=4 [initial_cp_dcm] — 9x9
[ORCHESTRATOR] Size phase complete — 9x9

[ORCHESTRATOR] Size phase — puzzle=16x16 timeouts=[10, 15, 25, 30]
[ORCHESTRATOR] Spawn ACO (alg=0) worker_id=0 num_workers=4 [initial_aco] — 16x16
[ORCHESTRATOR] Spawn ACO (alg=0) worker_id=1 num_workers=4 [initial_aco] — 16x16
[ORCHESTRATOR] Spawn ACO (alg=0) worker_id=2 num_workers=4 [initial_aco] — 16x16
[ORCHESTRATOR] Spawn ACO (alg=0) worker_id=3 num_workers=4 [initial_aco] — 16x16
[ORCHESTRATOR] Spawn CP-DCM-ACO (alg=2) worker_id=0 num_workers=4 [initial_cp_dcm] — 16x16
[ORCHESTRATOR] Spawn CP-DCM-ACO (alg=2) worker_id=1 num_workers=4 [initial_cp_dcm] — 16x16
[ORCHESTRATOR] Spawn CP-DCM-ACO (alg=2) worker_id=2 num_workers=4 [initial_cp_dcm] — 16x16
[ORCHESTRATOR] Spawn CP-DCM-ACO (alg=2) worker_id=3 num_workers=4 [initial_cp_dcm] — 16x16
[ORCHESTRATOR] Size phase complete — 16x16

[ORCHESTRATOR] Size phase — puzzle=25x25 timeouts=[60, 90, 150, 180]
[ORCHESTRATOR] Spawn ACO (alg=0) worker_id=0 num_workers=4 [initial_aco] — 25x25
[ORCHESTRATOR] Spawn ACO (alg=0) worker_id=1 num_workers=4 [initial_aco] — 25x25
[ORCHESTRATOR] Spawn ACO (alg=0) worker_id=2 num_workers=4 [initial_aco] — 25x25
[ORCHESTRATOR] Spawn ACO (alg=0) worker_id=3 num_workers=4 [initial_aco] — 25x25
[ORCHESTRATOR] Spawn CP-DCM-ACO (alg=2) worker_id=0 num_workers=4 [initial_cp_dcm] — 25x25
[ORCHESTRATOR] Spawn CP-DCM-ACO (alg=2) worker_id=1 num_workers=4 [initial_cp_dcm] — 25x25
[ORCHESTRATOR] Spawn CP-DCM-ACO (alg=2) worker_id=2 num_workers=4 [initial_cp_dcm] — 25x25
[ORCHESTRATOR] Spawn CP-DCM-ACO (alg=2) worker_id=3 num_workers=4 [initial_cp_dcm] — 25x25
[ORCHESTRATOR] All CP-DCM-ACO (alg=2) workers finished; transferring worker IDs 4..7 to ACO (alg=0).
[ORCHESTRATOR] Spawn ACO (alg=0) worker_id=4 num_workers=8 [transfer_alg0_after_alg2] — 25x25
[ORCHESTRATOR] Spawn ACO (alg=0) worker_id=5 num_workers=8 [transfer_alg0_after_alg2] — 25x25
[ORCHESTRATOR] Spawn ACO (alg=0) worker_id=6 num_workers=8 [transfer_alg0_after_alg2] — 25x25
[ORCHESTRATOR] Spawn ACO (alg=0) worker_id=7 num_workers=8 [transfer_alg0_after_alg2] — 25x25
[ORCHESTRATOR] Size phase complete — 25x25

[2026-04-08 11:26:07] [ORCHESTRATOR] Consolidating timeout comparison Excel…
Saved: results\ablation\timeout\timeout_comparison.xlsx
Updated: results\ablation\ablation_results.xlsx
