
============================================================
worker start: entropyPct=83.25 size=25 worker_id=0/2
============================================================
======================================================================
Ablation Study for CP-DCM-ACO
Parameters to test: entropyPct
Puzzle sizes: 25x25
Repetitions per instance: 100
Total configurations: 1
Output directory: results\ablation
======================================================================

======================================================================
Puzzle size: 25x25
======================================================================

  Parameter: Entropy Threshold (% of Max Entropy) (entropyPct)

[Config 1/1] entropyPct=83.25 on 25x25
  [entropyPct=83.25 [25x25]] (1/50) inst25x25_40_10.txt 
    Rep 1/100: OK (time=1.2786s)
    Rep 2/100: OK (time=0.2668s)
    Rep 3/100: OK (time=0.2674s)
    Rep 4/100: OK (time=0.2906s)
    Rep 5/100: OK (time=2.5665s)
    Rep 6/100: OK (time=8.3626s)
    Rep 7/100: OK (time=2.5162s)
    Rep 8/100: OK (time=0.9136s)
    Rep 9/100: OK (time=0.5150s)
    Rep 10/100: OK (time=2.2318s)
    Rep 11/100: OK (time=3.9463s)
    Rep 12/100: OK (time=6.9890s)
    Rep 13/100: OK (time=2.4515s)
    Rep 14/100: OK (time=0.8410s)
    Rep 15/100: OK (time=0.5036s)
    Rep 16/100: OK (time=6.0449s)
    Rep 17/100: OK (time=1.2451s)
    Rep 18/100: OK (time=6.6527s)
    Rep 19/100: OK (time=0.2412s)
    Rep 20/100: OK (time=2.3193s)
    Rep 21/100: OK (time=7.8055s)
    Rep 22/100: OK (time=7.4215s)
    Rep 23/100: OK (time=4.8456s)
    Rep 24/100: OK (time=2.4364s)
    Rep 25/100: OK (time=7.6437s)
    Rep 26/100: OK (time=6.9445s)
    Rep 27/100: OK (time=0.7390s)
    Rep 28/100: OK (time=3.6041s)
    Rep 29/100: OK (time=0.9801s)
    Rep 30/100: OK (time=2.8361s)
    Rep 31/100: OK (time=2.7329s)
    Rep 32/100: OK (time=3.6018s)
    Rep 33/100: OK (time=5.3967s)
    Rep 34/100: OK (time=1.0148s)
    Rep 35/100: OK (time=4.5767s)
    Rep 36/100: OK (time=1.0705s)
    Rep 37/100: OK (time=1.5679s)
    Rep 38/100: OK (time=0.6505s)
    Rep 39/100: OK (time=3.2651s)
    Rep 40/100: OK (time=3.0093s)
    Rep 41/100: OK (time=0.3454s)
    Rep 42/100: OK (time=0.6294s)
    Rep 43/100: OK (time=0.7064s)
    Rep 44/100: OK (time=1.2000s)
    Rep 45/100: OK (time=6.1120s)
    Rep 46/100: OK (time=0.6555s)
    Rep 47/100: OK (time=1.3799s)
    Rep 48/100: OK (time=6.3918s)
    Rep 49/100: OK (time=8.9010s)
    Rep 50/100: OK (time=1.3799s)
    Rep 51/100: OK (time=0.4634s)
    Rep 52/100: OK (time=2.6757s)
    Rep 53/100: OK (time=3.9860s)
    Rep 54/100: OK (time=4.1071s)
    Rep 55/100: OK (time=4.3648s)
    Rep 56/100: OK (time=3.5690s)
    Rep 57/100: OK (time=5.2572s)
    Rep 58/100: OK (time=1.5850s)
    Rep 59/100: OK (time=2.2246s)
    Rep 60/100: OK (time=2.8841s)
    Rep 61/100: OK (time=16.1028s)
    Rep 62/100: OK (time=2.9870s)
    Rep 63/100: OK (time=4.2199s)
    Rep 64/100: OK (time=1.5243s)
    Rep 65/100: OK (time=2.7572s)
    Rep 66/100: OK (time=1.5977s)
    Rep 67/100: OK (time=16.0505s)
    Rep 68/100: OK (time=3.1978s)
    Rep 69/100: OK (time=2.7133s)
    Rep 70/100: OK (time=1.7838s)
    Rep 71/100: OK (time=3.7424s)
    Rep 72/100: OK (time=1.3151s)
    Rep 73/100: OK (time=3.0327s)
    Rep 74/100: OK (time=4.2183s)
    Rep 75/100: OK (time=0.2024s)
    Rep 76/100: OK (time=4.0877s)
    Rep 77/100: OK (time=0.4858s)
    Rep 78/100: OK (time=0.8632s)
    Rep 79/100: OK (time=2.6594s)
    Rep 80/100: OK (time=0.6128s)
    Rep 81/100: OK (time=1.8170s)
    Rep 82/100: OK (time=2.1385s)
    Rep 83/100: OK (time=1.8989s)
    Rep 84/100: OK (time=1.2588s)
    Rep 85/100: OK (time=0.2909s)
    Rep 86/100: OK (time=8.4126s)
    Rep 87/100: OK (time=1.1667s)
    Rep 88/100: OK (time=9.2266s)
    Rep 89/100: OK (time=3.8266s)
    Rep 90/100: OK (time=7.4711s)
    Rep 91/100: OK (time=7.1356s)
    Rep 92/100: OK (time=3.7262s)
    Rep 93/100: OK (time=0.8242s)
    Rep 94/100: OK (time=2.4574s)
    Rep 95/100: OK (time=3.6253s)
    Rep 96/100: OK (time=6.1890s)
    Rep 97/100: OK (time=9.3648s)
    Rep 98/100: OK (time=2.0504s)
    Rep 99/100: OK (time=0.6960s)
    Rep 100/100: OK (time=4.0153s)
    => success%=100.0 time_mean=3.331503 cycles_mean=129.45
  [entropyPct=83.25 [25x25]] (2/50) inst25x25_40_50.txt 
    Rep 1/100: OK (time=9.4111s)
    Rep 2/100: OK (time=5.3563s)
    Rep 3/100: OK (time=2.8183s)
    Rep 4/100: OK (time=8.0432s)
    Rep 5/100: OK (time=24.7910s)
    Rep 6/100: OK (time=20.4075s)
    Rep 7/100: OK (time=9.5326s)
    Rep 8/100: OK (time=4.7851s)
    Rep 9/100: OK (time=0.4713s)
    Rep 10/100: OK (time=17.3307s)
    Rep 11/100: OK (time=1.4699s)
    Rep 12/100: OK (time=12.7508s)
    Rep 13/100: OK (time=4.5151s)
    Rep 14/100: OK (time=7.8183s)
    Rep 15/100: OK (time=2.1894s)
    Rep 16/100: OK (time=5.0645s)
    Rep 17/100: OK (time=12.6199s)
    Rep 18/100: OK (time=2.6937s)
    Rep 19/100: OK (time=14.8183s)
    Rep 20/100: OK (time=3.0446s)
    Rep 21/100: OK (time=2.3178s)
    Rep 22/100: OK (time=8.9290s)
    Rep 23/100: OK (time=1.4825s)
    Rep 24/100: OK (time=9.1239s)
    Rep 25/100: OK (time=3.6202s)
    Rep 26/100: OK (time=9.1463s)
    Rep 27/100: OK (time=6.2820s)
    Rep 28/100: OK (time=21.2582s)
    Rep 29/100: OK (time=29.7359s)
    Rep 30/100: OK (time=8.9355s)
    Rep 31/100: OK (time=13.2035s)
    Rep 32/100: OK (time=31.8188s)
    Rep 33/100: OK (time=3.3685s)
    Rep 34/100: OK (time=2.2881s)
    Rep 35/100: OK (time=2.4691s)
    Rep 36/100: OK (time=27.2464s)
    Rep 37/100: OK (time=6.3160s)
    Rep 38/100: OK (time=1.5704s)
    Rep 39/100: OK (time=9.2331s)
    Rep 40/100: OK (time=2.2476s)
    Rep 41/100: OK (time=2.3466s)
    Rep 42/100: OK (time=1.2576s)
    Rep 43/100: OK (time=10.2658s)
    Rep 44/100: OK (time=10.1702s)
    Rep 45/100: OK (time=10.9335s)
    Rep 46/100: OK (time=7.8814s)
    Rep 47/100: OK (time=7.2697s)
    Rep 48/100: OK (time=4.2035s)
    Rep 49/100: OK (time=10.0059s)
    Rep 50/100: OK (time=1.0805s)
    Rep 51/100: OK (time=3.4219s)
    Rep 52/100: OK (time=21.2060s)
    Rep 53/100: OK (time=3.6075s)
    Rep 54/100: OK (time=1.0836s)
    Rep 55/100: OK (time=9.4223s)
    Rep 56/100: OK (time=27.6835s)
    Rep 57/100: OK (time=6.7005s)
    Rep 58/100: OK (time=6.4537s)
    Rep 59/100: OK (time=13.0152s)
    Rep 60/100: OK (time=14.7229s)
    Rep 61/100: OK (time=13.9505s)
    Rep 62/100: OK (time=2.0609s)
    Rep 63/100: OK (time=6.9612s)
    Rep 64/100: OK (time=5.9389s)
    Rep 65/100: OK (time=9.4081s)
    Rep 66/100: OK (time=2.2451s)
    Rep 67/100: OK (time=2.5193s)
    Rep 68/100: OK (time=10.4582s)
    Rep 69/100: OK (time=7.0276s)
    Rep 70/100: OK (time=3.9079s)
    Rep 71/100: OK (time=5.2254s)
    Rep 72/100: OK (time=1.2806s)
    Rep 73/100: OK (time=6.2477s)
    Rep 74/100: OK (time=1.1600s)
    Rep 75/100: OK (time=11.3710s)
    Rep 76/100: OK (time=6.4325s)
    Rep 77/100: OK (time=6.5185s)
    Rep 78/100: OK (time=13.9105s)
    Rep 79/100: OK (time=7.9709s)
    Rep 80/100: OK (time=4.4488s)
    Rep 81/100: OK (time=1.5815s)
    Rep 82/100: OK (time=26.6174s)
    Rep 83/100: OK (time=10.2361s)
    Rep 84/100: OK (time=0.9664s)
    Rep 85/100: OK (time=9.3616s)
    Rep 86/100: OK (time=10.6737s)
    Rep 87/100: OK (time=6.6023s)
    Rep 88/100: OK (time=9.9473s)
    Rep 89/100: OK (time=3.2744s)
    Rep 90/100: OK (time=7.8687s)
    Rep 91/100: OK (time=3.5253s)
    Rep 92/100: OK (time=2.7311s)
    Rep 93/100: OK (time=10.2904s)
    Rep 94/100: OK (time=6.0141s)
    Rep 95/100: OK (time=7.6192s)
    Rep 96/100: OK (time=2.7886s)
    Rep 97/100: OK (time=2.6927s)
    Rep 98/100: OK (time=2.6232s)
    Rep 99/100: OK (time=8.7272s)
    Rep 100/100: OK (time=2.6917s)
    => success%=100.0 time_mean=8.091331 cycles_mean=299.37
  [entropyPct=83.25 [25x25]] (3/50) inst25x25_40_62.txt 
    Rep 1/100: OK (time=5.9392s)
    Rep 2/100: OK (time=7.2530s)
    Rep 3/100: OK (time=8.3961s)
    Rep 4/100: OK (time=2.7234s)
    Rep 5/100: OK (time=3.6159s)
    Rep 6/100: OK (time=7.1184s)
    Rep 7/100: OK (time=9.0346s)
    Rep 8/100: OK (time=12.8966s)
    Rep 9/100: OK (time=1.3273s)
    Rep 10/100: OK (time=2.5175s)
    Rep 11/100: OK (time=4.4011s)
    Rep 12/100: OK (time=2.4630s)
    Rep 13/100: OK (time=5.7554s)
    Rep 14/100: OK (time=2.4838s)
    Rep 15/100: OK (time=18.3793s)
    Rep 16/100: OK (time=19.5761s)
    Rep 17/100: OK (time=6.5767s)
    Rep 18/100: OK (time=4.1790s)
    Rep 19/100: OK (time=16.7589s)
    Rep 20/100: OK (time=12.6389s)
    Rep 21/100: OK (time=1.6018s)
    Rep 22/100: OK (time=3.9876s)
    Rep 23/100: OK (time=2.1154s)
    Rep 24/100: OK (time=14.9059s)
    Rep 25/100: OK (time=2.3271s)
    Rep 26/100: OK (time=7.6789s)
    Rep 27/100: OK (time=1.5248s)
    Rep 28/100: OK (time=7.8495s)
    Rep 29/100: OK (time=3.6841s)
    Rep 30/100: OK (time=29.6925s)
    Rep 31/100: OK (time=5.5795s)
    Rep 32/100: OK (time=5.9183s)
    Rep 33/100: OK (time=5.3961s)
    Rep 34/100: OK (time=5.3682s)
    Rep 35/100: OK (time=1.3645s)
    Rep 36/100: OK (time=7.0644s)
    Rep 37/100: OK (time=9.4173s)
    Rep 38/100: OK (time=2.3679s)
    Rep 39/100: OK (time=2.6637s)
    Rep 40/100: OK (time=6.9917s)
    Rep 41/100: OK (time=13.5849s)
    Rep 42/100: OK (time=15.3208s)
    Rep 43/100: OK (time=12.3332s)
    Rep 44/100: OK (time=4.5174s)
    Rep 45/100: OK (time=9.4786s)
    Rep 46/100: OK (time=7.6337s)
    Rep 47/100: OK (time=4.0138s)
    Rep 48/100: OK (time=9.4696s)
    Rep 49/100: OK (time=6.2091s)
    Rep 50/100: OK (time=7.5304s)
    Rep 51/100: OK (time=8.7447s)
    Rep 52/100: OK (time=0.7641s)
    Rep 53/100: OK (time=9.7105s)
    Rep 54/100: OK (time=3.8096s)
    Rep 55/100: OK (time=9.9132s)
    Rep 56/100: OK (time=25.1177s)
    Rep 57/100: OK (time=14.0664s)
    Rep 58/100: OK (time=0.5936s)
    Rep 59/100: OK (time=5.1371s)
    Rep 60/100: OK (time=0.9329s)
    Rep 61/100: OK (time=12.5822s)
    Rep 62/100: OK (time=12.5317s)
    Rep 63/100: OK (time=3.5330s)
    Rep 64/100: OK (time=9.0894s)
    Rep 65/100: OK (time=12.3944s)
    Rep 66/100: OK (time=9.6248s)
    Rep 67/100: OK (time=1.6285s)
    Rep 68/100: OK (time=5.6386s)
    Rep 69/100: OK (time=38.1306s)
    Rep 70/100: OK (time=2.8171s)
    Rep 71/100: OK (time=4.6056s)
    Rep 72/100: OK (time=3.8571s)
    Rep 73/100: OK (time=5.2817s)
    Rep 74/100: OK (time=3.4990s)
    Rep 75/100: OK (time=5.1087s)
    Rep 76/100: OK (time=22.2467s)
    Rep 77/100: OK (time=3.3981s)
    Rep 78/100: OK (time=7.9898s)
    Rep 79/100: OK (time=6.5786s)
    Rep 80/100: OK (time=6.3641s)
    Rep 81/100: OK (time=4.1526s)
    Rep 82/100: OK (time=14.7322s)
    Rep 83/100: OK (time=14.8889s)
    Rep 84/100: OK (time=2.2214s)
    Rep 85/100: OK (time=15.5537s)
    Rep 86/100: OK (time=1.5508s)
    Rep 87/100: OK (time=5.8218s)
    Rep 88/100: OK (time=5.5556s)
    Rep 89/100: OK (time=3.1444s)
    Rep 90/100: OK (time=2.2711s)
    Rep 91/100: OK (time=4.9466s)
    Rep 92/100: OK (time=7.6715s)
    Rep 93/100: OK (time=0.9890s)
    Rep 94/100: OK (time=1.8226s)
    Rep 95/100: OK (time=1.0352s)
    Rep 96/100: OK (time=1.5606s)
    Rep 97/100: OK (time=6.4826s)
    Rep 98/100: OK (time=19.7679s)
    Rep 99/100: OK (time=11.3217s)
    Rep 100/100: OK (time=2.4383s)
    => success%=100.0 time_mean=7.552429 cycles_mean=287.95
  [entropyPct=83.25 [25x25]] (4/50) inst25x25_40_80.txt 
    Rep 1/100: OK (time=5.5020s)
    Rep 2/100: OK (time=1.2604s)
    Rep 3/100: OK (time=3.2078s)
    Rep 4/100: OK (time=7.2265s)
    Rep 5/100: OK (time=1.1808s)
    Rep 6/100: OK (time=1.0517s)
    Rep 7/100: OK (time=4.2426s)
    Rep 8/100: OK (time=2.3566s)
    Rep 9/100: OK (time=0.1740s)
    Rep 10/100: OK (time=1.9396s)
    Rep 11/100: OK (time=1.5645s)
    Rep 12/100: OK (time=1.2591s)
    Rep 13/100: OK (time=0.8456s)
    Rep 14/100: OK (time=4.3416s)
    Rep 15/100: OK (time=1.1372s)
    Rep 16/100: OK (time=14.5556s)
    Rep 17/100: OK (time=1.9754s)
    Rep 18/100: OK (time=0.2830s)
    Rep 19/100: OK (time=12.0704s)
    Rep 20/100: OK (time=5.5781s)
    Rep 21/100: OK (time=0.5502s)
    Rep 22/100: OK (time=2.5038s)
    Rep 23/100: OK (time=7.6376s)
    Rep 24/100: OK (time=2.6008s)
    Rep 25/100: OK (time=3.0608s)
    Rep 26/100: OK (time=4.4084s)
    Rep 27/100: OK (time=2.1786s)
    Rep 28/100: OK (time=4.7498s)
    Rep 29/100: OK (time=2.2427s)
    Rep 30/100: OK (time=0.7698s)
    Rep 31/100: OK (time=5.1589s)
    Rep 32/100: OK (time=0.7324s)
    Rep 33/100: OK (time=1.6812s)
    Rep 34/100: OK (time=4.2881s)
    Rep 35/100: OK (time=1.6438s)
    Rep 36/100: OK (time=5.1807s)
    Rep 37/100: OK (time=7.0258s)
    Rep 38/100: OK (time=1.7604s)
    Rep 39/100: OK (time=9.7628s)
    Rep 40/100: OK (time=3.2542s)
    Rep 41/100: OK (time=2.9648s)
    Rep 42/100: OK (time=6.6249s)
    Rep 43/100: OK (time=3.1648s)
    Rep 44/100: OK (time=0.9685s)
    Rep 45/100: OK (time=1.0041s)
    Rep 46/100: OK (time=1.8317s)
    Rep 47/100: OK (time=5.4995s)
    Rep 48/100: OK (time=1.8664s)
    Rep 49/100: OK (time=7.5507s)
    Rep 50/100: OK (time=6.5336s)
    Rep 51/100: OK (time=5.1453s)
    Rep 52/100: OK (time=6.0663s)
    Rep 53/100: OK (time=4.1040s)
    Rep 54/100: OK (time=1.9474s)
    Rep 55/100: OK (time=4.0309s)
    Rep 56/100: OK (time=2.7691s)
    Rep 57/100: OK (time=2.6212s)
    Rep 58/100: OK (time=4.3151s)
    Rep 59/100: OK (time=9.3122s)
    Rep 60/100: OK (time=1.4628s)
    Rep 61/100: OK (time=1.0996s)
    Rep 62/100: OK (time=0.8985s)
    Rep 63/100: OK (time=0.6627s)
    Rep 64/100: OK (time=1.5886s)
    Rep 65/100: OK (time=2.4294s)
    Rep 66/100: OK (time=2.2171s)
    Rep 67/100: OK (time=2.1961s)
    Rep 68/100: OK (time=1.5579s)
    Rep 69/100: OK (time=2.1429s)
    Rep 70/100: OK (time=1.5110s)
    Rep 71/100: OK (time=0.6883s)
    Rep 72/100: OK (time=3.8533s)
    Rep 73/100: OK (time=2.4718s)
    Rep 74/100: OK (time=2.4655s)
    Rep 75/100: OK (time=4.0773s)
    Rep 76/100: OK (time=3.3405s)
    Rep 77/100: OK (time=3.2938s)
    Rep 78/100: OK (time=0.5344s)
    Rep 79/100: OK (time=0.8773s)
    Rep 80/100: OK (time=0.1766s)
    Rep 81/100: OK (time=2.7237s)
    Rep 82/100: OK (time=0.7938s)
    Rep 83/100: OK (time=6.6866s)
    Rep 84/100: OK (time=0.6945s)
    Rep 85/100: OK (time=1.6505s)
    Rep 86/100: OK (time=0.9662s)
    Rep 87/100: OK (time=11.2839s)
    Rep 88/100: OK (time=2.9717s)
    Rep 89/100: OK (time=0.1029s)
    Rep 90/100: OK (time=1.7230s)
    Rep 91/100: OK (time=17.6789s)
    Rep 92/100: OK (time=2.1610s)
    Rep 93/100: OK (time=0.1877s)
    Rep 94/100: OK (time=3.7062s)
    Rep 95/100: OK (time=0.7194s)
    Rep 96/100: OK (time=2.6271s)
    Rep 97/100: OK (time=9.2222s)
    Rep 98/100: OK (time=4.8436s)
    Rep 99/100: OK (time=1.8545s)
    Rep 100/100: OK (time=5.0623s)
    => success%=100.0 time_mean=3.384688 cycles_mean=129.74
  [entropyPct=83.25 [25x25]] (5/50) inst25x25_40_9.txt 
    Rep 1/100: OK (time=1.3751s)
    Rep 2/100: OK (time=4.1840s)
    Rep 3/100: OK (time=1.3591s)
    Rep 4/100: OK (time=3.4838s)
    Rep 5/100: OK (time=2.9203s)
    Rep 6/100: OK (time=5.9791s)
    Rep 7/100: OK (time=5.5922s)
    Rep 8/100: OK (time=1.7093s)
    Rep 9/100: OK (time=5.8468s)
    Rep 10/100: OK (time=2.8979s)
    Rep 11/100: OK (time=3.4180s)
    Rep 12/100: OK (time=14.1160s)
    Rep 13/100: OK (time=2.6921s)
    Rep 14/100: OK (time=1.0439s)
    Rep 15/100: OK (time=6.2375s)
    Rep 16/100: OK (time=4.9192s)
    Rep 17/100: OK (time=5.9528s)
    Rep 18/100: OK (time=14.1949s)
    Rep 19/100: OK (time=7.6117s)
    Rep 20/100: OK (time=3.6365s)
    Rep 21/100: OK (time=4.9532s)
    Rep 22/100: OK (time=0.9194s)
    Rep 23/100: OK (time=3.9773s)
    Rep 24/100: OK (time=1.4628s)
    Rep 25/100: OK (time=14.6904s)
    Rep 26/100: OK (time=2.1911s)
    Rep 27/100: OK (time=5.1078s)
    Rep 28/100: OK (time=4.7130s)
    Rep 29/100: OK (time=2.0624s)
    Rep 30/100: OK (time=5.5662s)
    Rep 31/100: OK (time=0.8047s)
    Rep 32/100: OK (time=3.3482s)
    Rep 33/100: OK (time=10.4797s)
    Rep 34/100: OK (time=1.1231s)
    Rep 35/100: OK (time=8.2365s)
    Rep 36/100: OK (time=2.4405s)
    Rep 37/100: OK (time=4.7466s)
    Rep 38/100: OK (time=4.1248s)
    Rep 39/100: OK (time=4.5491s)
    Rep 40/100: OK (time=2.1616s)
    Rep 41/100: OK (time=4.3945s)
    Rep 42/100: OK (time=9.2385s)
    Rep 43/100: OK (time=1.8287s)
    Rep 44/100: OK (time=13.6052s)
    Rep 45/100: OK (time=5.0063s)
    Rep 46/100: OK (time=1.0507s)
    Rep 47/100: OK (time=9.8961s)
    Rep 48/100: OK (time=6.4082s)
    Rep 49/100: OK (time=1.1189s)
    Rep 50/100: OK (time=16.4023s)
    Rep 51/100: OK (time=6.4161s)
    Rep 52/100: OK (time=6.3559s)
    Rep 53/100: OK (time=6.1885s)
    Rep 54/100: OK (time=5.9081s)
    Rep 55/100: OK (time=43.6228s)
    Rep 56/100: OK (time=3.9526s)
    Rep 57/100: OK (time=0.6406s)
    Rep 58/100: OK (time=5.7346s)
    Rep 59/100: OK (time=16.2792s)
    Rep 60/100: OK (time=1.9783s)
    Rep 61/100: OK (time=17.1509s)
    Rep 62/100: OK (time=3.0960s)
    Rep 63/100: OK (time=2.6715s)
    Rep 64/100: OK (time=7.9229s)
    Rep 65/100: OK (time=2.9424s)
    Rep 66/100: OK (time=6.2408s)
    Rep 67/100: OK (time=1.7904s)
    Rep 68/100: OK (time=4.0365s)
    Rep 69/100: OK (time=5.5601s)
    Rep 70/100: OK (time=2.2442s)
    Rep 71/100: OK (time=3.4004s)
    Rep 72/100: OK (time=1.6528s)
    Rep 73/100: OK (time=0.6836s)
    Rep 74/100: OK (time=7.4837s)
    Rep 75/100: OK (time=4.5962s)
    Rep 76/100: OK (time=5.8679s)
    Rep 77/100: OK (time=2.5828s)
    Rep 78/100: OK (time=3.8238s)
    Rep 79/100: OK (time=4.2835s)
    Rep 80/100: OK (time=3.6799s)
    Rep 81/100: OK (time=1.5338s)
    Rep 82/100: OK (time=17.8165s)
    Rep 83/100: OK (time=17.4307s)
    Rep 84/100: OK (time=12.5068s)
    Rep 85/100: OK (time=3.0627s)
    Rep 86/100: OK (time=1.5172s)
    Rep 87/100: OK (time=4.9262s)
    Rep 88/100: OK (time=14.4944s)
    Rep 89/100: OK (time=0.7631s)
    Rep 90/100: OK (time=8.0039s)
    Rep 91/100: OK (time=14.0251s)
    Rep 92/100: OK (time=6.2782s)
    Rep 93/100: OK (time=6.4564s)
    Rep 94/100: OK (time=5.2728s)
    Rep 95/100: OK (time=1.4022s)
    Rep 96/100: OK (time=1.0395s)
    Rep 97/100: OK (time=10.2009s)
    Rep 98/100: OK (time=1.4406s)
    Rep 99/100: OK (time=5.5722s)
    Rep 100/100: OK (time=8.2473s)
    => success%=100.0 time_mean=5.865552 cycles_mean=218.73
  [entropyPct=83.25 [25x25]] (6/50) inst25x25_45_1.txt 
    Rep 1/100: FAIL (time=120.7640s)
    Rep 2/100: OK (time=116.7930s)
    Rep 3/100: OK (time=24.1521s)
    Rep 4/100: OK (time=65.9035s)
    Rep 5/100: OK (time=10.0275s)
    Rep 6/100: FAIL (time=121.9800s)
    Rep 7/100: OK (time=29.6739s)
    Rep 8/100: OK (time=5.5352s)
    Rep 9/100: FAIL (time=120.3780s)
    Rep 10/100: OK (time=0.8653s)
    Rep 11/100: OK (time=11.0679s)
    Rep 12/100: OK (time=25.1714s)
    Rep 13/100: FAIL (time=120.1440s)
    Rep 14/100: FAIL (time=120.7810s)
    Rep 15/100: FAIL (time=120.8050s)
    Rep 16/100: OK (time=13.7800s)
    Rep 17/100: OK (time=52.4115s)
    Rep 18/100: OK (time=2.6400s)
    Rep 19/100: OK (time=0.2755s)
    Rep 20/100: OK (time=10.6901s)
    Rep 21/100: OK (time=6.9855s)
    Rep 22/100: OK (time=51.9882s)
    Rep 23/100: OK (time=20.8768s)
    Rep 24/100: OK (time=3.4022s)
    Rep 25/100: FAIL (time=120.5310s)
    Rep 26/100: OK (time=21.0832s)
    Rep 27/100: FAIL (time=120.0110s)
    Rep 28/100: OK (time=19.5896s)
    Rep 29/100: FAIL (time=121.4790s)
    Rep 30/100: OK (time=44.7227s)
    Rep 31/100: FAIL (time=120.4140s)
    Rep 32/100: OK (time=2.3428s)
    Rep 33/100: OK (time=32.5360s)
    Rep 34/100: OK (time=13.6647s)
    Rep 35/100: FAIL (time=121.8390s)
    Rep 36/100: FAIL (time=121.8500s)
    Rep 37/100: OK (time=63.5900s)
    Rep 38/100: FAIL (time=121.9180s)
    Rep 39/100: OK (time=1.1866s)
    Rep 40/100: OK (time=24.3422s)
    Rep 41/100: OK (time=35.3241s)
    Rep 42/100: FAIL (time=122.2940s)
    Rep 43/100: OK (time=13.8749s)
    Rep 44/100: OK (time=15.1230s)
    Rep 45/100: OK (time=4.1414s)
    Rep 46/100: OK (time=53.4645s)
    Rep 47/100: OK (time=9.2256s)
    Rep 48/100: OK (time=25.6284s)
    Rep 49/100: OK (time=8.7391s)
    Rep 50/100: OK (time=2.8121s)
    Rep 51/100: FAIL (time=120.7550s)
    Rep 52/100: OK (time=28.8004s)
    Rep 53/100: OK (time=0.2457s)
    Rep 54/100: OK (time=18.2334s)
    Rep 55/100: OK (time=7.3582s)
    Rep 56/100: OK (time=44.7495s)
    Rep 57/100: OK (time=7.7420s)
    Rep 58/100: FAIL (time=121.8910s)
    Rep 59/100: FAIL (time=120.5220s)
    Rep 60/100: OK (time=14.6236s)
    Rep 61/100: FAIL (time=120.4910s)
    Rep 62/100: FAIL (time=120.6550s)
    Rep 63/100: OK (time=33.7182s)
    Rep 64/100: FAIL (time=121.2000s)
    Rep 65/100: OK (time=24.6351s)
    Rep 66/100: FAIL (time=121.7960s)
    Rep 67/100: OK (time=71.3106s)
    Rep 68/100: OK (time=64.6260s)
    Rep 69/100: FAIL (time=120.4460s)
    Rep 70/100: OK (time=5.8502s)
    Rep 71/100: OK (time=5.0933s)
    Rep 72/100: FAIL (time=120.8450s)
    Rep 73/100: OK (time=24.6902s)
    Rep 74/100: OK (time=20.9177s)
    Rep 75/100: OK (time=31.1847s)
    Rep 76/100: OK (time=7.2489s)
    Rep 77/100: FAIL (time=121.0730s)
    Rep 78/100: OK (time=2.5043s)
    Rep 79/100: OK (time=26.6433s)
    Rep 80/100: OK (time=51.9094s)
    Rep 81/100: FAIL (time=120.1560s)
    Rep 82/100: FAIL (time=120.5990s)
    Rep 83/100: OK (time=4.5887s)
    Rep 84/100: OK (time=3.7864s)
    Rep 85/100: OK (time=17.3209s)
    Rep 86/100: OK (time=119.8460s)
    Rep 87/100: OK (time=24.3668s)
    Rep 88/100: FAIL (time=120.8900s)
    Rep 89/100: OK (time=54.2117s)
    Rep 90/100: OK (time=81.9986s)
    Rep 91/100: OK (time=9.1733s)
    Rep 92/100: OK (time=11.8041s)
    Rep 93/100: OK (time=3.3194s)
    Rep 94/100: OK (time=12.5750s)
    Rep 95/100: OK (time=7.1321s)
    Rep 96/100: OK (time=1.8225s)
    Rep 97/100: FAIL (time=121.0920s)
    Rep 98/100: OK (time=18.4084s)
    Rep 99/100: OK (time=44.5207s)
    Rep 100/100: OK (time=5.7351s)
    => success%=72.0 time_mean=24.393402 cycles_mean=1180.389
  [entropyPct=83.25 [25x25]] (7/50) inst25x25_45_14.txt 
    Rep 1/100: OK (time=10.7973s)
    Rep 2/100: OK (time=0.9529s)
    Rep 3/100: OK (time=0.7327s)
    Rep 4/100: OK (time=0.4823s)
    Rep 5/100: OK (time=6.6348s)
    Rep 6/100: OK (time=37.2909s)
    Rep 7/100: OK (time=5.2241s)
    Rep 8/100: OK (time=3.0503s)
    Rep 9/100: OK (time=5.7134s)
    Rep 10/100: OK (time=0.1547s)
    Rep 11/100: OK (time=2.0186s)
    Rep 12/100: OK (time=0.4167s)
    Rep 13/100: OK (time=0.2640s)
    Rep 14/100: OK (time=3.5025s)
    Rep 15/100: OK (time=3.7761s)
    Rep 16/100: OK (time=1.1661s)
    Rep 17/100: OK (time=1.9612s)
    Rep 18/100: OK (time=1.6734s)
    Rep 19/100: OK (time=2.0784s)
    Rep 20/100: OK (time=3.0841s)
    Rep 21/100: OK (time=1.2634s)
    Rep 22/100: OK (time=0.5734s)
    Rep 23/100: OK (time=0.6754s)
    Rep 24/100: OK (time=1.0236s)
    Rep 25/100: OK (time=2.8066s)
    Rep 26/100: OK (time=0.7581s)
    Rep 27/100: OK (time=2.2128s)
    Rep 28/100: OK (time=0.3843s)
    Rep 29/100: OK (time=6.2562s)
    Rep 30/100: OK (time=1.6555s)
    Rep 31/100: OK (time=4.4737s)
    Rep 32/100: OK (time=0.6910s)
    Rep 33/100: OK (time=1.9006s)
    Rep 34/100: OK (time=1.8609s)
    Rep 35/100: OK (time=1.4669s)
    Rep 36/100: OK (time=2.4838s)
    Rep 37/100: OK (time=0.9513s)
    Rep 38/100: OK (time=8.7708s)
    Rep 39/100: OK (time=1.0201s)
    Rep 40/100: OK (time=0.8572s)
    Rep 41/100: OK (time=6.3684s)
    Rep 42/100: OK (time=1.2781s)
    Rep 43/100: OK (time=3.0416s)
    Rep 44/100: OK (time=1.0891s)
    Rep 45/100: OK (time=0.4597s)
    Rep 46/100: OK (time=1.1586s)
    Rep 47/100: OK (time=0.7698s)
    Rep 48/100: OK (time=2.3601s)
    Rep 49/100: OK (time=0.7859s)
    Rep 50/100: OK (time=1.3294s)
    Rep 51/100: OK (time=1.5404s)
    Rep 52/100: OK (time=0.9862s)
    Rep 53/100: OK (time=4.0500s)
    Rep 54/100: OK (time=0.5474s)
    Rep 55/100: OK (time=1.5593s)
    Rep 56/100: OK (time=1.6221s)
    Rep 57/100: OK (time=0.4408s)
    Rep 58/100: OK (time=12.8220s)
    Rep 59/100: OK (time=3.6005s)
    Rep 60/100: OK (time=1.9371s)
    Rep 61/100: OK (time=13.2118s)
    Rep 62/100: OK (time=0.5594s)
    Rep 63/100: OK (time=4.0733s)
    Rep 64/100: OK (time=0.9163s)
    Rep 65/100: OK (time=13.2420s)
    Rep 66/100: OK (time=3.6922s)
    Rep 67/100: OK (time=0.4699s)
    Rep 68/100: OK (time=0.3330s)
    Rep 69/100: OK (time=3.7595s)
    Rep 70/100: OK (time=2.0961s)
    Rep 71/100: OK (time=7.6209s)
    Rep 72/100: OK (time=0.4490s)
    Rep 73/100: OK (time=0.8452s)
    Rep 74/100: OK (time=6.0979s)
    Rep 75/100: OK (time=0.8465s)
    Rep 76/100: OK (time=2.2974s)
    Rep 77/100: OK (time=1.0229s)
    Rep 78/100: OK (time=8.3167s)
    Rep 79/100: OK (time=0.5485s)
    Rep 80/100: OK (time=0.8516s)
    Rep 81/100: OK (time=0.5628s)
    Rep 82/100: OK (time=2.7320s)
    Rep 83/100: OK (time=1.5521s)
    Rep 84/100: OK (time=0.7516s)
    Rep 85/100: OK (time=3.1059s)
    Rep 86/100: OK (time=1.3318s)
    Rep 87/100: OK (time=0.4765s)
    Rep 88/100: OK (time=0.7997s)
    Rep 89/100: OK (time=2.6056s)
    Rep 90/100: OK (time=8.2656s)
    Rep 91/100: OK (time=2.5600s)
    Rep 92/100: OK (time=1.6712s)
    Rep 93/100: OK (time=1.7068s)
    Rep 94/100: OK (time=0.8976s)
    Rep 95/100: OK (time=0.1997s)
    Rep 96/100: OK (time=0.9927s)
    Rep 97/100: OK (time=0.9901s)
    Rep 98/100: OK (time=1.5729s)
    Rep 99/100: OK (time=3.1913s)
    Rep 100/100: OK (time=3.0815s)
    => success%=100.0 time_mean=2.911045 cycles_mean=145
  [entropyPct=83.25 [25x25]] (8/50) inst25x25_45_16.txt 
    Rep 1/100: OK (time=6.8782s)
    Rep 2/100: OK (time=6.8640s)
    Rep 3/100: OK (time=1.6900s)
    Rep 4/100: OK (time=8.3856s)
    Rep 5/100: OK (time=15.9649s)
    Rep 6/100: OK (time=1.3441s)
    Rep 7/100: OK (time=9.6624s)
    Rep 8/100: OK (time=12.0994s)
    Rep 9/100: OK (time=3.9352s)
    Rep 10/100: OK (time=15.2552s)
    Rep 11/100: OK (time=0.3545s)
    Rep 12/100: OK (time=0.9016s)
    Rep 13/100: OK (time=0.4566s)
    Rep 14/100: OK (time=3.4213s)
    Rep 15/100: OK (time=8.9740s)
    Rep 16/100: OK (time=3.8316s)
    Rep 17/100: OK (time=83.6124s)
    Rep 18/100: OK (time=0.4881s)
    Rep 19/100: OK (time=13.8415s)
    Rep 20/100: OK (time=1.2377s)
    Rep 21/100: OK (time=1.9910s)
    Rep 22/100: OK (time=0.9770s)
    Rep 23/100: OK (time=5.6445s)
    Rep 24/100: OK (time=23.8520s)
    Rep 25/100: OK (time=6.3196s)
    Rep 26/100: OK (time=1.2893s)
    Rep 27/100: OK (time=1.0098s)
    Rep 28/100: OK (time=2.2722s)
    Rep 29/100: OK (time=0.7089s)
    Rep 30/100: OK (time=2.1105s)
    Rep 31/100: OK (time=12.3204s)
    Rep 32/100: OK (time=12.5934s)
    Rep 33/100: OK (time=3.8394s)
    Rep 34/100: OK (time=4.8333s)
    Rep 35/100: OK (time=1.0816s)
    Rep 36/100: OK (time=0.9361s)
    Rep 37/100: OK (time=33.3257s)
    Rep 38/100: OK (time=2.2862s)
    Rep 39/100: OK (time=37.3441s)
    Rep 40/100: OK (time=4.0524s)
    Rep 41/100: OK (time=56.3311s)
    Rep 42/100: OK (time=23.2968s)
    Rep 43/100: OK (time=2.5223s)
    Rep 44/100: OK (time=12.5906s)
    Rep 45/100: OK (time=1.3613s)
    Rep 46/100: OK (time=52.2612s)
    Rep 47/100: OK (time=21.9815s)
    Rep 48/100: OK (time=0.4805s)
    Rep 49/100: OK (time=13.6010s)
    Rep 50/100: OK (time=4.8485s)
    Rep 51/100: OK (time=0.2631s)
    Rep 52/100: OK (time=13.2471s)
    Rep 53/100: OK (time=1.7490s)
    Rep 54/100: OK (time=1.6337s)
    Rep 55/100: OK (time=4.7307s)
    Rep 56/100: OK (time=14.8488s)
    Rep 57/100: OK (time=24.9798s)
    Rep 58/100: OK (time=2.6643s)
    Rep 59/100: OK (time=1.7177s)
    Rep 60/100: OK (time=28.8447s)
    Rep 61/100: FAIL (time=120.1270s)
    Rep 62/100: OK (time=16.4816s)
    Rep 63/100: OK (time=2.0380s)
    Rep 64/100: OK (time=31.8533s)
    Rep 65/100: OK (time=1.5333s)
    Rep 66/100: OK (time=2.3802s)
    Rep 67/100: OK (time=1.0273s)
    Rep 68/100: OK (time=4.1436s)
    Rep 69/100: OK (time=9.8996s)
    Rep 70/100: OK (time=1.0084s)
    Rep 71/100: OK (time=1.6484s)
    Rep 72/100: OK (time=2.6346s)
    Rep 73/100: OK (time=22.8388s)
    Rep 74/100: OK (time=12.1736s)
    Rep 75/100: OK (time=14.6443s)
    Rep 76/100: OK (time=0.2156s)
    Rep 77/100: OK (time=9.5148s)
    Rep 78/100: OK (time=1.0524s)
    Rep 79/100: OK (time=6.1965s)
    Rep 80/100: OK (time=1.4038s)
    Rep 81/100: OK (time=7.7432s)
    Rep 82/100: OK (time=3.2261s)
    Rep 83/100: OK (time=17.6369s)
    Rep 84/100: OK (time=0.7832s)
    Rep 85/100: OK (time=5.0643s)
    Rep 86/100: OK (time=13.6594s)
    Rep 87/100: OK (time=11.5830s)
    Rep 88/100: OK (time=3.9215s)
    Rep 89/100: OK (time=3.1147s)
    Rep 90/100: OK (time=0.7459s)
    Rep 91/100: OK (time=0.9944s)
    Rep 92/100: OK (time=6.8742s)
    Rep 93/100: OK (time=8.4036s)
    Rep 94/100: OK (time=11.1029s)
    Rep 95/100: OK (time=3.0345s)
    Rep 96/100: OK (time=1.2177s)
    Rep 97/100: OK (time=2.5482s)
    Rep 98/100: OK (time=41.7021s)
    Rep 99/100: OK (time=6.9424s)
    Rep 100/100: OK (time=1.6820s)
    => success%=99.0 time_mean=9.460681 cycles_mean=460.051
  [entropyPct=83.25 [25x25]] (9/50) inst25x25_45_18.txt 
    Rep 1/100: OK (time=1.9571s)
    Rep 2/100: OK (time=0.7018s)
    Rep 3/100: OK (time=0.2944s)
    Rep 4/100: OK (time=0.8366s)
    Rep 5/100: OK (time=2.3312s)
    Rep 6/100: OK (time=2.3329s)
    Rep 7/100: OK (time=0.5807s)
    Rep 8/100: OK (time=6.3629s)
    Rep 9/100: OK (time=1.8064s)
    Rep 10/100: OK (time=0.5910s)
    Rep 11/100: OK (time=1.3614s)
    Rep 12/100: OK (time=1.5407s)
    Rep 13/100: OK (time=11.4612s)
    Rep 14/100: OK (time=0.6010s)
    Rep 15/100: OK (time=4.1075s)
    Rep 16/100: OK (time=2.2548s)
    Rep 17/100: OK (time=1.0748s)
    Rep 18/100: OK (time=6.7452s)
    Rep 19/100: OK (time=1.3165s)
    Rep 20/100: OK (time=1.1196s)
    Rep 21/100: OK (time=2.9467s)
    Rep 22/100: OK (time=7.2934s)
    Rep 23/100: OK (time=1.9677s)
    Rep 24/100: OK (time=0.6185s)
    Rep 25/100: OK (time=0.9130s)
    Rep 26/100: OK (time=3.8073s)
    Rep 27/100: OK (time=5.9004s)
    Rep 28/100: OK (time=2.2910s)
    Rep 29/100: OK (time=12.7616s)
    Rep 30/100: OK (time=0.5250s)
    Rep 31/100: OK (time=4.6202s)
    Rep 32/100: OK (time=0.5496s)
    Rep 33/100: OK (time=2.2551s)
    Rep 34/100: OK (time=0.5648s)
    Rep 35/100: OK (time=2.1019s)
    Rep 36/100: OK (time=1.3429s)
    Rep 37/100: OK (time=3.5778s)
    Rep 38/100: OK (time=0.8225s)
    Rep 39/100: OK (time=2.2345s)
    Rep 40/100: OK (time=2.6799s)
    Rep 41/100: OK (time=1.5567s)
    Rep 42/100: OK (time=1.8595s)
    Rep 43/100: OK (time=9.7142s)
    Rep 44/100: OK (time=0.4992s)
    Rep 45/100: OK (time=4.6410s)
    Rep 46/100: OK (time=0.6400s)
    Rep 47/100: OK (time=3.7730s)
    Rep 48/100: OK (time=2.0038s)
    Rep 49/100: OK (time=1.0999s)
    Rep 50/100: OK (time=0.8035s)
    Rep 51/100: OK (time=2.6498s)
    Rep 52/100: OK (time=3.7417s)
    Rep 53/100: OK (time=1.0707s)
    Rep 54/100: OK (time=18.2771s)
    Rep 55/100: OK (time=4.0274s)
    Rep 56/100: OK (time=1.1048s)
    Rep 57/100: OK (time=0.7645s)
    Rep 58/100: OK (time=2.0286s)
    Rep 59/100: OK (time=0.6727s)
    Rep 60/100: OK (time=15.8269s)
    Rep 61/100: OK (time=7.4682s)
    Rep 62/100: OK (time=3.3954s)
    Rep 63/100: OK (time=47.1598s)
    Rep 64/100: OK (time=1.6016s)
    Rep 65/100: OK (time=0.4171s)
    Rep 66/100: OK (time=1.4990s)
    Rep 67/100: OK (time=2.1043s)
    Rep 68/100: OK (time=2.4818s)
    Rep 69/100: OK (time=7.6524s)
    Rep 70/100: OK (time=0.9523s)
    Rep 71/100: OK (time=2.0607s)
    Rep 72/100: OK (time=27.1907s)
    Rep 73/100: OK (time=1.2560s)
    Rep 74/100: OK (time=3.4375s)
    Rep 75/100: OK (time=0.9033s)
    Rep 76/100: OK (time=1.2602s)
    Rep 77/100: OK (time=4.3656s)
    Rep 78/100: OK (time=0.9665s)
    Rep 79/100: OK (time=0.6990s)
    Rep 80/100: OK (time=3.2468s)
    Rep 81/100: OK (time=4.1073s)
    Rep 82/100: OK (time=12.8813s)
    Rep 83/100: OK (time=6.6425s)
    Rep 84/100: OK (time=2.5403s)
    Rep 85/100: OK (time=1.0170s)
    Rep 86/100: OK (time=55.1822s)
    Rep 87/100: OK (time=2.2731s)
    Rep 88/100: OK (time=0.7079s)
    Rep 89/100: OK (time=1.4298s)
    Rep 90/100: OK (time=1.0036s)
    Rep 91/100: OK (time=1.5863s)
    Rep 92/100: OK (time=1.4074s)
    Rep 93/100: OK (time=10.4115s)
    Rep 94/100: OK (time=1.2269s)
    Rep 95/100: OK (time=0.7645s)
    Rep 96/100: OK (time=0.9172s)
    Rep 97/100: OK (time=1.0997s)
    Rep 98/100: OK (time=0.8444s)
    Rep 99/100: OK (time=18.4844s)
    Rep 100/100: OK (time=1.0521s)
    => success%=100.0 time_mean=4.316037 cycles_mean=223.75
  [entropyPct=83.25 [25x25]] (10/50) inst25x25_45_2.txt 
    Rep 1/100: OK (time=2.8377s)
    Rep 2/100: OK (time=2.5336s)
    Rep 3/100: OK (time=13.2398s)
    Rep 4/100: OK (time=29.1754s)
    Rep 5/100: OK (time=0.6479s)
    Rep 6/100: OK (time=18.8719s)
    Rep 7/100: OK (time=6.6445s)
    Rep 8/100: OK (time=1.7234s)
    Rep 9/100: OK (time=4.4253s)
    Rep 10/100: OK (time=3.0588s)
    Rep 11/100: OK (time=19.4533s)
    Rep 12/100: OK (time=1.8303s)
    Rep 13/100: OK (time=4.0229s)
    Rep 14/100: OK (time=35.1910s)
    Rep 15/100: OK (time=12.8319s)
    Rep 16/100: OK (time=8.5780s)
    Rep 17/100: OK (time=11.0632s)
    Rep 18/100: OK (time=3.7986s)
    Rep 19/100: OK (time=5.8535s)
    Rep 20/100: OK (time=2.5314s)
    Rep 21/100: FAIL (time=120.8390s)
    Rep 22/100: OK (time=3.7732s)
    Rep 23/100: OK (time=68.3083s)
    Rep 24/100: OK (time=18.0261s)
    Rep 25/100: OK (time=38.2245s)
    Rep 26/100: OK (time=12.0736s)
    Rep 27/100: OK (time=7.2017s)
    Rep 28/100: OK (time=6.3733s)
    Rep 29/100: OK (time=100.8100s)
    Rep 30/100: OK (time=35.1138s)
    Rep 31/100: OK (time=2.0152s)
    Rep 32/100: OK (time=7.4012s)
    Rep 33/100: OK (time=3.2833s)
    Rep 34/100: OK (time=1.1180s)
    Rep 35/100: OK (time=5.4904s)
    Rep 36/100: OK (time=14.3093s)
    Rep 37/100: OK (time=12.8087s)
    Rep 38/100: OK (time=0.9311s)
    Rep 39/100: OK (time=18.8773s)
    Rep 40/100: OK (time=0.2690s)
    Rep 41/100: OK (time=0.5038s)
    Rep 42/100: OK (time=0.7176s)
    Rep 43/100: OK (time=5.8358s)
    Rep 44/100: OK (time=6.9968s)
    Rep 45/100: OK (time=7.8846s)
    Rep 46/100: OK (time=43.1558s)
    Rep 47/100: OK (time=23.6372s)
    Rep 48/100: OK (time=32.7560s)
    Rep 49/100: OK (time=3.9963s)
    Rep 50/100: OK (time=19.4637s)
    Rep 51/100: FAIL (time=121.6930s)
    Rep 52/100: OK (time=6.9314s)
    Rep 53/100: OK (time=2.8182s)
    Rep 54/100: OK (time=10.2731s)
    Rep 55/100: OK (time=17.8987s)
    Rep 56/100: OK (time=4.6851s)
    Rep 57/100: OK (time=26.1704s)
    Rep 58/100: OK (time=1.0230s)
    Rep 59/100: OK (time=3.8785s)
    Rep 60/100: OK (time=20.1945s)
    Rep 61/100: OK (time=1.6748s)
    Rep 62/100: OK (time=0.8960s)
    Rep 63/100: OK (time=3.4570s)
    Rep 64/100: OK (time=2.9918s)
    Rep 65/100: OK (time=3.9436s)
    Rep 66/100: OK (time=1.7775s)
    Rep 67/100: OK (time=17.3016s)
    Rep 68/100: OK (time=7.4870s)
    Rep 69/100: OK (time=18.7511s)
    Rep 70/100: OK (time=4.7482s)
    Rep 71/100: OK (time=57.9585s)
    Rep 72/100: OK (time=1.6018s)
    Rep 73/100: OK (time=1.5437s)
    Rep 74/100: OK (time=13.3115s)
    Rep 75/100: OK (time=4.8875s)
    Rep 76/100: FAIL (time=120.8780s)
    Rep 77/100: OK (time=19.5896s)
    Rep 78/100: OK (time=5.3295s)
    Rep 79/100: OK (time=6.1586s)
    Rep 80/100: OK (time=1.2774s)
    Rep 81/100: OK (time=1.6503s)
    Rep 82/100: OK (time=17.7705s)
    Rep 83/100: OK (time=5.2195s)
    Rep 84/100: OK (time=5.5587s)
    Rep 85/100: OK (time=30.4609s)
    Rep 86/100: OK (time=4.7034s)
    Rep 87/100: OK (time=30.6119s)
    Rep 88/100: OK (time=5.8965s)
    Rep 89/100: OK (time=3.7303s)
    Rep 90/100: OK (time=5.5596s)
    Rep 91/100: OK (time=48.0266s)
    Rep 92/100: OK (time=1.2253s)
    Rep 93/100: OK (time=6.2941s)
    Rep 94/100: OK (time=12.9336s)
    Rep 95/100: OK (time=4.1483s)
    Rep 96/100: OK (time=13.0189s)
    Rep 97/100: OK (time=14.9049s)
    Rep 98/100: OK (time=11.6235s)
    Rep 99/100: OK (time=3.3495s)
    Rep 100/100: FAIL (time=121.1910s)
    => success%=96.0 time_mean=12.342851 cycles_mean=641.667
  [entropyPct=83.25 [25x25]] (11/50) inst25x25_45_23.txt 
    Rep 1/100: OK (time=3.9948s)
    Rep 2/100: OK (time=0.7755s)
    Rep 3/100: OK (time=5.2414s)
    Rep 4/100: OK (time=5.3553s)
    Rep 5/100: OK (time=3.8254s)
    Rep 6/100: OK (time=2.8497s)
    Rep 7/100: OK (time=28.5807s)
    Rep 8/100: OK (time=6.5740s)
    Rep 9/100: OK (time=6.9753s)
    Rep 10/100: OK (time=2.2891s)
    Rep 11/100: OK (time=9.4210s)
    Rep 12/100: OK (time=11.4755s)
    Rep 13/100: OK (time=1.4180s)
    Rep 14/100: OK (time=4.3854s)
    Rep 15/100: OK (time=8.9493s)
    Rep 16/100: OK (time=9.6731s)
    Rep 17/100: OK (time=0.1536s)
    Rep 18/100: OK (time=3.0756s)
    Rep 19/100: OK (time=4.2161s)
    Rep 20/100: OK (time=1.2495s)
    Rep 21/100: OK (time=0.8485s)
    Rep 22/100: OK (time=2.1355s)
    Rep 23/100: OK (time=4.1252s)
    Rep 24/100: OK (time=3.5686s)
    Rep 25/100: OK (time=4.6357s)
    Rep 26/100: FAIL (time=121.1090s)
    Rep 27/100: OK (time=28.4841s)
    Rep 28/100: OK (time=9.5555s)
    Rep 29/100: OK (time=1.9613s)
    Rep 30/100: OK (time=2.9295s)
    Rep 31/100: OK (time=1.8010s)
    Rep 32/100: OK (time=3.7635s)
    Rep 33/100: OK (time=2.4848s)
    Rep 34/100: OK (time=5.4142s)
    Rep 35/100: OK (time=3.6228s)
    Rep 36/100: OK (time=18.6899s)
    Rep 37/100: OK (time=3.0189s)
    Rep 38/100: OK (time=4.8748s)
    Rep 39/100: OK (time=4.5540s)
    Rep 40/100: OK (time=1.5957s)
    Rep 41/100: OK (time=15.7863s)
    Rep 42/100: OK (time=5.3452s)
    Rep 43/100: OK (time=1.9241s)
    Rep 44/100: OK (time=5.1227s)
    Rep 45/100: OK (time=18.4008s)
    Rep 46/100: OK (time=1.9070s)
    Rep 47/100: OK (time=1.9071s)
    Rep 48/100: OK (time=1.9708s)
    Rep 49/100: OK (time=3.9939s)
    Rep 50/100: OK (time=21.5329s)
    Rep 51/100: OK (time=64.2745s)
    Rep 52/100: OK (time=7.5155s)
    Rep 53/100: OK (time=1.1157s)
    Rep 54/100: OK (time=2.0400s)
    Rep 55/100: OK (time=6.4171s)
    Rep 56/100: OK (time=1.0468s)
    Rep 57/100: OK (time=0.8088s)
    Rep 58/100: OK (time=21.5242s)
    Rep 59/100: OK (time=4.9379s)
    Rep 60/100: OK (time=1.1341s)
    Rep 61/100: OK (time=5.4148s)
    Rep 62/100: OK (time=4.5177s)
    Rep 63/100: OK (time=6.7244s)
    Rep 64/100: OK (time=1.4519s)
    Rep 65/100: OK (time=3.2803s)
    Rep 66/100: OK (time=4.4455s)
    Rep 67/100: OK (time=2.8082s)
    Rep 68/100: OK (time=13.8187s)
    Rep 69/100: OK (time=1.4326s)
    Rep 70/100: OK (time=8.6064s)
    Rep 71/100: OK (time=3.9480s)
    Rep 72/100: OK (time=4.5926s)
    Rep 73/100: OK (time=5.5316s)
    Rep 74/100: OK (time=1.1610s)
    Rep 75/100: OK (time=18.2946s)
    Rep 76/100: OK (time=1.1969s)
    Rep 77/100: OK (time=2.6489s)
    Rep 78/100: OK (time=1.7869s)
    Rep 79/100: OK (time=2.0032s)
    Rep 80/100: OK (time=9.7710s)
    Rep 81/100: OK (time=0.9202s)
    Rep 82/100: OK (time=8.2261s)
    Rep 83/100: OK (time=7.3664s)
    Rep 84/100: OK (time=1.8930s)
    Rep 85/100: OK (time=1.5630s)
    Rep 86/100: OK (time=0.5237s)
    Rep 87/100: OK (time=30.3706s)
    Rep 88/100: OK (time=2.3367s)
    Rep 89/100: OK (time=5.9201s)
    Rep 90/100: OK (time=22.9037s)
    Rep 91/100: OK (time=0.5465s)
    Rep 92/100: OK (time=4.5278s)
    Rep 93/100: OK (time=4.9306s)
    Rep 94/100: OK (time=10.7470s)
    Rep 95/100: OK (time=2.2310s)
    Rep 96/100: OK (time=34.4565s)
    Rep 97/100: OK (time=0.3748s)
    Rep 98/100: OK (time=12.8524s)
    Rep 99/100: OK (time=5.1395s)
    Rep 100/100: OK (time=2.5262s)
    => success%=99.0 time_mean=6.879175 cycles_mean=327.859
  [entropyPct=83.25 [25x25]] (12/50) inst25x25_45_26.txt 
ime=7.8086s)
    Rep 25/100: OK (time=46.8125s)
    Rep 26/100: OK (time=1.8602s)
    Rep 27/100: OK (time=7.3335s)
    Rep 28/100: OK (time=1.2526s)
    Rep 29/100: OK (time=0.6057s)
    Rep 30/100: OK (time=3.9030s)
    Rep 31/100: OK (time=12.8154s)
    Rep 32/100: OK (time=1.5052s)
    Rep 33/100: OK (time=5.7778s)
    Rep 34/100: OK (time=5.0457s)
    Rep 35/100: OK (time=6.8118s)
    Rep 36/100: OK (time=2.9473s)
    Rep 37/100: OK (time=2.1803s)
    Rep 38/100: OK (time=5.0363s)
    Rep 39/100: OK (time=7.4768s)
    Rep 40/100: OK (time=1.9514s)
    Rep 41/100: OK (time=4.9206s)
    Rep 42/100: OK (time=0.6155s)
    Rep 43/100: OK (time=1.1154s)
    Rep 44/100: OK (time=10.4829s)
    Rep 45/100: OK (time=6.2395s)
    Rep 46/100: OK (time=8.0303s)
    Rep 47/100: OK (time=5.1764s)
    Rep 48/100: OK (time=4.7204s)
    Rep 49/100: OK (time=6.7118s)
    Rep 50/100: OK (time=6.2787s)
    Rep 51/100: OK (time=8.7093s)
    Rep 52/100: OK (time=11.2552s)
    Rep 53/100: OK (time=6.5630s)
    Rep 54/100: OK (time=2.4436s)
    Rep 55/100: OK (time=5.0481s)
    Rep 56/100: OK (time=7.7162s)
    Rep 57/100: OK (time=0.4727s)
    Rep 58/100: OK (time=2.3983s)
    Rep 59/100: OK (time=19.0539s)
    Rep 60/100: OK (time=17.5163s)
    Rep 61/100: OK (time=3.8703s)
    Rep 62/100: OK (time=1.1780s)
    Rep 63/100: OK (time=1.4115s)
    Rep 64/100: OK (time=13.7899s)
    Rep 65/100: OK (time=1.5335s)
    Rep 66/100: OK (time=2.9335s)
    Rep 67/100: OK (time=7.3108s)
    Rep 68/100: OK (time=8.1788s)
    Rep 69/100: OK (time=2.3327s)
    Rep 70/100: OK (time=8.2182s)
    Rep 71/100: OK (time=1.1041s)
    Rep 72/100: OK (time=1.1296s)
    Rep 73/100: OK (time=20.5506s)
    Rep 74/100: OK (time=1.0845s)
    Rep 75/100: OK (time=1.1922s)
    Rep 76/100: OK (time=9.2252s)
    Rep 77/100: OK (time=6.4831s)
    Rep 78/100: OK (time=2.0392s)
    Rep 79/100: OK (time=11.4661s)
    Rep 80/100: OK (time=3.7140s)
    Rep 81/100: OK (time=5.6106s)
    Rep 82/100: OK (time=4.6339s)
    Rep 83/100: OK (time=1.4550s)
    Rep 84/100: OK (time=7.2020s)
    Rep 85/100: OK (time=9.9851s)
    Rep 86/100: OK (time=33.5328s)
    Rep 87/100: OK (time=2.8360s)
    Rep 88/100: OK (time=6.4819s)
    Rep 89/100: OK (time=10.8347s)
    Rep 90/100: OK (time=0.6392s)
    Rep 91/100: OK (time=13.3731s)
    Rep 92/100: OK (time=18.6313s)
    Rep 93/100: OK (time=6.5398s)
    Rep 94/100: OK (time=4.4785s)
    Rep 95/100: OK (time=2.5282s)
    Rep 96/100: OK (time=3.3845s)
    Rep 97/100: OK (time=1.7299s)
    Rep 98/100: OK (time=7.0678s)
    Rep 99/100: OK (time=1.4443s)
    Rep 100/100: OK (time=1.1252s)
    => success%=100.0 time_mean=6.934299 cycles_mean=362.92
  [entropyPct=83.25 [25x25]] (7/50) inst25x25_45_15.txt 
    Rep 1/100: OK (time=1.8965s)
    Rep 2/100: OK (time=13.8674s)
    Rep 3/100: OK (time=9.1578s)
    Rep 4/100: OK (time=1.2615s)
    Rep 5/100: OK (time=11.0943s)
    Rep 6/100: FAIL (time=120.6980s)
    Rep 7/100: OK (time=9.0313s)
    Rep 8/100: OK (time=15.1613s)
    Rep 9/100: OK (time=49.1147s)
    Rep 10/100: OK (time=2.1325s)
    Rep 11/100: OK (time=1.2132s)
    Rep 12/100: OK (time=15.3058s)
    Rep 13/100: OK (time=5.4261s)
    Rep 14/100: OK (time=31.4397s)
    Rep 15/100: OK (time=6.2557s)
    Rep 16/100: OK (time=9.6472s)
    Rep 17/100: OK (time=0.6052s)
    Rep 18/100: OK (time=7.1380s)
    Rep 19/100: OK (time=1.3323s)
    Rep 20/100: OK (time=9.7123s)
    Rep 21/100: OK (time=2.7872s)
    Rep 22/100: OK (time=18.0128s)
    Rep 23/100: OK (time=1.6603s)
    Rep 24/100: OK (time=12.2592s)
    Rep 25/100: OK (time=6.7661s)
    Rep 26/100: OK (time=12.8350s)
    Rep 27/100: OK (time=50.6464s)
    Rep 28/100: OK (time=48.6690s)
    Rep 29/100: OK (time=22.8411s)
    Rep 30/100: OK (time=2.6308s)
    Rep 31/100: OK (time=1.0397s)
    Rep 32/100: OK (time=5.9813s)
    Rep 33/100: OK (time=16.0077s)
    Rep 34/100: OK (time=7.6575s)
    Rep 35/100: OK (time=4.6096s)
    Rep 36/100: OK (time=12.9270s)
    Rep 37/100: OK (time=1.3146s)
    Rep 38/100: OK (time=25.3876s)
    Rep 39/100: OK (time=7.9288s)
    Rep 40/100: OK (time=48.4397s)
    Rep 41/100: OK (time=17.1582s)
    Rep 42/100: OK (time=4.5348s)
    Rep 43/100: OK (time=12.0570s)
    Rep 44/100: OK (time=1.6247s)
    Rep 45/100: OK (time=18.9331s)
    Rep 46/100: OK (time=3.6564s)
    Rep 47/100: OK (time=4.4436s)
    Rep 48/100: OK (time=0.7771s)
    Rep 49/100: OK (time=20.3874s)
    Rep 50/100: OK (time=1.0263s)
    Rep 51/100: OK (time=0.5257s)
    Rep 52/100: OK (time=6.7088s)
    Rep 53/100: OK (time=24.3442s)
    Rep 54/100: OK (time=10.9756s)
    Rep 55/100: OK (time=32.0093s)
    Rep 56/100: OK (time=2.3398s)
    Rep 57/100: OK (time=3.1342s)
    Rep 58/100: OK (time=2.6997s)
    Rep 59/100: OK (time=64.1342s)
    Rep 60/100: OK (time=2.2873s)
    Rep 61/100: OK (time=6.5156s)
    Rep 62/100: OK (time=2.0911s)
    Rep 63/100: OK (time=10.9666s)
    Rep 64/100: OK (time=8.1363s)
    Rep 65/100: OK (time=6.1196s)
    Rep 66/100: OK (time=3.9827s)
    Rep 67/100: OK (time=5.9093s)
    Rep 68/100: OK (time=2.4370s)
    Rep 69/100: OK (time=2.9135s)
    Rep 70/100: OK (time=3.3932s)
    Rep 71/100: OK (time=10.3454s)
    Rep 72/100: OK (time=10.5959s)
    Rep 73/100: OK (time=1.8316s)
    Rep 74/100: OK (time=7.0859s)
    Rep 75/100: OK (time=30.2933s)
    Rep 76/100: OK (time=6.1595s)
    Rep 77/100: OK (time=82.1364s)
    Rep 78/100: OK (time=27.2617s)
    Rep 79/100: OK (time=81.1006s)
    Rep 80/100: OK (time=1.2118s)
    Rep 81/100: OK (time=31.0600s)
    Rep 82/100: OK (time=2.7878s)
    Rep 83/100: OK (time=2.5639s)
    Rep 84/100: OK (time=71.2319s)
    Rep 85/100: OK (time=7.9040s)
    Rep 86/100: OK (time=0.7483s)
    Rep 87/100: OK (time=4.6172s)
    Rep 88/100: OK (time=1.5023s)
    Rep 89/100: OK (time=4.4726s)
    Rep 90/100: OK (time=13.9885s)
    Rep 91/100: OK (time=1.0950s)
    Rep 92/100: OK (time=18.2099s)
    Rep 93/100: OK (time=23.1266s)
    Rep 94/100: OK (time=1.2900s)
    Rep 95/100: OK (time=32.0136s)
    Rep 96/100: OK (time=4.8967s)
    Rep 97/100: OK (time=9.5191s)
    Rep 98/100: OK (time=14.9722s)
    Rep 99/100: OK (time=49.6280s)
    Rep 100/100: OK (time=6.5848s)
    => success%=99.0 time_mean=13.713643 cycles_mean=699.919
  [entropyPct=83.25 [25x25]] (8/50) inst25x25_45_17.txt 
    Rep 1/100: OK (time=4.1309s)
    Rep 2/100: OK (time=1.2956s)
    Rep 3/100: OK (time=24.2074s)
    Rep 4/100: OK (time=10.0002s)
    Rep 5/100: OK (time=1.5705s)
    Rep 6/100: OK (time=5.4827s)
    Rep 7/100: OK (time=4.4522s)
    Rep 8/100: OK (time=0.6899s)
    Rep 9/100: OK (time=3.4493s)
    Rep 10/100: OK (time=1.0216s)
    Rep 11/100: OK (time=5.5208s)
    Rep 12/100: OK (time=1.6716s)
    Rep 13/100: OK (time=5.0338s)
    Rep 14/100: OK (time=5.2111s)
    Rep 15/100: OK (time=5.7852s)
    Rep 16/100: OK (time=1.6254s)
    Rep 17/100: OK (time=35.1526s)
    Rep 18/100: OK (time=1.3995s)
    Rep 19/100: OK (time=3.4559s)
    Rep 20/100: OK (time=0.7124s)
    Rep 21/100: OK (time=7.5004s)
    Rep 22/100: OK (time=17.6466s)
    Rep 23/100: OK (time=0.8473s)
    Rep 24/100: OK (time=3.1636s)
    Rep 25/100: OK (time=2.8688s)
    Rep 26/100: OK (time=0.8881s)
    Rep 27/100: OK (time=6.8432s)
    Rep 28/100: OK (time=9.2588s)
    Rep 29/100: OK (time=5.7837s)
    Rep 30/100: OK (time=1.3994s)
    Rep 31/100: OK (time=2.9684s)
    Rep 32/100: OK (time=1.1320s)
    Rep 33/100: OK (time=9.8291s)
    Rep 34/100: OK (time=13.7050s)
    Rep 35/100: OK (time=1.2452s)
    Rep 36/100: OK (time=1.0437s)
    Rep 37/100: OK (time=1.7304s)
    Rep 38/100: OK (time=12.0694s)
    Rep 39/100: OK (time=11.4134s)
    Rep 40/100: OK (time=23.6877s)
    Rep 41/100: OK (time=5.7031s)
    Rep 42/100: OK (time=30.5109s)
    Rep 43/100: OK (time=4.3097s)
    Rep 44/100: OK (time=4.7966s)
    Rep 45/100: OK (time=33.6689s)
    Rep 46/100: OK (time=0.8955s)
    Rep 47/100: OK (time=10.2118s)
    Rep 48/100: OK (time=12.6223s)
    Rep 49/100: OK (time=12.0239s)
    Rep 50/100: OK (time=3.4979s)
    Rep 51/100: OK (time=4.6905s)
    Rep 52/100: OK (time=2.2140s)
    Rep 53/100: OK (time=10.0209s)
    Rep 54/100: OK (time=3.5148s)
    Rep 55/100: OK (time=4.6657s)
    Rep 56/100: OK (time=2.3864s)
    Rep 57/100: OK (time=1.9479s)
    Rep 58/100: OK (time=1.7696s)
    Rep 59/100: OK (time=1.3814s)
    Rep 60/100: OK (time=2.6677s)
    Rep 61/100: OK (time=25.4952s)
    Rep 62/100: OK (time=2.0861s)
    Rep 63/100: OK (time=2.8335s)
    Rep 64/100: OK (time=6.2436s)
    Rep 65/100: OK (time=0.7018s)
    Rep 66/100: OK (time=1.6860s)
    Rep 67/100: OK (time=5.0614s)
    Rep 68/100: OK (time=1.7143s)
    Rep 69/100: OK (time=1.5449s)
    Rep 70/100: OK (time=2.0621s)
    Rep 71/100: OK (time=2.0638s)
    Rep 72/100: OK (time=3.9085s)
    Rep 73/100: OK (time=1.1958s)
    Rep 74/100: OK (time=6.2202s)
    Rep 75/100: OK (time=5.3883s)
    Rep 76/100: OK (time=0.9290s)
    Rep 77/100: OK (time=1.3021s)
    Rep 78/100: OK (time=7.1993s)
    Rep 79/100: OK (time=2.1622s)
    Rep 80/100: OK (time=6.6267s)
    Rep 81/100: OK (time=2.4325s)
    Rep 82/100: OK (time=1.9456s)
    Rep 83/100: OK (time=10.5861s)
    Rep 84/100: OK (time=13.3855s)
    Rep 85/100: OK (time=4.1593s)
    Rep 86/100: OK (time=17.7854s)
    Rep 87/100: OK (time=3.0270s)
    Rep 88/100: OK (time=2.1206s)
    Rep 89/100: OK (time=6.1688s)
    Rep 90/100: OK (time=1.9806s)
    Rep 91/100: OK (time=1.0077s)
    Rep 92/100: OK (time=0.6212s)
    Rep 93/100: OK (time=8.4981s)
    Rep 94/100: OK (time=0.5210s)
    Rep 95/100: OK (time=1.1486s)
    Rep 96/100: OK (time=3.2670s)
    Rep 97/100: OK (time=1.7086s)
    Rep 98/100: OK (time=2.8286s)
    Rep 99/100: OK (time=4.6373s)
    Rep 100/100: OK (time=0.5729s)
    => success%=100.0 time_mean=5.852193 cycles_mean=295.08
  [entropyPct=83.25 [25x25]] (9/50) inst25x25_45_19.txt 
    Rep 1/100: OK (time=12.8679s)
    Rep 2/100: OK (time=6.7979s)
    Rep 3/100: OK (time=30.4072s)
    Rep 4/100: OK (time=13.0120s)
    Rep 5/100: OK (time=5.0375s)
    Rep 6/100: OK (time=12.1465s)
    Rep 7/100: OK (time=64.6745s)
    Rep 8/100: OK (time=5.5424s)
    Rep 9/100: OK (time=9.2551s)
    Rep 10/100: OK (time=4.8960s)
    Rep 11/100: OK (time=9.5924s)
    Rep 12/100: OK (time=14.9433s)
    Rep 13/100: OK (time=4.7754s)
    Rep 14/100: OK (time=3.3999s)
    Rep 15/100: OK (time=4.5186s)
    Rep 16/100: OK (time=6.5800s)
    Rep 17/100: OK (time=3.4074s)
    Rep 18/100: OK (time=3.4511s)
    Rep 19/100: OK (time=11.8942s)
    Rep 20/100: OK (time=5.3317s)
    Rep 21/100: OK (time=4.2369s)
    Rep 22/100: OK (time=11.5204s)
    Rep 23/100: OK (time=1.3599s)
    Rep 24/100: OK (time=6.0554s)
    Rep 25/100: OK (time=1.5306s)
    Rep 26/100: OK (time=7.2616s)
    Rep 27/100: OK (time=33.2984s)
    Rep 28/100: OK (time=21.2011s)
    Rep 29/100: OK (time=13.0505s)
    Rep 30/100: OK (time=13.1254s)
    Rep 31/100: OK (time=6.5762s)
    Rep 32/100: OK (time=16.2338s)
    Rep 33/100: OK (time=71.4965s)
    Rep 34/100: OK (time=5.7590s)
    Rep 35/100: OK (time=4.4531s)
    Rep 36/100: OK (time=22.1314s)
    Rep 37/100: OK (time=18.1718s)
    Rep 38/100: OK (time=7.9219s)
    Rep 39/100: OK (time=60.7168s)
    Rep 40/100: OK (time=4.9375s)
    Rep 41/100: OK (time=1.0765s)
    Rep 42/100: OK (time=12.1415s)
    Rep 43/100: OK (time=2.1271s)
    Rep 44/100: OK (time=10.6539s)
    Rep 45/100: OK (time=0.7067s)
    Rep 46/100: OK (time=15.9857s)
    Rep 47/100: OK (time=6.0033s)
    Rep 48/100: OK (time=7.1669s)
    Rep 49/100: OK (time=31.6361s)
    Rep 50/100: OK (time=15.3763s)
    Rep 51/100: OK (time=6.7671s)
    Rep 52/100: OK (time=0.4706s)
    Rep 53/100: OK (time=10.3180s)
    Rep 54/100: OK (time=1.5517s)
    Rep 55/100: OK (time=2.1940s)
    Rep 56/100: OK (time=37.3206s)
    Rep 57/100: OK (time=15.7761s)
    Rep 58/100: OK (time=45.2219s)
    Rep 59/100: OK (time=5.7468s)
    Rep 60/100: OK (time=16.5184s)
    Rep 61/100: OK (time=6.5416s)
    Rep 62/100: OK (time=36.0778s)
    Rep 63/100: OK (time=1.1412s)
    Rep 64/100: OK (time=3.7111s)
    Rep 65/100: OK (time=4.1434s)
    Rep 66/100: OK (time=13.7110s)
    Rep 67/100: OK (time=3.9079s)
    Rep 68/100: OK (time=9.9027s)
    Rep 69/100: OK (time=34.8349s)
