
============================================================
worker start: entropyPct=78.625 size=25 worker_id=0/2
============================================================
======================================================================
Ablation Study for CP-DCM-ACO
Parameters to test: entropyPct
Puzzle sizes: 25x25
Repetitions per instance: 100
Total configurations: 1
Output directory: results\ablation
======================================================================

======================================================================
Puzzle size: 25x25
======================================================================

  Parameter: Entropy Threshold (% of Max Entropy) (entropyPct)

[Config 1/1] entropyPct=78.625 on 25x25
  [entropyPct=78.625 [25x25]] (1/50) inst25x25_40_10.txt 
    Rep 1/100: OK (time=0.8993s)
    Rep 2/100: OK (time=0.9763s)
    Rep 3/100: OK (time=1.1769s)
    Rep 4/100: OK (time=4.8968s)
    Rep 5/100: OK (time=2.1124s)
    Rep 6/100: OK (time=0.4688s)
    Rep 7/100: OK (time=2.7524s)
    Rep 8/100: OK (time=1.7760s)
    Rep 9/100: OK (time=1.5366s)
    Rep 10/100: OK (time=1.7822s)
    Rep 11/100: OK (time=3.6737s)
    Rep 12/100: OK (time=2.6738s)
    Rep 13/100: OK (time=3.0738s)
    Rep 14/100: OK (time=4.1257s)
    Rep 15/100: OK (time=5.5457s)
    Rep 16/100: OK (time=2.6203s)
    Rep 17/100: OK (time=11.2484s)
    Rep 18/100: OK (time=13.4633s)
    Rep 19/100: OK (time=1.2053s)
    Rep 20/100: OK (time=11.0711s)
    Rep 21/100: OK (time=0.8885s)
    Rep 22/100: OK (time=0.8017s)
    Rep 23/100: OK (time=2.4235s)
    Rep 24/100: OK (time=3.2028s)
    Rep 25/100: OK (time=4.8641s)
    Rep 26/100: OK (time=3.5415s)
    Rep 27/100: OK (time=3.9823s)
    Rep 28/100: OK (time=0.5123s)
    Rep 29/100: OK (time=3.0779s)
    Rep 30/100: OK (time=1.5825s)
    Rep 31/100: OK (time=3.5829s)
    Rep 32/100: OK (time=0.3381s)
    Rep 33/100: OK (time=4.7408s)
    Rep 34/100: OK (time=2.4842s)
    Rep 35/100: OK (time=0.8560s)
    Rep 36/100: OK (time=1.6820s)
    Rep 37/100: OK (time=1.6401s)
    Rep 38/100: OK (time=2.6456s)
    Rep 39/100: OK (time=1.7285s)
    Rep 40/100: OK (time=0.8725s)
    Rep 41/100: OK (time=4.1834s)
    Rep 42/100: OK (time=2.4945s)
    Rep 43/100: OK (time=5.8232s)
    Rep 44/100: OK (time=1.5959s)
    Rep 45/100: OK (time=0.5411s)
    Rep 46/100: OK (time=0.7681s)
    Rep 47/100: OK (time=2.7122s)
    Rep 48/100: OK (time=0.5903s)
    Rep 49/100: OK (time=0.7462s)
    Rep 50/100: OK (time=3.5412s)
    Rep 51/100: OK (time=1.8159s)
    Rep 52/100: OK (time=2.4841s)
    Rep 53/100: OK (time=2.1324s)
    Rep 54/100: OK (time=0.2212s)
    Rep 55/100: OK (time=0.6871s)
    Rep 56/100: OK (time=0.5571s)
    Rep 57/100: OK (time=10.0302s)
    Rep 58/100: OK (time=1.0541s)
    Rep 59/100: OK (time=1.0669s)
    Rep 60/100: OK (time=8.3889s)
    Rep 61/100: OK (time=0.6004s)
    Rep 62/100: OK (time=2.6206s)
    Rep 63/100: OK (time=2.6953s)
    Rep 64/100: OK (time=3.6360s)
    Rep 65/100: OK (time=2.1671s)
    Rep 66/100: OK (time=9.6381s)
    Rep 67/100: OK (time=3.0826s)
    Rep 68/100: OK (time=1.6034s)
    Rep 69/100: OK (time=0.7498s)
    Rep 70/100: OK (time=3.3640s)
    Rep 71/100: OK (time=8.5300s)
    Rep 72/100: OK (time=1.5431s)
    Rep 73/100: OK (time=1.8314s)
    Rep 74/100: OK (time=1.5769s)
    Rep 75/100: OK (time=15.7117s)
    Rep 76/100: OK (time=0.5160s)
    Rep 77/100: OK (time=3.1660s)
    Rep 78/100: OK (time=3.7607s)
    Rep 79/100: OK (time=3.0008s)
    Rep 80/100: OK (time=1.4266s)
    Rep 81/100: OK (time=0.2519s)
    Rep 82/100: OK (time=1.4266s)
    Rep 83/100: OK (time=2.9662s)
    Rep 84/100: OK (time=3.4617s)
    Rep 85/100: OK (time=0.8179s)
    Rep 86/100: OK (time=4.3257s)
    Rep 87/100: OK (time=4.7592s)
    Rep 88/100: OK (time=2.0574s)
    Rep 89/100: OK (time=1.2225s)
    Rep 90/100: OK (time=0.8877s)
    Rep 91/100: OK (time=4.1846s)
    Rep 92/100: OK (time=6.3050s)
    Rep 93/100: OK (time=1.1355s)
    Rep 94/100: OK (time=2.0694s)
    Rep 95/100: OK (time=3.2968s)
    Rep 96/100: OK (time=9.5955s)
    Rep 97/100: OK (time=2.8908s)
    Rep 98/100: OK (time=1.7218s)
    Rep 99/100: OK (time=2.7945s)
    Rep 100/100: OK (time=0.7778s)
    => success%=100.0 time_mean=3.021291 cycles_mean=117.88
  [entropyPct=78.625 [25x25]] (2/50) inst25x25_40_50.txt 
    Rep 1/100: OK (time=0.8988s)
    Rep 2/100: OK (time=12.2496s)
    Rep 3/100: OK (time=8.3163s)
    Rep 4/100: OK (time=1.0405s)
    Rep 5/100: OK (time=5.9401s)
    Rep 6/100: OK (time=9.1917s)
    Rep 7/100: OK (time=4.1390s)
    Rep 8/100: OK (time=4.0205s)
    Rep 9/100: OK (time=6.6136s)
    Rep 10/100: OK (time=4.1250s)
    Rep 11/100: OK (time=20.9027s)
    Rep 12/100: OK (time=2.0414s)
    Rep 13/100: OK (time=1.1062s)
    Rep 14/100: OK (time=3.4647s)
    Rep 15/100: OK (time=2.3101s)
    Rep 16/100: OK (time=2.6717s)
    Rep 17/100: OK (time=0.5279s)
    Rep 18/100: OK (time=2.5483s)
    Rep 19/100: OK (time=18.8075s)
    Rep 20/100: OK (time=6.6678s)
    Rep 21/100: OK (time=23.0466s)
    Rep 22/100: OK (time=6.6710s)
    Rep 23/100: OK (time=1.5686s)
    Rep 24/100: OK (time=7.1095s)
    Rep 25/100: OK (time=17.4731s)
    Rep 26/100: OK (time=3.5187s)
    Rep 27/100: OK (time=3.7567s)
    Rep 28/100: OK (time=9.0653s)
    Rep 29/100: OK (time=2.6167s)
    Rep 30/100: OK (time=9.3488s)
    Rep 31/100: OK (time=9.6925s)
    Rep 32/100: OK (time=6.6667s)
    Rep 33/100: OK (time=20.2122s)
    Rep 34/100: OK (time=1.6285s)
    Rep 35/100: OK (time=1.7620s)
    Rep 36/100: OK (time=2.4954s)
    Rep 37/100: OK (time=4.4869s)
    Rep 38/100: OK (time=22.3057s)
    Rep 39/100: OK (time=10.3308s)
    Rep 40/100: OK (time=0.9210s)
    Rep 41/100: OK (time=6.5601s)
    Rep 42/100: OK (time=4.2398s)
    Rep 43/100: OK (time=7.3874s)
    Rep 44/100: OK (time=6.0275s)
    Rep 45/100: OK (time=6.8124s)
    Rep 46/100: OK (time=11.2568s)
    Rep 47/100: OK (time=2.8631s)
    Rep 48/100: OK (time=1.7299s)
    Rep 49/100: OK (time=1.9153s)
    Rep 50/100: OK (time=7.0000s)
    Rep 51/100: OK (time=1.7622s)
    Rep 52/100: OK (time=1.3450s)
    Rep 53/100: OK (time=1.6380s)
    Rep 54/100: OK (time=7.2700s)
    Rep 55/100: OK (time=1.7935s)
    Rep 56/100: OK (time=4.6738s)
    Rep 57/100: OK (time=0.8819s)
    Rep 58/100: OK (time=8.1632s)
    Rep 59/100: OK (time=5.1088s)
    Rep 60/100: OK (time=2.8525s)
    Rep 61/100: OK (time=9.0270s)
    Rep 62/100: OK (time=0.9118s)
    Rep 63/100: OK (time=4.0340s)
    Rep 64/100: OK (time=2.4368s)
    Rep 65/100: OK (time=2.1531s)
    Rep 66/100: OK (time=25.0047s)
    Rep 67/100: OK (time=22.3734s)
    Rep 68/100: OK (time=10.4427s)
    Rep 69/100: OK (time=7.5497s)
    Rep 70/100: OK (time=2.5333s)
    Rep 71/100: OK (time=7.4989s)
    Rep 72/100: OK (time=3.9030s)
    Rep 73/100: OK (time=3.8537s)
    Rep 74/100: OK (time=7.7473s)
    Rep 75/100: OK (time=6.7963s)
    Rep 76/100: OK (time=1.6137s)
    Rep 77/100: OK (time=9.2332s)
    Rep 78/100: OK (time=15.4417s)
    Rep 79/100: OK (time=12.9474s)
    Rep 80/100: OK (time=13.1848s)
    Rep 81/100: OK (time=11.6838s)
    Rep 82/100: OK (time=9.0489s)
    Rep 83/100: OK (time=8.4953s)
    Rep 84/100: OK (time=15.6888s)
    Rep 85/100: OK (time=6.1850s)
    Rep 86/100: OK (time=2.5315s)
    Rep 87/100: OK (time=9.8061s)
    Rep 88/100: OK (time=0.6434s)
    Rep 89/100: OK (time=3.4248s)
    Rep 90/100: OK (time=8.4008s)
    Rep 91/100: OK (time=4.6779s)
    Rep 92/100: OK (time=3.0285s)
    Rep 93/100: OK (time=21.8936s)
    Rep 94/100: OK (time=26.0712s)
    Rep 95/100: OK (time=2.3271s)
    Rep 96/100: OK (time=21.4626s)
    Rep 97/100: OK (time=6.2075s)
    Rep 98/100: OK (time=2.1651s)
    Rep 99/100: OK (time=3.3632s)
    Rep 100/100: OK (time=2.7584s)
    => success%=100.0 time_mean=7.120914 cycles_mean=263.43
  [entropyPct=78.625 [25x25]] (3/50) inst25x25_40_62.txt 
    Rep 1/100: OK (time=4.3346s)
    Rep 2/100: OK (time=6.1610s)
    Rep 3/100: OK (time=5.0599s)
    Rep 4/100: OK (time=13.0521s)
    Rep 5/100: OK (time=7.5878s)
    Rep 6/100: OK (time=14.8259s)
    Rep 7/100: OK (time=11.0520s)
    Rep 8/100: OK (time=10.0991s)
    Rep 9/100: OK (time=12.4012s)
    Rep 10/100: OK (time=6.0856s)
    Rep 11/100: OK (time=2.1912s)
    Rep 12/100: OK (time=6.0399s)
    Rep 13/100: OK (time=4.6917s)
    Rep 14/100: OK (time=5.2981s)
    Rep 15/100: OK (time=10.8318s)
    Rep 16/100: OK (time=6.2072s)
    Rep 17/100: OK (time=3.2108s)
    Rep 18/100: OK (time=11.9445s)
    Rep 19/100: OK (time=3.8503s)
    Rep 20/100: OK (time=12.1084s)
    Rep 21/100: OK (time=14.7556s)
    Rep 22/100: OK (time=12.3530s)
    Rep 23/100: OK (time=12.5886s)
    Rep 24/100: OK (time=5.4561s)
    Rep 25/100: OK (time=14.1508s)
    Rep 26/100: OK (time=3.5042s)
    Rep 27/100: OK (time=17.2496s)
    Rep 28/100: OK (time=9.6233s)
    Rep 29/100: OK (time=11.5769s)
    Rep 30/100: OK (time=8.4241s)
    Rep 31/100: OK (time=5.9041s)
    Rep 32/100: OK (time=16.4102s)
    Rep 33/100: OK (time=13.5017s)
    Rep 34/100: OK (time=7.7175s)
    Rep 35/100: OK (time=2.8660s)
    Rep 36/100: OK (time=1.7822s)
    Rep 37/100: OK (time=2.0650s)
    Rep 38/100: OK (time=11.4038s)
    Rep 39/100: OK (time=4.6198s)
    Rep 40/100: OK (time=2.3521s)
    Rep 41/100: OK (time=7.6202s)
    Rep 42/100: OK (time=24.9014s)
    Rep 43/100: OK (time=8.7312s)
    Rep 44/100: OK (time=5.5063s)
    Rep 45/100: OK (time=16.3512s)
    Rep 46/100: OK (time=4.5251s)
    Rep 47/100: OK (time=10.4386s)
    Rep 48/100: OK (time=2.2328s)
    Rep 49/100: OK (time=5.5153s)
    Rep 50/100: OK (time=5.5258s)
    Rep 51/100: OK (time=28.7269s)
    Rep 52/100: OK (time=14.2791s)
    Rep 53/100: OK (time=10.5526s)
    Rep 54/100: OK (time=5.3351s)
    Rep 55/100: OK (time=7.1194s)
    Rep 56/100: OK (time=4.7435s)
    Rep 57/100: OK (time=2.9211s)
    Rep 58/100: OK (time=10.1885s)
    Rep 59/100: OK (time=6.2204s)
    Rep 60/100: OK (time=7.0476s)
    Rep 61/100: OK (time=12.1160s)
    Rep 62/100: OK (time=0.3517s)
    Rep 63/100: OK (time=5.9469s)
    Rep 64/100: OK (time=11.8794s)
    Rep 65/100: OK (time=1.3903s)
    Rep 66/100: OK (time=1.0052s)
    Rep 67/100: OK (time=0.5332s)
    Rep 68/100: OK (time=9.6672s)
    Rep 69/100: OK (time=6.6985s)
    Rep 70/100: OK (time=1.5620s)
    Rep 71/100: OK (time=1.5982s)
    Rep 72/100: OK (time=3.9234s)
    Rep 73/100: OK (time=6.1478s)
    Rep 74/100: OK (time=8.2566s)
    Rep 75/100: OK (time=3.5266s)
    Rep 76/100: OK (time=9.2077s)
    Rep 77/100: OK (time=6.0286s)
    Rep 78/100: OK (time=4.0911s)
    Rep 79/100: OK (time=16.4100s)
    Rep 80/100: OK (time=11.8882s)
    Rep 81/100: OK (time=3.0076s)
    Rep 82/100: OK (time=4.2526s)
    Rep 83/100: OK (time=17.1200s)
    Rep 84/100: OK (time=2.6064s)
    Rep 85/100: OK (time=23.5228s)
    Rep 86/100: OK (time=10.0906s)
    Rep 87/100: OK (time=1.3009s)
    Rep 88/100: OK (time=5.3057s)
    Rep 89/100: OK (time=6.8716s)
    Rep 90/100: OK (time=12.8414s)
    Rep 91/100: OK (time=3.8590s)
    Rep 92/100: OK (time=23.8608s)
    Rep 93/100: OK (time=2.5278s)
    Rep 94/100: OK (time=0.9029s)
    Rep 95/100: OK (time=12.4415s)
    Rep 96/100: OK (time=12.2234s)
    Rep 97/100: OK (time=1.4885s)
    Rep 98/100: OK (time=4.4628s)
    Rep 99/100: OK (time=19.2510s)
    Rep 100/100: OK (time=6.7900s)
    => success%=100.0 time_mean=8.207756 cycles_mean=311.84
  [entropyPct=78.625 [25x25]] (4/50) inst25x25_40_80.txt 
    Rep 1/100: OK (time=2.9129s)
    Rep 2/100: OK (time=1.8183s)
    Rep 3/100: OK (time=2.6597s)
    Rep 4/100: OK (time=1.1380s)
    Rep 5/100: OK (time=2.4366s)
    Rep 6/100: OK (time=3.2791s)
    Rep 7/100: OK (time=1.8435s)
    Rep 8/100: OK (time=3.9741s)
    Rep 9/100: OK (time=5.5655s)
    Rep 10/100: OK (time=3.6536s)
    Rep 11/100: OK (time=1.2602s)
    Rep 12/100: OK (time=5.0915s)
    Rep 13/100: OK (time=1.4830s)
    Rep 14/100: OK (time=0.9645s)
    Rep 15/100: OK (time=2.8367s)
    Rep 16/100: OK (time=0.3983s)
    Rep 17/100: OK (time=0.2262s)
    Rep 18/100: OK (time=1.7168s)
    Rep 19/100: OK (time=3.0311s)
    Rep 20/100: OK (time=5.5906s)
    Rep 21/100: OK (time=1.9308s)
    Rep 22/100: OK (time=1.5111s)
    Rep 23/100: OK (time=1.1514s)
    Rep 24/100: OK (time=1.7836s)
    Rep 25/100: OK (time=2.6554s)
    Rep 26/100: OK (time=2.2136s)
    Rep 27/100: OK (time=0.5013s)
    Rep 28/100: OK (time=2.6799s)
    Rep 29/100: OK (time=3.2527s)
    Rep 30/100: OK (time=2.0001s)
    Rep 31/100: OK (time=1.5565s)
    Rep 32/100: OK (time=7.6709s)
    Rep 33/100: OK (time=2.8563s)
    Rep 34/100: OK (time=2.3344s)
    Rep 35/100: OK (time=1.1245s)
    Rep 36/100: OK (time=4.2037s)
    Rep 37/100: OK (time=1.2659s)
    Rep 38/100: OK (time=0.5762s)
    Rep 39/100: OK (time=1.6179s)
    Rep 40/100: OK (time=3.3240s)
    Rep 41/100: OK (time=6.9323s)
    Rep 42/100: OK (time=5.7830s)
    Rep 43/100: OK (time=2.1440s)
    Rep 44/100: OK (time=2.1723s)
    Rep 45/100: OK (time=7.8941s)
    Rep 46/100: OK (time=0.5861s)
    Rep 47/100: OK (time=14.1142s)
    Rep 48/100: OK (time=6.1137s)
    Rep 49/100: OK (time=2.0036s)
    Rep 50/100: OK (time=0.8768s)
    Rep 51/100: OK (time=2.0175s)
    Rep 52/100: OK (time=1.6576s)
    Rep 53/100: OK (time=4.3942s)
    Rep 54/100: OK (time=7.0333s)
    Rep 55/100: OK (time=1.8928s)
    Rep 56/100: OK (time=6.1026s)
    Rep 57/100: OK (time=1.5544s)
    Rep 58/100: OK (time=7.7110s)
    Rep 59/100: OK (time=2.5083s)
    Rep 60/100: OK (time=1.4222s)
    Rep 61/100: OK (time=3.0838s)
    Rep 62/100: OK (time=2.6363s)
    Rep 63/100: OK (time=2.5513s)
    Rep 64/100: OK (time=1.0608s)
    Rep 65/100: OK (time=3.0290s)
    Rep 66/100: OK (time=3.2817s)
    Rep 67/100: OK (time=1.6750s)
    Rep 68/100: OK (time=2.8795s)
    Rep 69/100: OK (time=3.9782s)
    Rep 70/100: OK (time=3.7024s)
    Rep 71/100: OK (time=3.8651s)
    Rep 72/100: OK (time=2.3784s)
    Rep 73/100: OK (time=0.3864s)
    Rep 74/100: OK (time=2.7906s)
    Rep 75/100: OK (time=0.4198s)
    Rep 76/100: OK (time=0.6888s)
    Rep 77/100: OK (time=2.9474s)
    Rep 78/100: OK (time=0.5561s)
    Rep 79/100: OK (time=1.9354s)
    Rep 80/100: OK (time=5.1857s)
    Rep 81/100: OK (time=3.8646s)
    Rep 82/100: OK (time=10.0322s)
    Rep 83/100: OK (time=0.7983s)
    Rep 84/100: OK (time=1.3832s)
    Rep 85/100: OK (time=14.1354s)
    Rep 86/100: OK (time=5.0649s)
    Rep 87/100: OK (time=13.1112s)
    Rep 88/100: OK (time=8.2038s)
    Rep 89/100: OK (time=3.8762s)
    Rep 90/100: OK (time=5.6077s)
    Rep 91/100: OK (time=1.6009s)
    Rep 92/100: OK (time=3.7800s)
    Rep 93/100: OK (time=0.7559s)
    Rep 94/100: OK (time=1.8964s)
    Rep 95/100: OK (time=8.7911s)
    Rep 96/100: OK (time=0.4422s)
    Rep 97/100: OK (time=6.8487s)
    Rep 98/100: OK (time=8.7815s)
    Rep 99/100: OK (time=0.9720s)
    Rep 100/100: OK (time=2.7753s)
    => success%=100.0 time_mean=3.34758 cycles_mean=129.32
  [entropyPct=78.625 [25x25]] (5/50) inst25x25_40_9.txt 
    Rep 1/100: OK (time=0.4559s)
    Rep 2/100: OK (time=7.9210s)
    Rep 3/100: OK (time=2.3116s)
    Rep 4/100: OK (time=2.1825s)
    Rep 5/100: OK (time=10.5544s)
    Rep 6/100: OK (time=5.6120s)
    Rep 7/100: OK (time=1.3189s)
    Rep 8/100: OK (time=1.2003s)
    Rep 9/100: OK (time=5.6366s)
    Rep 10/100: OK (time=0.6011s)
    Rep 11/100: OK (time=5.8255s)
    Rep 12/100: OK (time=2.2642s)
    Rep 13/100: OK (time=3.5612s)
    Rep 14/100: OK (time=4.0160s)
    Rep 15/100: OK (time=1.3014s)
    Rep 16/100: OK (time=1.5205s)
    Rep 17/100: OK (time=5.6655s)
    Rep 18/100: OK (time=1.9537s)
    Rep 19/100: OK (time=5.4207s)
    Rep 20/100: OK (time=5.0061s)
    Rep 21/100: OK (time=1.8537s)
    Rep 22/100: OK (time=7.9192s)
    Rep 23/100: OK (time=0.6780s)
    Rep 24/100: OK (time=5.5137s)
    Rep 25/100: OK (time=5.3613s)
    Rep 26/100: OK (time=1.9763s)
    Rep 27/100: OK (time=1.2654s)
    Rep 28/100: OK (time=5.0207s)
    Rep 29/100: OK (time=1.3720s)
    Rep 30/100: OK (time=7.5995s)
    Rep 31/100: OK (time=4.7176s)
    Rep 32/100: OK (time=3.5919s)
    Rep 33/100: OK (time=1.3053s)
    Rep 34/100: OK (time=5.7783s)
    Rep 35/100: OK (time=1.6718s)
    Rep 36/100: OK (time=0.5930s)
    Rep 37/100: OK (time=2.8349s)
    Rep 38/100: OK (time=7.9951s)
    Rep 39/100: OK (time=3.1446s)
    Rep 40/100: OK (time=15.9011s)
    Rep 41/100: OK (time=3.4691s)
    Rep 42/100: OK (time=2.4517s)
    Rep 43/100: OK (time=8.7080s)
    Rep 44/100: OK (time=0.4810s)
    Rep 45/100: OK (time=4.1484s)
    Rep 46/100: OK (time=6.3573s)
    Rep 47/100: OK (time=3.0127s)
    Rep 48/100: OK (time=13.4155s)
    Rep 49/100: OK (time=7.0219s)
    Rep 50/100: OK (time=5.8237s)
    Rep 51/100: OK (time=7.7687s)
    Rep 52/100: OK (time=6.9322s)
    Rep 53/100: OK (time=4.7814s)
    Rep 54/100: OK (time=4.4212s)
    Rep 55/100: OK (time=3.4512s)
    Rep 56/100: OK (time=3.5735s)
    Rep 57/100: OK (time=7.7682s)
    Rep 58/100: OK (time=3.3594s)
    Rep 59/100: OK (time=9.0098s)
    Rep 60/100: OK (time=6.2935s)
    Rep 61/100: OK (time=25.1594s)
    Rep 62/100: OK (time=5.1345s)
    Rep 63/100: OK (time=10.8379s)
    Rep 64/100: OK (time=7.5499s)
    Rep 65/100: OK (time=1.0037s)
    Rep 66/100: OK (time=1.1023s)
    Rep 67/100: OK (time=1.6168s)
    Rep 68/100: OK (time=4.0050s)
    Rep 69/100: OK (time=10.9056s)
    Rep 70/100: OK (time=2.8455s)
    Rep 71/100: OK (time=8.8685s)
    Rep 72/100: OK (time=2.3088s)
    Rep 73/100: OK (time=1.3652s)
    Rep 74/100: OK (time=8.6337s)
    Rep 75/100: OK (time=2.1295s)
    Rep 76/100: OK (time=3.3811s)
    Rep 77/100: OK (time=4.3855s)
    Rep 78/100: OK (time=2.7264s)
    Rep 79/100: OK (time=4.4537s)
    Rep 80/100: OK (time=0.5649s)
    Rep 81/100: OK (time=0.7050s)
    Rep 82/100: OK (time=2.8183s)
    Rep 83/100: OK (time=6.4660s)
    Rep 84/100: OK (time=1.6364s)
    Rep 85/100: OK (time=2.5640s)
    Rep 86/100: OK (time=17.9625s)
    Rep 87/100: OK (time=2.4733s)
    Rep 88/100: OK (time=1.8392s)
    Rep 89/100: OK (time=14.1606s)
    Rep 90/100: OK (time=1.4975s)
    Rep 91/100: OK (time=6.2184s)
    Rep 92/100: OK (time=4.9388s)
    Rep 93/100: OK (time=8.1985s)
    Rep 94/100: OK (time=4.9352s)
    Rep 95/100: OK (time=14.0357s)
    Rep 96/100: OK (time=14.0951s)
    Rep 97/100: OK (time=16.1957s)
    Rep 98/100: OK (time=6.9602s)
    Rep 99/100: OK (time=11.3611s)
    Rep 100/100: OK (time=9.7882s)
    => success%=100.0 time_mean=5.304986 cycles_mean=205.96
  [entropyPct=78.625 [25x25]] (6/50) inst25x25_45_1.txt 
    Rep 1/100: OK (time=15.0719s)
    Rep 2/100: FAIL (time=121.5670s)
    Rep 3/100: OK (time=1.1983s)
    Rep 4/100: OK (time=2.9332s)
    Rep 5/100: OK (time=36.5735s)
    Rep 6/100: OK (time=41.5229s)
    Rep 7/100: OK (time=15.8409s)
    Rep 8/100: OK (time=28.2669s)
    Rep 9/100: OK (time=6.8533s)
    Rep 10/100: OK (time=89.8652s)
    Rep 11/100: OK (time=31.2569s)
    Rep 12/100: OK (time=28.8781s)
    Rep 13/100: OK (time=35.5383s)
    Rep 14/100: FAIL (time=120.8390s)
    Rep 15/100: OK (time=74.9864s)
    Rep 16/100: OK (time=70.8111s)
    Rep 17/100: FAIL (time=121.5760s)
    Rep 18/100: OK (time=5.2309s)
    Rep 19/100: OK (time=11.5237s)
    Rep 20/100: OK (time=25.6212s)
    Rep 21/100: OK (time=51.3358s)
    Rep 22/100: OK (time=62.0470s)
    Rep 23/100: OK (time=3.5869s)
    Rep 24/100: OK (time=19.2006s)
    Rep 25/100: FAIL (time=120.4610s)
    Rep 26/100: OK (time=46.1539s)
    Rep 27/100: OK (time=48.8715s)
    Rep 28/100: OK (time=15.8001s)
    Rep 29/100: OK (time=7.1713s)
    Rep 30/100: FAIL (time=120.5130s)
    Rep 31/100: FAIL (time=121.9280s)
    Rep 32/100: OK (time=77.1096s)
    Rep 33/100: OK (time=29.6776s)
    Rep 34/100: OK (time=25.3163s)
    Rep 35/100: OK (time=24.1566s)
    Rep 36/100: OK (time=77.1102s)
    Rep 37/100: FAIL (time=120.1310s)
    Rep 38/100: OK (time=115.4420s)
    Rep 39/100: OK (time=15.9929s)
    Rep 40/100: OK (time=47.2891s)
    Rep 41/100: OK (time=79.1635s)
    Rep 42/100: OK (time=7.0734s)
    Rep 43/100: FAIL (time=121.4830s)
    Rep 44/100: FAIL (time=121.8710s)
    Rep 45/100: OK (time=10.1276s)
    Rep 46/100: OK (time=12.9944s)
    Rep 47/100: OK (time=7.7998s)
    Rep 48/100: FAIL (time=120.2170s)
    Rep 49/100: OK (time=31.3610s)
    Rep 50/100: FAIL (time=120.9850s)
    Rep 51/100: OK (time=19.9992s)
    Rep 52/100: OK (time=4.3676s)
    Rep 53/100: OK (time=11.0916s)
    Rep 54/100: OK (time=19.1166s)
    Rep 55/100: OK (time=48.4745s)
    Rep 56/100: OK (time=16.9968s)
    Rep 57/100: OK (time=2.3019s)
    Rep 58/100: OK (time=14.2308s)
    Rep 59/100: OK (time=1.1105s)
    Rep 60/100: OK (time=1.0485s)
    Rep 61/100: OK (time=15.9611s)
    Rep 62/100: OK (time=15.3106s)
    Rep 63/100: OK (time=17.8426s)
    Rep 64/100: FAIL (time=120.7280s)
    Rep 65/100: OK (time=19.0820s)
    Rep 66/100: OK (time=9.7533s)
    Rep 67/100: OK (time=14.2742s)
    Rep 68/100: OK (time=42.7079s)
    Rep 69/100: OK (time=93.7726s)
    Rep 70/100: OK (time=7.5746s)
    Rep 71/100: OK (time=27.1781s)
    Rep 72/100: OK (time=56.9349s)
    Rep 73/100: OK (time=5.7900s)
    Rep 74/100: OK (time=63.5550s)
    Rep 75/100: OK (time=50.8762s)
    Rep 76/100: OK (time=6.2858s)
    Rep 77/100: FAIL (time=120.2480s)
    Rep 78/100: OK (time=37.4017s)
    Rep 79/100: OK (time=72.6840s)
    Rep 80/100: OK (time=57.8082s)
    Rep 81/100: FAIL (time=120.9320s)
    Rep 82/100: FAIL (time=120.1470s)
    Rep 83/100: OK (time=98.7476s)
    Rep 84/100: OK (time=11.0944s)
    Rep 85/100: FAIL (time=121.3280s)
    Rep 86/100: OK (time=45.7854s)
    Rep 87/100: OK (time=82.8449s)
    Rep 88/100: OK (time=8.0063s)
    Rep 89/100: OK (time=56.2788s)
    Rep 90/100: OK (time=71.8945s)
    Rep 91/100: OK (time=6.4741s)
    Rep 92/100: OK (time=27.5801s)
    Rep 93/100: FAIL (time=121.2610s)
    Rep 94/100: OK (time=20.5461s)
    Rep 95/100: OK (time=110.6510s)
    Rep 96/100: FAIL (time=120.1180s)
    Rep 97/100: OK (time=50.2562s)
    Rep 98/100: FAIL (time=120.7960s)
    Rep 99/100: FAIL (time=121.3360s)
    Rep 100/100: FAIL (time=121.5970s)
    => success%=79.0 time_mean=33.929673 cycles_mean=1725.949
  [entropyPct=78.625 [25x25]] (7/50) inst25x25_45_14.txt 
    Rep 1/100: OK (time=1.0905s)
    Rep 2/100: OK (time=12.8370s)
    Rep 3/100: OK (time=4.1990s)
    Rep 4/100: OK (time=1.4529s)
    Rep 5/100: OK (time=5.0919s)
    Rep 6/100: OK (time=0.2806s)
    Rep 7/100: OK (time=1.0494s)
    Rep 8/100: OK (time=0.5871s)
    Rep 9/100: OK (time=0.9293s)
    Rep 10/100: OK (time=3.6507s)
    Rep 11/100: OK (time=0.3630s)
    Rep 12/100: OK (time=0.7291s)
    Rep 13/100: OK (time=0.4422s)
    Rep 14/100: OK (time=0.7702s)
    Rep 15/100: OK (time=3.2781s)
    Rep 16/100: OK (time=2.0553s)
    Rep 17/100: OK (time=0.7444s)
    Rep 18/100: OK (time=3.8930s)
    Rep 19/100: OK (time=0.4970s)
    Rep 20/100: OK (time=2.2684s)
    Rep 21/100: OK (time=0.8597s)
    Rep 22/100: OK (time=0.9362s)
    Rep 23/100: OK (time=0.4729s)
    Rep 24/100: OK (time=3.2982s)
    Rep 25/100: OK (time=3.0029s)
    Rep 26/100: OK (time=0.2628s)
    Rep 27/100: OK (time=0.4810s)
    Rep 28/100: OK (time=2.8866s)
    Rep 29/100: OK (time=0.6711s)
    Rep 30/100: OK (time=0.7805s)
    Rep 31/100: OK (time=0.8531s)
    Rep 32/100: OK (time=3.0295s)
    Rep 33/100: OK (time=0.5956s)
    Rep 34/100: OK (time=0.7959s)
    Rep 35/100: OK (time=1.1888s)
    Rep 36/100: OK (time=2.9856s)
    Rep 37/100: OK (time=0.9397s)
    Rep 38/100: OK (time=2.1557s)
    Rep 39/100: OK (time=2.5936s)
    Rep 40/100: OK (time=0.2379s)
    Rep 41/100: OK (time=1.7865s)
    Rep 42/100: OK (time=0.7217s)
    Rep 43/100: OK (time=0.2014s)
    Rep 44/100: OK (time=6.9776s)
    Rep 45/100: OK (time=1.9889s)
    Rep 46/100: OK (time=1.9310s)
    Rep 47/100: OK (time=2.2149s)
    Rep 48/100: OK (time=3.3829s)
    Rep 49/100: OK (time=5.4154s)
    Rep 50/100: OK (time=4.9181s)
    Rep 51/100: OK (time=1.2412s)
    Rep 52/100: OK (time=0.8616s)
    Rep 53/100: OK (time=2.6316s)
    Rep 54/100: OK (time=0.7529s)
    Rep 55/100: OK (time=3.2656s)
    Rep 56/100: OK (time=1.7574s)
    Rep 57/100: OK (time=3.8587s)
    Rep 58/100: OK (time=1.0491s)
    Rep 59/100: OK (time=0.8992s)
    Rep 60/100: OK (time=1.6494s)
    Rep 61/100: OK (time=2.2211s)
    Rep 62/100: OK (time=1.1266s)
    Rep 63/100: OK (time=0.7263s)
    Rep 64/100: OK (time=1.3305s)
    Rep 65/100: OK (time=3.3671s)
    Rep 66/100: OK (time=0.9649s)
    Rep 67/100: OK (time=1.0133s)
    Rep 68/100: OK (time=0.7416s)
    Rep 69/100: OK (time=0.8880s)
    Rep 70/100: OK (time=3.4928s)
    Rep 71/100: OK (time=0.8291s)
    Rep 72/100: OK (time=0.8069s)
    Rep 73/100: OK (time=3.0292s)
    Rep 74/100: OK (time=2.8410s)
    Rep 75/100: OK (time=1.7727s)
    Rep 76/100: OK (time=1.2446s)
    Rep 77/100: OK (time=0.5029s)
    Rep 78/100: OK (time=15.0527s)
    Rep 79/100: OK (time=0.5350s)
    Rep 80/100: OK (time=1.0574s)
    Rep 81/100: OK (time=0.4930s)
    Rep 82/100: OK (time=2.6289s)
    Rep 83/100: OK (time=1.0964s)
    Rep 84/100: OK (time=2.5532s)
    Rep 85/100: OK (time=0.5756s)
    Rep 86/100: OK (time=1.3689s)
    Rep 87/100: OK (time=1.7725s)
    Rep 88/100: OK (time=1.3586s)
    Rep 89/100: OK (time=6.3225s)
    Rep 90/100: OK (time=1.6971s)
    Rep 91/100: OK (time=2.4101s)
    Rep 92/100: OK (time=1.5119s)
    Rep 93/100: OK (time=3.0585s)
    Rep 94/100: OK (time=0.8864s)
    Rep 95/100: OK (time=0.7435s)
    Rep 96/100: OK (time=0.7844s)
    Rep 97/100: OK (time=0.4398s)
    Rep 98/100: OK (time=4.9120s)
    Rep 99/100: OK (time=2.3497s)
    Rep 100/100: OK (time=21.0206s)
    => success%=100.0 time_mean=2.242686 cycles_mean=125.04
  [entropyPct=78.625 [25x25]] (8/50) inst25x25_45_16.txt 
    Rep 1/100: OK (time=1.8558s)
    Rep 2/100: OK (time=0.3678s)
    Rep 3/100: OK (time=6.3818s)
    Rep 4/100: OK (time=7.7841s)
    Rep 5/100: OK (time=3.8023s)
    Rep 6/100: OK (time=9.6311s)
    Rep 7/100: OK (time=31.0251s)
    Rep 8/100: OK (time=2.3841s)
    Rep 9/100: OK (time=8.6758s)
    Rep 10/100: OK (time=2.4380s)
    Rep 11/100: OK (time=15.4402s)
    Rep 12/100: OK (time=8.8862s)
    Rep 13/100: OK (time=0.3607s)
    Rep 14/100: OK (time=2.4593s)
    Rep 15/100: OK (time=1.8425s)
    Rep 16/100: OK (time=12.2991s)
    Rep 17/100: OK (time=1.0876s)
    Rep 18/100: OK (time=10.4573s)
    Rep 19/100: OK (time=5.7368s)
    Rep 20/100: OK (time=18.3222s)
    Rep 21/100: OK (time=2.5175s)
    Rep 22/100: OK (time=5.4249s)
    Rep 23/100: OK (time=2.2856s)
    Rep 24/100: OK (time=2.1404s)
    Rep 25/100: OK (time=0.8328s)
    Rep 26/100: OK (time=13.3541s)
    Rep 27/100: OK (time=30.9093s)
    Rep 28/100: OK (time=32.5574s)
    Rep 29/100: OK (time=1.9287s)
    Rep 30/100: OK (time=8.7218s)
    Rep 31/100: OK (time=0.2814s)
    Rep 32/100: OK (time=2.3332s)
    Rep 33/100: OK (time=1.2405s)
    Rep 34/100: OK (time=10.0790s)
    Rep 35/100: OK (time=6.9482s)
    Rep 36/100: OK (time=1.0838s)
    Rep 37/100: OK (time=2.6241s)
    Rep 38/100: OK (time=5.8394s)
    Rep 39/100: OK (time=26.7198s)
    Rep 40/100: OK (time=6.0915s)
    Rep 41/100: OK (time=1.6047s)
    Rep 42/100: OK (time=14.3967s)
    Rep 43/100: OK (time=7.9498s)
    Rep 44/100: OK (time=1.4487s)
    Rep 45/100: OK (time=7.7351s)
    Rep 46/100: OK (time=0.7157s)
    Rep 47/100: OK (time=1.3141s)
    Rep 48/100: OK (time=1.1154s)
    Rep 49/100: OK (time=22.5152s)
    Rep 50/100: OK (time=1.4772s)
    Rep 51/100: OK (time=1.0685s)
    Rep 52/100: OK (time=1.3717s)
    Rep 53/100: OK (time=1.3007s)
    Rep 54/100: OK (time=2.3095s)
    Rep 55/100: OK (time=0.5388s)
    Rep 56/100: OK (time=7.5030s)
    Rep 57/100: OK (time=1.3395s)
    Rep 58/100: OK (time=11.2169s)
    Rep 59/100: OK (time=0.9127s)
    Rep 60/100: OK (time=2.4768s)
    Rep 61/100: OK (time=4.2616s)
    Rep 62/100: OK (time=2.7082s)
    Rep 63/100: OK (time=0.4401s)
    Rep 64/100: OK (time=0.8238s)
    Rep 65/100: OK (time=0.4038s)
    Rep 66/100: OK (time=5.7784s)
    Rep 67/100: OK (time=3.7434s)
    Rep 68/100: OK (time=15.1110s)
    Rep 69/100: OK (time=1.3920s)
    Rep 70/100: OK (time=2.4729s)
    Rep 71/100: OK (time=5.6166s)
    Rep 72/100: OK (time=10.9686s)
    Rep 73/100: OK (time=7.0816s)
    Rep 74/100: OK (time=2.0514s)
    Rep 75/100: OK (time=1.6979s)
    Rep 76/100: OK (time=12.9272s)
    Rep 77/100: OK (time=7.7722s)
    Rep 78/100: OK (time=0.5449s)
    Rep 79/100: OK (time=6.8839s)
    Rep 80/100: OK (time=5.8806s)
    Rep 81/100: OK (time=1.9227s)
    Rep 82/100: OK (time=15.2994s)
    Rep 83/100: OK (time=0.7013s)
    Rep 84/100: OK (time=0.4005s)
    Rep 85/100: OK (time=0.3201s)
    Rep 86/100: OK (time=2.3082s)
    Rep 87/100: OK (time=1.5695s)
    Rep 88/100: OK (time=30.7304s)
    Rep 89/100: OK (time=2.7005s)
    Rep 90/100: OK (time=7.0442s)
    Rep 91/100: OK (time=1.0792s)
    Rep 92/100: OK (time=5.0365s)
    Rep 93/100: OK (time=3.6886s)
    Rep 94/100: OK (time=1.6766s)
    Rep 95/100: OK (time=17.5834s)
    Rep 96/100: OK (time=19.6071s)
    Rep 97/100: OK (time=2.4106s)
    Rep 98/100: OK (time=0.8623s)
    Rep 99/100: OK (time=20.6070s)
    Rep 100/100: OK (time=1.0156s)
    => success%=100.0 time_mean=6.405854 cycles_mean=330.92
  [entropyPct=78.625 [25x25]] (9/50) inst25x25_45_18.txt 
    Rep 1/100: OK (time=3.8407s)
    Rep 2/100: OK (time=6.8310s)
    Rep 3/100: OK (time=1.1960s)
    Rep 4/100: OK (time=0.7854s)
    Rep 5/100: OK (time=0.9760s)
    Rep 6/100: OK (time=1.5926s)
    Rep 7/100: OK (time=2.5576s)
    Rep 8/100: OK (time=2.1385s)
    Rep 9/100: OK (time=9.2632s)
    Rep 10/100: OK (time=1.5660s)
    Rep 11/100: OK (time=0.4373s)
    Rep 12/100: OK (time=3.5640s)
    Rep 13/100: OK (time=1.5500s)
    Rep 14/100: OK (time=1.2740s)
    Rep 15/100: OK (time=0.6779s)
    Rep 16/100: OK (time=4.2524s)
    Rep 17/100: OK (time=5.0166s)
    Rep 18/100: OK (time=0.9697s)
    Rep 19/100: OK (time=0.8435s)
    Rep 20/100: OK (time=7.5847s)
    Rep 21/100: OK (time=3.6138s)
    Rep 22/100: OK (time=1.0233s)
    Rep 23/100: OK (time=7.0462s)
    Rep 24/100: OK (time=0.5226s)
    Rep 25/100: OK (time=2.7729s)
    Rep 26/100: OK (time=1.3012s)
    Rep 27/100: OK (time=12.4626s)
    Rep 28/100: OK (time=1.2051s)
    Rep 29/100: OK (time=8.4129s)
    Rep 30/100: OK (time=7.3680s)
    Rep 31/100: OK (time=1.1618s)
    Rep 32/100: OK (time=6.6914s)
    Rep 33/100: OK (time=4.9497s)
    Rep 34/100: OK (time=14.9344s)
    Rep 35/100: OK (time=1.7456s)
    Rep 36/100: OK (time=3.2132s)
    Rep 37/100: OK (time=0.2413s)
    Rep 38/100: OK (time=1.9432s)
    Rep 39/100: OK (time=8.4565s)
    Rep 40/100: OK (time=8.8634s)
    Rep 41/100: OK (time=1.2778s)
    Rep 42/100: OK (time=3.1563s)
    Rep 43/100: OK (time=1.3053s)
    Rep 44/100: OK (time=1.0015s)
    Rep 45/100: OK (time=0.2249s)
    Rep 46/100: OK (time=15.7313s)
    Rep 47/100: OK (time=1.1313s)
    Rep 48/100: OK (time=3.2526s)
    Rep 49/100: OK (time=2.7021s)
    Rep 50/100: OK (time=2.7070s)
    Rep 51/100: OK (time=3.2955s)
    Rep 52/100: OK (time=1.5609s)
    Rep 53/100: OK (time=0.6424s)
    Rep 54/100: OK (time=3.0734s)
    Rep 55/100: OK (time=0.6472s)
    Rep 56/100: OK (time=2.0383s)
    Rep 57/100: OK (time=1.9667s)
    Rep 58/100: OK (time=3.6512s)
    Rep 59/100: OK (time=1.5961s)
    Rep 60/100: OK (time=1.0086s)
    Rep 61/100: OK (time=0.8470s)
    Rep 62/100: OK (time=9.7388s)
    Rep 63/100: OK (time=0.6081s)
    Rep 64/100: OK (time=2.0803s)
    Rep 65/100: OK (time=0.6452s)
    Rep 66/100: OK (time=2.5544s)
    Rep 67/100: OK (time=1.0528s)
    Rep 68/100: OK (time=4.5096s)
    Rep 69/100: OK (time=6.7318s)
    Rep 70/100: OK (time=0.9130s)
    Rep 71/100: OK (time=4.7687s)
    Rep 72/100: OK (time=3.5188s)
    Rep 73/100: OK (time=4.7066s)
    Rep 74/100: OK (time=3.0435s)
    Rep 75/100: OK (time=5.2587s)
    Rep 76/100: OK (time=3.1963s)
    Rep 77/100: OK (time=0.5738s)
    Rep 78/100: OK (time=4.0803s)
    Rep 79/100: OK (time=1.4268s)
    Rep 80/100: OK (time=0.9337s)
    Rep 81/100: OK (time=7.2778s)
    Rep 82/100: OK (time=5.9170s)
    Rep 83/100: OK (time=1.3256s)
    Rep 84/100: OK (time=4.5908s)
    Rep 85/100: OK (time=2.2818s)
    Rep 86/100: OK (time=1.4439s)
    Rep 87/100: OK (time=1.7743s)
    Rep 88/100: OK (time=0.8542s)
    Rep 89/100: OK (time=3.1956s)
    Rep 90/100: OK (time=0.2239s)
    Rep 91/100: OK (time=2.5563s)
    Rep 92/100: OK (time=0.7374s)
    Rep 93/100: OK (time=1.7945s)
    Rep 94/100: OK (time=3.1508s)
    Rep 95/100: OK (time=0.9176s)
    Rep 96/100: OK (time=0.3929s)
    Rep 97/100: OK (time=2.2769s)
    Rep 98/100: OK (time=1.6594s)
    Rep 99/100: OK (time=7.8267s)
    Rep 100/100: OK (time=9.7050s)
    => success%=100.0 time_mean=3.27907 cycles_mean=175.49
  [entropyPct=78.625 [25x25]] (10/50) inst25x25_45_2.txt 
    Rep 1/100: OK (time=33.1151s)
    Rep 2/100: OK (time=3.4046s)
    Rep 3/100: OK (time=5.9165s)
    Rep 4/100: OK (time=2.0487s)
    Rep 5/100: OK (time=11.0231s)
    Rep 6/100: OK (time=3.7258s)
    Rep 7/100: OK (time=2.0952s)
    Rep 8/100: OK (time=2.1838s)
    Rep 9/100: OK (time=5.3216s)
    Rep 10/100: OK (time=54.4109s)
    Rep 11/100: OK (time=7.1257s)
    Rep 12/100: OK (time=6.3915s)
    Rep 13/100: OK (time=13.3872s)
    Rep 14/100: OK (time=71.2569s)
    Rep 15/100: OK (time=4.3862s)
    Rep 16/100: OK (time=6.8911s)
    Rep 17/100: OK (time=10.1780s)
    Rep 18/100: OK (time=8.5186s)
    Rep 19/100: OK (time=16.3148s)
    Rep 20/100: OK (time=8.7706s)
    Rep 21/100: OK (time=1.9221s)
    Rep 22/100: OK (time=11.3145s)
    Rep 23/100: OK (time=2.1941s)
    Rep 24/100: OK (time=3.5531s)
    Rep 25/100: OK (time=7.3554s)
    Rep 26/100: OK (time=38.9880s)
    Rep 27/100: FAIL (time=121.5350s)
    Rep 28/100: OK (time=22.8290s)
    Rep 29/100: OK (time=19.6278s)
    Rep 30/100: OK (time=4.1564s)
    Rep 31/100: OK (time=23.9852s)
    Rep 32/100: OK (time=3.5292s)
    Rep 33/100: OK (time=8.7585s)
    Rep 34/100: OK (time=10.8757s)
    Rep 35/100: OK (time=4.5204s)
    Rep 36/100: OK (time=27.5623s)
    Rep 37/100: OK (time=8.8224s)
    Rep 38/100: OK (time=1.9398s)
    Rep 39/100: OK (time=25.9086s)
    Rep 40/100: OK (time=10.7041s)
    Rep 41/100: OK (time=22.4803s)
    Rep 42/100: OK (time=5.4846s)
    Rep 43/100: OK (time=13.5130s)
    Rep 44/100: OK (time=9.0799s)
    Rep 45/100: OK (time=6.2963s)
    Rep 46/100: OK (time=0.5820s)
    Rep 47/100: OK (time=8.8370s)
    Rep 48/100: OK (time=4.6756s)
    Rep 49/100: OK (time=5.1616s)
    Rep 50/100: OK (time=1.3004s)
    Rep 51/100: OK (time=5.6032s)
    Rep 52/100: OK (time=12.5386s)
    Rep 53/100: OK (time=17.0711s)
    Rep 54/100: OK (time=20.5192s)
    Rep 55/100: OK (time=22.3766s)
    Rep 56/100: OK (time=3.9210s)
    Rep 57/100: OK (time=13.3694s)
    Rep 58/100: OK (time=5.0386s)
    Rep 59/100: OK (time=7.8473s)
    Rep 60/100: OK (time=2.0243s)
    Rep 61/100: OK (time=3.1529s)
    Rep 62/100: OK (time=0.5406s)
    Rep 63/100: OK (time=9.2963s)
    Rep 64/100: OK (time=95.8520s)
    Rep 65/100: OK (time=0.3266s)
    Rep 66/100: OK (time=1.8357s)
    Rep 67/100: OK (time=2.2234s)
    Rep 68/100: OK (time=1.6688s)
    Rep 69/100: OK (time=4.9151s)
    Rep 70/100: OK (time=2.5541s)
    Rep 71/100: OK (time=1.5752s)
    Rep 72/100: OK (time=0.6658s)
    Rep 73/100: OK (time=5.3859s)
    Rep 74/100: OK (time=41.0839s)
    Rep 75/100: OK (time=9.6259s)
    Rep 76/100: OK (time=24.8803s)
    Rep 77/100: OK (time=0.5273s)
    Rep 78/100: OK (time=10.7246s)
    Rep 79/100: OK (time=3.8775s)
    Rep 80/100: OK (time=4.7101s)
    Rep 81/100: OK (time=3.2552s)
    Rep 82/100: OK (time=1.1936s)
    Rep 83/100: OK (time=3.8901s)
    Rep 84/100: OK (time=2.8191s)
    Rep 85/100: OK (time=2.3777s)
    Rep 86/100: OK (time=6.6410s)
    Rep 87/100: OK (time=28.3124s)
    Rep 88/100: OK (time=22.3701s)
    Rep 89/100: OK (time=2.5554s)
    Rep 90/100: OK (time=0.8508s)
    Rep 91/100: OK (time=12.6279s)
    Rep 92/100: OK (time=4.2080s)
    Rep 93/100: OK (time=5.6222s)
    Rep 94/100: OK (time=9.3238s)
    Rep 95/100: OK (time=18.4344s)
    Rep 96/100: OK (time=7.1401s)
    Rep 97/100: OK (time=2.2035s)
    Rep 98/100: OK (time=2.7778s)
    Rep 99/100: OK (time=4.9780s)
    Rep 100/100: OK (time=0.2080s)
    => success%=99.0 time_mean=10.807509 cycles_mean=530.768
  [entropyPct=78.625 [25x25]] (11/50) inst25x25_45_23.txt 
    Rep 1/100: OK (time=5.4466s)
    Rep 2/100: OK (time=6.0204s)
    Rep 3/100: OK (time=3.4859s)
    Rep 4/100: OK (time=3.7326s)
    Rep 5/100: OK (time=4.0345s)
    Rep 6/100: OK (time=3.6301s)
    Rep 7/100: OK (time=5.6848s)
    Rep 8/100: OK (time=8.2504s)
    Rep 9/100: OK (time=25.5855s)
    Rep 10/100: OK (time=1.0218s)
    Rep 11/100: OK (time=1.2430s)
    Rep 12/100: OK (time=3.8992s)
    Rep 13/100: OK (time=0.7797s)
    Rep 14/100: OK (time=7.0418s)
    Rep 15/100: OK (time=2.4666s)
    Rep 16/100: OK (time=4.4747s)
    Rep 17/100: OK (time=8.3042s)
    Rep 18/100: OK (time=2.9861s)
    Rep 19/100: OK (time=47.4958s)
    Rep 20/100: OK (time=65.5844s)
    Rep 21/100: OK (time=8.8416s)
    Rep 22/100: OK (time=3.2372s)
    Rep 23/100: OK (time=15.5638s)
    Rep 24/100: OK (time=3.5918s)
    Rep 25/100: OK (time=20.8251s)
    Rep 26/100: OK (time=8.6204s)
    Rep 27/100: OK (time=6.0218s)
    Rep 28/100: OK (time=20.0410s)
    Rep 29/100: OK (time=30.3820s)
    Rep 30/100: OK (time=4.0553s)
    Rep 31/100: OK (time=7.6584s)
    Rep 32/100: OK (time=8.7088s)
    Rep 33/100: OK (time=4.2725s)
    Rep 34/100: OK (time=22.0084s)
    Rep 35/100: OK (time=3.8605s)
    Rep 36/100: OK (time=5.0890s)
    Rep 37/100: OK (time=10.2351s)
    Rep 38/100: OK (time=0.9427s)
    Rep 39/100: OK (time=1.2733s)
    Rep 40/100: OK (time=21.3612s)
    Rep 41/100: OK (time=10.7690s)
    Rep 42/100: OK (time=2.8023s)
    Rep 43/100: OK (time=1.7040s)
    Rep 44/100: OK (time=36.2472s)
    Rep 45/100: OK (time=1.6424s)
    Rep 46/100: OK (time=0.4983s)
    Rep 47/100: OK (time=6.2920s)
    Rep 48/100: OK (time=39.2463s)
    Rep 49/100: OK (time=21.5635s)
    Rep 50/100: OK (time=11.8466s)
    Rep 51/100: OK (time=5.1828s)
    Rep 52/100: OK (time=4.0791s)
    Rep 53/100: OK (time=2.6857s)
    Rep 54/100: OK (time=12.6853s)
    Rep 55/100: OK (time=10.1010s)
    Rep 56/100: OK (time=6.2453s)
    Rep 57/100: OK (time=7.6196s)
    Rep 58/100: OK (time=0.9861s)
    Rep 59/100: OK (time=5.0040s)
    Rep 60/100: OK (time=0.3730s)
    Rep 61/100: OK (time=15.0825s)
    Rep 62/100: OK (time=1.7664s)
    Rep 63/100: OK (time=0.4243s)
    Rep 64/100: OK (time=3.3411s)
    Rep 65/100: OK (time=2.2388s)
    Rep 66/100: OK (time=6.9177s)
    Rep 67/100: OK (time=80.1593s)
    Rep 68/100: OK (time=8.8150s)
    Rep 69/100: OK (time=1.7245s)
    Rep 70/100: OK (time=5.9140s)
    Rep 71/100: OK (time=6.0006s)
    Rep 72/100: OK (time=12.2276s)
    Rep 73/100: OK (time=8.3470s)
    Rep 74/100: OK (time=7.9048s)
    Rep 75/100: OK (time=69.2008s)
    Rep 76/100: OK (time=15.6990s)
    Rep 77/100: OK (time=6.3487s)
    Rep 78/100: OK (time=9.3141s)
    Rep 79/100: OK (time=7.1582s)
    Rep 80/100: OK (time=6.1434s)
    Rep 81/100: OK (time=12.7532s)
    Rep 82/100: OK (time=2.8291s)
    Rep 83/100: OK (time=6.1347s)
    Rep 84/100: OK (time=4.1868s)
    Rep 85/100: OK (time=27.4500s)
    Rep 86/100: OK (time=1.8014s)
    Rep 87/100: OK (time=7.0508s)
    Rep 88/100: OK (time=20.3712s)
    Rep 89/100: OK (time=19.8541s)
    Rep 90/100: OK (time=5.5876s)
    Rep 91/100: OK (time=12.1811s)
    Rep 92/100: OK (time=47.3292s)
    Rep 93/100: OK (time=8.4112s)
    Rep 94/100: OK (time=0.0853s)
    Rep 95/100: OK (time=1.2655s)
    Rep 96/100: OK (time=3.2088s)
    Rep 97/100: OK (time=1.3094s)
    Rep 98/100: OK (time=7.9217s)
    Rep 99/100: OK (time=1.7131s)
    Rep 100/100: OK (time=1.2785s)
    => success%=100.0 time_mean=10.72782 cycles_mean=478.06
  [entropyPct=78.625 [25x25]] (12/50) inst25x25_45_26.txt 
    Rep 1/100: OK (time=8.2145s)
    Rep 2/100: OK (time=1.6280s)
    Rep 3/100: OK (time=2.6391s)
    Rep 4/100: OK (time=3.0259s)
    Rep 5/100: OK (time=2.1312s)
    Rep 6/100: OK (time=11.7630s)
    Rep 7/100: OK (time=11.2614s)
    Rep 8/100: OK (time=1.2945s)
    Rep 9/100: OK (time=10.2689s)
    Rep 10/100: OK (time=10.7262s)
    Rep 11/100: OK (time=4.1358s)
    Rep 12/100: OK (time=2.1229s)
    Rep 13/100: OK (time=12.4796s)
    Rep 14/100: OK (time=55.9855s)
    Rep 15/100: OK (time=8.3546s)
    Rep 16/100: OK (time=32.8760s)
    Rep 17/100: OK (time=9.9634s)
    Rep 18/100: OK (time=2.3662s)
    Rep 19/100: OK (time=0.9436s)
    Rep 20/100: OK (time=63.9083s)
    Rep 21/100: OK (time=1.0553s)
    Rep 22/100: OK (time=11.8606s)
    Rep 23/100: OK (time=9.1176s)
    Rep 24/100: OK (time=7.5958s)
    Rep 25/100: FAIL (time=121.9390s)
    Rep 26/100: OK (time=17.7980s)
    Rep 27/100: OK (time=25.9360s)
    Rep 28/100: OK (time=15.5812s)
    Rep 29/100: OK (time=1.9478s)
    Rep 30/100: OK (time=1.4256s)
    Rep 31/100: OK (time=19.9545s)
    Rep 32/100: OK (time=5.1083s)
    Rep 33/100: OK (time=5.3323s)
    Rep 34/100: OK (time=8.3887s)
    Rep 35/100: OK (time=14.2331s)
    Rep 36/100: OK (time=30.5778s)
    Rep 37/100: OK (time=47.8844s)
    Rep 38/100: OK (time=10.0669s)
    Rep 39/100: OK (time=13.9477s)
    Rep 40/100: OK (time=3.1369s)
    Rep 41/100: OK (time=39.8689s)
    Rep 42/100: OK (time=5.1293s)
    Rep 43/100: OK (time=0.7195s)
    Rep 44/100: OK (time=8.8272s)
    Rep 45/100: OK (time=10.1719s)
    Rep 46/100: OK (time=9.7383s)
    Rep 47/100: OK (time=9.5279s)
    Rep 48/100: OK (time=13.4689s)
    Rep 49/100: OK (time=3.5027s)
    Rep 50/100: OK (time=19.0027s)
    Rep 51/100: OK (time=16.1680s)
    Rep 52/100: OK (time=31.3542s)
    Rep 53/100: OK (time=0.4715s)
    Rep 54/100: OK (time=6.2968s)
    Rep 55/100: OK (time=1.3520s)
    Rep 56/100: OK (time=15.2691s)
    Rep 57/100: OK (time=6.3876s)
    Rep 58/100: FAIL (time=121.1410s)
    Rep 59/100: OK (time=12.7148s)
    Rep 60/100: OK (time=44.3946s)
    Rep 61/100: OK (time=19.9178s)
    Rep 62/100: OK (time=4.7592s)
    Rep 63/100: OK (time=1.2619s)
    Rep 64/100: OK (time=6.4997s)
    Rep 65/100: OK (time=11.8918s)
    Rep 66/100: OK (time=10.9156s)
    Rep 67/100: OK (time=8.5231s)
    Rep 68/100: OK (time=13.3004s)
    Rep 69/100: OK (time=28.1412s)
    Rep 70/100: OK (time=1.5771s)
    Rep 71/100: OK (time=1.2557s)
    Rep 72/100: OK (time=1.1115s)
    Rep 73/100: OK (time=18.3033s)
    Rep 74/100: OK (time=2.3414s)
    Rep 75/100: OK (time=2.0043s)
    Rep 76/100: OK (time=0.8127s)
    Rep 77/100: OK (time=13.5176s)
    Rep 78/100: OK (time=35.0064s)
    Rep 79/100: OK (time=52.6302s)
    Rep 80/100: OK (time=1.2028s)
    Rep 81/100: OK (time=4.4030s)
    Rep 82/100: OK (time=0.9792s)
    Rep 83/100: OK (time=8.8179s)
    Rep 84/100: FAIL (time=120.0540s)
    Rep 85/100: OK (time=5.7222s)
    Rep 86/100: OK (time=10.3219s)
    Rep 87/100: OK (time=2.9783s)
    Rep 88/100: OK (time=3.5054s)
    Rep 89/100: OK (time=0.9334s)
    Rep 90/100: OK (time=3.9982s)
    Rep 91/100: OK (time=12.6179s)
    Rep 92/100: OK (time=16.7159s)
    Rep 93/100: OK (time=13.1893s)
    Rep 94/100: OK (time=9.3143s)
    Rep 95/100: FAIL (time=120.7900s)
    Rep 96/100: OK (time=92.1006s)
    Rep 97/100: OK (time=49.2865s)
    Rep 98/100: OK (time=35.1434s)
    Rep 99/100: OK (time=1.3675s)
    Rep 100/100: OK (time=9.4345s)
    => success%=96.0 time_mean=13.304231 cycles_mean=657.99
  [entropyPct=78.625 [25x25]] (13/50) inst25x25_45_3.txt 
    Rep 1/100: OK (time=28.1031s)
    Rep 2/100: OK (time=4.5690s)
    Rep 3/100: OK (time=1.4391s)
    Rep 4/100: OK (time=22.9258s)
    Rep 5/100: OK (time=6.3828s)
    Rep 6/100: OK (time=4.7747s)
    Rep 7/100: OK (time=18.3976s)
    Rep 8/100: OK (time=19.4431s)
    Rep 9/100: OK (time=3.0180s)
    Rep 10/100: OK (time=17.3197s)
    Rep 11/100: OK (time=7.7752s)
    Rep 12/100: OK (time=6.8979s)
    Rep 13/100: OK (time=3.6132s)
    Rep 14/100: OK (time=9.2831s)
    Rep 15/100: OK (time=4.6701s)
    Rep 16/100: OK (time=35.1305s)
    Rep 17/100: OK (time=6.2790s)
    Rep 18/100: OK (time=11.0398s)
    Rep 19/100: OK (time=6.2410s)
    Rep 20/100: OK (time=15.5013s)
    Rep 21/100: OK (time=3.7626s)
    Rep 22/100: OK (time=3.1719s)
    Rep 23/100: OK (time=9.0038s)
    Rep 24/100: OK (time=0.5650s)
    Rep 25/100: OK (time=1.7166s)
    Rep 26/100: OK (time=1.2631s)
    Rep 27/100: OK (time=5.6223s)
    Rep 28/100: OK (time=3.0445s)
    Rep 29/100: OK (time=20.8604s)
    Rep 30/100: OK (time=2.0013s)
    Rep 31/100: OK (time=2.7967s)
    Rep 32/100: OK (time=2.3908s)
    Rep 33/100: OK (time=19.7465s)
    Rep 34/100: OK (time=19.6014s)
    Rep 35/100: OK (time=20.3942s)
    Rep 36/100: OK (time=9.7215s)
    Rep 37/100: OK (time=16.7288s)
    Rep 38/100: OK (time=4.2518s)
    Rep 39/100: OK (time=39.2735s)
    Rep 40/100: OK (time=8.5767s)
    Rep 41/100: OK (time=2.5525s)
    Rep 42/100: OK (time=38.4401s)
    Rep 43/100: OK (time=47.1940s)
    Rep 44/100: OK (time=5.8344s)
    Rep 45/100: OK (time=9.5122s)
    Rep 46/100: OK (time=10.0751s)
    Rep 47/100: OK (time=2.4448s)
    Rep 48/100: OK (time=8.7801s)
    Rep 49/100: OK (time=4.1518s)
    Rep 50/100: OK (time=11.6905s)
    Rep 51/100: OK (time=15.1397s)
    Rep 52/100: OK (time=8.8491s)
    Rep 53/100: OK (time=19.0926s)
    Rep 54/100: OK (time=40.4511s)
    Rep 55/100: OK (time=12.4789s)
    Rep 56/100: OK (time=3.0484s)
    Rep 57/100: OK (time=16.2322s)
    Rep 58/100: OK (time=4.4310s)
    Rep 59/100: OK (time=3.9955s)
    Rep 60/100: OK (time=7.9366s)
    Rep 61/100: OK (time=1.9836s)
    Rep 62/100: OK (time=8.2087s)
    Rep 63/100: OK (time=1.3803s)
    Rep 64/100: OK (time=4.9340s)
    Rep 65/100: OK (time=11.4876s)
    Rep 66/100: OK (time=10.0320s)
    Rep 67/100: OK (time=1.9581s)
    Rep 68/100: OK (time=11.1641s)
    Rep 69/100: OK (time=7.5330s)
    Rep 70/100: OK (time=48.5338s)
    Rep 71/100: OK (time=1.0911s)
    Rep 72/100: OK (time=26.6190s)
    Rep 73/100: OK (time=11.9592s)
    Rep 74/100: OK (time=1.9613s)
    Rep 75/100: OK (time=10.9448s)
    Rep 76/100: OK (time=12.6594s)
    Rep 77/100: OK (time=0.4429s)
    Rep 78/100: OK (time=4.0182s)
    Rep 79/100: OK (time=4.5922s)
    Rep 80/100: OK (time=20.3076s)
    Rep 81/100: OK (time=3.4451s)
    Rep 82/100: OK (time=6.7503s)
    Rep 83/100: OK (time=3.1631s)
    Rep 84/100: OK (time=26.3376s)
    Rep 85/100: OK (time=4.1617s)
    Rep 86/100: OK (time=23.7804s)
    Rep 87/100: OK (time=1.8603s)
    Rep 88/100: OK (time=16.3679s)
    Rep 89/100: OK (time=1.6471s)
    Rep 90/100: OK (time=1.7912s)
    Rep 91/100: OK (time=2.8441s)
    Rep 92/100: OK (time=13.8054s)
    Rep 93/100: OK (time=7.1226s)
    Rep 94/100: OK (time=2.7488s)
    Rep 95/100: OK (time=1.0547s)
    Rep 96/100: OK (time=30.0073s)
    Rep 97/100: OK (time=17.6223s)
    Rep 98/100: OK (time=6.9694s)
    Rep 99/100: OK (time=3.6492s)
    Rep 100/100: OK (time=6.0468s)
    => success%=100.0 time_mean=10.826144 cycles_mean=493.94
  [entropyPct=78.625 [25x25]] (14/50) inst25x25_45_33.txt 
    Rep 1/100: OK (time=5.9228s)
    Rep 2/100: OK (time=4.3666s)
    Rep 3/100: OK (time=1.1463s)
    Rep 4/100: OK (time=17.8768s)
    Rep 5/100: OK (time=3.9815s)
    Rep 6/100: OK (time=3.9834s)
    Rep 7/100: OK (time=19.0674s)
    Rep 8/100: OK (time=5.6746s)
    Rep 9/100: OK (time=14.6445s)
    Rep 10/100: OK (time=1.4883s)
    Rep 11/100: OK (time=6.5977s)
    Rep 12/100: OK (time=1.8253s)
    Rep 13/100: OK (time=2.8926s)
    Rep 14/100: OK (time=7.4739s)
    Rep 15/100: OK (time=5.3801s)
    Rep 16/100: OK (time=2.1306s)
    Rep 17/100: OK (time=1.5988s)
    Rep 18/100: OK (time=1.7901s)
    Rep 19/100: OK (time=2.6523s)
    Rep 20/100: OK (time=2.6039s)
    Rep 21/100: OK (time=2.0633s)
    Rep 22/100: OK (time=9.2581s)
    Rep 23/100: OK (time=2.6468s)
    Rep 24/100: OK (time=0.6012s)
    Rep 25/100: OK (time=11.0885s)
    Rep 26/100: OK (time=8.9064s)
    Rep 27/100: OK (time=7.6650s)
    Rep 28/100: OK (time=18.3946s)
    Rep 29/100: OK (time=1.3773s)
    Rep 30/100: OK (time=2.6309s)
    Rep 31/100: OK (time=1.9919s)
    Rep 32/100: OK (time=6.0975s)
    Rep 33/100: OK (time=6.3810s)
    Rep 34/100: OK (time=41.4468s)
    Rep 35/100: OK (time=9.6776s)
    Rep 36/100: OK (time=6.7053s)
    Rep 37/100: OK (time=7.1459s)
    Rep 38/100: OK (time=27.6402s)
    Rep 39/100: OK (time=9.7815s)
    Rep 40/100: OK (time=11.3309s)
    Rep 41/100: OK (time=11.1744s)
    Rep 42/100: OK (time=5.1290s)
    Rep 43/100: OK (time=1.6490s)
    Rep 44/100: OK (time=3.4974s)
    Rep 45/100: OK (time=1.9705s)
    Rep 46/100: OK (time=7.2004s)
    Rep 47/100: OK (time=1.5868s)
    Rep 48/100: OK (time=5.6068s)
    Rep 49/100: OK (time=0.5524s)
    Rep 50/100: OK (time=1.8080s)
    Rep 51/100: OK (time=3.5083s)
    Rep 52/100: OK (time=13.7224s)
    Rep 53/100: OK (time=9.3090s)
    Rep 54/100: OK (time=9.2099s)
    Rep 55/100: OK (time=3.4913s)
    Rep 56/100: OK (time=4.7644s)
    Rep 57/100: OK (time=6.8483s)
    Rep 58/100: OK (time=9.0121s)
    Rep 59/100: OK (time=2.0670s)
    Rep 60/100: OK (time=0.2894s)
    Rep 61/100: OK (time=10.4578s)
    Rep 62/100: OK (time=4.7543s)
    Rep 63/100: OK (time=12.6766s)
    Rep 64/100: OK (time=20.8943s)
    Rep 65/100: OK (time=2.9718s)
    Rep 66/100: OK (time=1.2973s)
    Rep 67/100: OK (time=4.5631s)
    Rep 68/100: OK (time=75.0896s)
    Rep 69/100: OK (time=7.0017s)
    Rep 70/100: OK (time=1.6727s)
    Rep 71/100: OK (time=4.0968s)
    Rep 72/100: OK (time=15.9436s)
    Rep 73/100: OK (time=8.9851s)
    Rep 74/100: OK (time=0.6396s)
    Rep 75/100: OK (time=4.9318s)
    Rep 76/100: OK (time=1.7240s)
    Rep 77/100: OK (time=1.4428s)
    Rep 78/100: OK (time=5.0426s)
    Rep 79/100: OK (time=15.2329s)
    Rep 80/100: OK (time=60.1844s)
    Rep 81/100: OK (time=1.1767s)
    Rep 82/100: OK (time=15.1643s)
    Rep 83/100: OK (time=0.7190s)
    Rep 84/100: OK (time=4.7088s)
    Rep 85/100: OK (time=8.9218s)
    Rep 86/100: OK (time=4.6079s)
    Rep 87/100: OK (time=2.9037s)
    Rep 88/100: OK (time=3.2608s)
    Rep 89/100: OK (time=12.4965s)
    Rep 90/100: OK (time=10.9088s)
    Rep 91/100: OK (time=6.0790s)
    Rep 92/100: OK (time=2.9893s)
    Rep 93/100: OK (time=0.4125s)
    Rep 94/100: OK (time=4.3310s)
    Rep 95/100: OK (time=11.6468s)
    Rep 96/100: OK (time=114.2270s)
    Rep 97/100: OK (time=13.0776s)
    Rep 98/100: OK (time=10.6268s)
    Rep 99/100: OK (time=18.8970s)
    Rep 100/100: OK (time=3.7545s)
    => success%=100.0 time_mean=9.188376 cycles_mean=451.81
  [entropyPct=78.625 [25x25]] (15/50) inst25x25_45_35.txt 
    Rep 1/100: OK (time=11.2709s)
    Rep 2/100: OK (time=10.4052s)
    Rep 3/100: OK (time=5.9462s)
    Rep 4/100: FAIL (time=120.5640s)
    Rep 5/100: FAIL (time=122.0820s)
    Rep 6/100: OK (time=13.5270s)
    Rep 7/100: FAIL (time=120.6570s)
    Rep 8/100: OK (time=13.8149s)
    Rep 9/100: OK (time=17.3419s)
    Rep 10/100: OK (time=23.0075s)
    Rep 11/100: FAIL (time=121.3540s)
    Rep 12/100: OK (time=6.7182s)
    Rep 13/100: OK (time=31.1193s)
    Rep 14/100: OK (time=40.1685s)
    Rep 15/100: OK (time=54.7736s)
    Rep 16/100: OK (time=27.5374s)
    Rep 17/100: OK (time=67.5522s)
    Rep 18/100: OK (time=19.3785s)
    Rep 19/100: FAIL (time=121.8350s)
    Rep 20/100: OK (time=8.7303s)
    Rep 21/100: OK (time=3.4664s)
    Rep 22/100: OK (time=45.8370s)
    Rep 23/100: OK (time=114.9300s)
    Rep 24/100: OK (time=7.1136s)
    Rep 25/100: OK (time=19.2297s)
    Rep 26/100: OK (time=14.3458s)
    Rep 27/100: OK (time=6.9526s)
    Rep 28/100: OK (time=5.6163s)
    Rep 29/100: FAIL (time=121.6610s)
    Rep 30/100: FAIL (time=121.1030s)
    Rep 31/100: OK (time=18.2841s)
    Rep 32/100: OK (time=105.1070s)
    Rep 33/100: FAIL (time=121.3010s)
    Rep 34/100: OK (time=7.2479s)
    Rep 35/100: OK (time=42.7938s)
    Rep 36/100: OK (time=39.9070s)
    Rep 37/100: OK (time=1.1583s)
    Rep 38/100: FAIL (time=120.5180s)
    Rep 39/100: OK (time=1.9686s)
    Rep 40/100: OK (time=11.3145s)
    Rep 41/100: OK (time=28.8047s)
    Rep 42/100: FAIL (time=120.3710s)
    Rep 43/100: OK (time=1.7783s)
    Rep 44/100: OK (time=60.8971s)
    Rep 45/100: OK (time=11.5193s)
    Rep 46/100: OK (time=32.0180s)
    Rep 47/100: OK (time=3.6797s)
    Rep 48/100: FAIL (time=121.6550s)
    Rep 49/100: OK (time=90.3583s)
    Rep 50/100: OK (time=12.2809s)
    Rep 51/100: OK (time=0.8173s)
    Rep 52/100: OK (time=7.4903s)
    Rep 53/100: OK (time=17.4076s)
    Rep 54/100: OK (time=52.2104s)
    Rep 55/100: OK (time=1.5354s)
    Rep 56/100: OK (time=7.4823s)
    Rep 57/100: OK (time=11.2471s)
    Rep 58/100: OK (time=12.0913s)
    Rep 59/100: OK (time=24.6351s)
    Rep 60/100: FAIL (time=121.5120s)
    Rep 61/100: OK (time=2.8388s)
    Rep 62/100: FAIL (time=121.6250s)
    Rep 63/100: FAIL (time=120.7550s)
    Rep 64/100: OK (time=72.0839s)
    Rep 65/100: OK (time=20.3676s)
    Rep 66/100: OK (time=2.1779s)
    Rep 67/100: OK (time=12.5795s)
    Rep 68/100: FAIL (time=121.7150s)
    Rep 69/100: OK (time=2.0617s)
    Rep 70/100: OK (time=26.2076s)
    Rep 71/100: OK (time=6.4810s)
    Rep 72/100: OK (time=1.3092s)
    Rep 73/100: OK (time=64.3418s)
    Rep 74/100: OK (time=1.5292s)
    Rep 75/100: OK (time=89.4083s)
    Rep 76/100: OK (time=2.9450s)
    Rep 77/100: OK (time=100.2650s)
    Rep 78/100: OK (time=12.4142s)
    Rep 79/100: OK (time=36.3190s)
    Rep 80/100: OK (time=76.3478s)
    Rep 81/100: OK (time=11.8968s)
    Rep 82/100: OK (time=2.3784s)
    Rep 83/100: OK (time=2.5645s)
    Rep 84/100: OK (time=34.2448s)
    Rep 85/100: OK (time=34.3903s)
/100: OK (time=98.7751s)
    Rep 94/100: OK (time=5.9543s)
    Rep 95/100: OK (time=23.5712s)
    Rep 96/100: OK (time=9.0645s)
    Rep 97/100: OK (time=2.6213s)
    Rep 98/100: OK (time=2.8958s)
    Rep 99/100: OK (time=8.0816s)
    Rep 100/100: OK (time=8.8296s)
    => success%=99.0 time_mean=17.00825 cycles_mean=844.838
  [entropyPct=78.625 [25x25]] (10/50) inst25x25_45_21.txt 
    Rep 1/100: OK (time=3.6837s)
    Rep 2/100: OK (time=11.5429s)
    Rep 3/100: OK (time=18.1373s)
    Rep 4/100: OK (time=9.7583s)
    Rep 5/100: OK (time=16.6731s)
    Rep 6/100: OK (time=1.5370s)
    Rep 7/100: OK (time=17.3757s)
    Rep 8/100: OK (time=6.6950s)
    Rep 9/100: OK (time=18.8186s)
    Rep 10/100: OK (time=4.5381s)
    Rep 11/100: OK (time=5.7040s)
    Rep 12/100: OK (time=82.8946s)
    Rep 13/100: OK (time=25.0744s)
    Rep 14/100: OK (time=2.3294s)
    Rep 15/100: OK (time=5.4928s)
    Rep 16/100: OK (time=16.8743s)
    Rep 17/100: OK (time=25.8628s)
    Rep 18/100: OK (time=96.7914s)
    Rep 19/100: OK (time=4.7947s)
    Rep 20/100: OK (time=2.9027s)
    Rep 21/100: OK (time=2.3358s)
    Rep 22/100: OK (time=2.8827s)
    Rep 23/100: OK (time=71.4420s)
    Rep 24/100: OK (time=19.5152s)
    Rep 25/100: OK (time=3.4849s)
    Rep 26/100: OK (time=10.0009s)
    Rep 27/100: OK (time=6.4288s)
    Rep 28/100: OK (time=2.9101s)
    Rep 29/100: OK (time=6.3356s)
    Rep 30/100: OK (time=10.0992s)
    Rep 31/100: OK (time=5.7448s)
    Rep 32/100: OK (time=4.9099s)
    Rep 33/100: OK (time=20.3397s)
    Rep 34/100: OK (time=5.9529s)
    Rep 35/100: FAIL (time=120.4990s)
    Rep 36/100: OK (time=1.7183s)
    Rep 37/100: OK (time=23.0866s)
    Rep 38/100: OK (time=7.9162s)
    Rep 39/100: OK (time=2.1547s)
    Rep 40/100: OK (time=5.7121s)
    Rep 41/100: OK (time=1.8857s)
    Rep 42/100: OK (time=9.0690s)
    Rep 43/100: OK (time=4.7913s)
    Rep 44/100: OK (time=6.7797s)
    Rep 45/100: OK (time=5.0763s)
    Rep 46/100: OK (time=8.7046s)
    Rep 47/100: OK (time=2.0413s)
    Rep 48/100: OK (time=3.0027s)
    Rep 49/100: OK (time=3.2698s)
    Rep 50/100: OK (time=2.4940s)
    Rep 51/100: OK (time=41.0972s)
    Rep 52/100: OK (time=30.0595s)
    Rep 53/100: OK (time=6.7361s)
    Rep 54/100: OK (time=1.1683s)
    Rep 55/100: OK (time=50.3067s)
    Rep 56/100: OK (time=17.7183s)
    Rep 57/100: OK (time=1.6066s)
    Rep 58/100: FAIL (time=120.7570s)
    Rep 59/100: OK (time=5.2460s)
    Rep 60/100: OK (time=34.6229s)
    Rep 61/100: OK (time=12.3939s)
    Rep 62/100: OK (time=18.1437s)
    Rep 63/100: OK (time=6.3845s)
    Rep 64/100: OK (time=3.1112s)
    Rep 65/100: OK (time=7.8325s)
    Rep 66/100: OK (time=3.2596s)
    Rep 67/100: OK (time=5.6068s)
    Rep 68/100: OK (time=73.1402s)
    Rep 69/100: OK (time=0.9774s)
    Rep 70/100: OK (time=8.3786s)
    Rep 71/100: OK (time=4.1463s)
    Rep 72/100: FAIL (time=122.0030s)
    Rep 73/100: OK (time=1.6289s)
    Rep 74/100: OK (time=1.7911s)
    Rep 75/100: OK (time=3.9057s)
    Rep 76/100: OK (time=1.7466s)
    Rep 77/100: FAIL (time=120.8200s)
    Rep 78/100: OK (time=4.0776s)
    Rep 79/100: OK (time=0.3146s)
    Rep 80/100: OK (time=20.7170s)
    Rep 81/100: OK (time=0.8066s)
    Rep 82/100: OK (time=3.5610s)
    Rep 83/100: OK (time=31.0339s)
    Rep 84/100: OK (time=1.6756s)
    Rep 85/100: OK (time=2.8738s)
    Rep 86/100: OK (time=20.4102s)
    Rep 87/100: OK (time=9.1840s)
    Rep 88/100: OK (time=28.6456s)
    Rep 89/100: OK (time=2.0693s)
    Rep 90/100: OK (time=2.7310s)
    Rep 91/100: OK (time=8.3565s)
    Rep 92/100: OK (time=64.6611s)
    Rep 93/100: OK (time=4.8371s)
    Rep 94/100: OK (time=14.9946s)
    Rep 95/100: OK (time=3.5918s)
    Rep 96/100: OK (time=11.1895s)
    Rep 97/100: OK (time=16.5434s)
    Rep 98/100: OK (time=5.2635s)
    Rep 99/100: OK (time=4.1371s)
    Rep 100/100: OK (time=49.6515s)
    => success%=96.0 time_mean=13.436467 cycles_mean=620.854
  [entropyPct=78.625 [25x25]] (11/50) inst25x25_45_24.txt 
    Rep 1/100: OK (time=46.4527s)
    Rep 2/100: OK (time=72.2303s)
    Rep 3/100: OK (time=32.9869s)
    Rep 4/100: OK (time=22.9091s)
    Rep 5/100: OK (time=12.3691s)
    Rep 6/100: OK (time=35.8253s)
    Rep 7/100: FAIL (time=120.8530s)
    Rep 8/100: OK (time=18.3848s)
    Rep 9/100: OK (time=44.7824s)
    Rep 10/100: OK (time=6.9553s)
    Rep 11/100: OK (time=14.6578s)
    Rep 12/100: OK (time=8.1976s)
    Rep 13/100: OK (time=42.7630s)
    Rep 14/100: FAIL (time=120.9590s)
    Rep 15/100: OK (time=12.3352s)
    Rep 16/100: OK (time=85.5732s)
    Rep 17/100: OK (time=6.0598s)
    Rep 18/100: OK (time=20.9955s)
    Rep 19/100: OK (time=27.4432s)
    Rep 20/100: OK (time=42.5491s)
    Rep 21/100: FAIL (time=121.5330s)
    Rep 22/100: OK (time=11.5112s)
    Rep 23/100: OK (time=41.5231s)
    Rep 24/100: OK (time=31.9215s)
    Rep 25/100: OK (time=17.3498s)
    Rep 26/100: OK (time=80.3605s)
    Rep 27/100: OK (time=13.1467s)
    Rep 28/100: OK (time=77.1940s)
    Rep 29/100: OK (time=16.6723s)
    Rep 30/100: OK (time=21.1636s)
    Rep 31/100: OK (time=58.7145s)
    Rep 32/100: OK (time=64.9876s)
    Rep 33/100: OK (time=3.4476s)
    Rep 34/100: OK (time=62.5525s)
    Rep 35/100: OK (time=9.7948s)
    Rep 36/100: OK (time=16.9345s)
    Rep 37/100: FAIL (time=120.0370s)
    Rep 38/100: OK (time=111.6830s)
    Rep 39/100: OK (time=32.8794s)
    Rep 40/100: OK (time=15.7159s)
    Rep 41/100: OK (time=32.9891s)
    Rep 42/100: OK (time=96.0790s)
    Rep 43/100: OK (time=0.8010s)
    Rep 44/100: OK (time=34.6973s)
    Rep 45/100: OK (time=53.7420s)
    Rep 46/100: OK (time=10.5918s)
    Rep 47/100: OK (time=64.6557s)
    Rep 48/100: OK (time=9.3405s)
    Rep 49/100: OK (time=30.1047s)
    Rep 50/100: OK (time=5.0560s)
    Rep 51/100: OK (time=9.3282s)
    Rep 52/100: OK (time=55.7941s)
    Rep 53/100: OK (time=4.6263s)
    Rep 54/100: OK (time=6.0347s)
    Rep 55/100: OK (time=0.7766s)
    Rep 56/100: OK (time=17.6009s)
    Rep 57/100: OK (time=35.2734s)
    Rep 58/100: OK (time=8.5631s)
    Rep 59/100: OK (time=13.0464s)
    Rep 60/100: FAIL (time=121.0900s)
    Rep 61/100: OK (time=15.9650s)
    Rep 62/100: OK (time=36.2048s)
    Rep 63/100: OK (time=4.1447s)
    Rep 64/100: OK (time=36.1800s)
    Rep 65/100: OK (time=12.4906s)
    Rep 66/100: OK (time=12.0683s)
    Rep 67/100: OK (time=25.4744s)
    Rep 68/100: OK (time=55.0791s)
    Rep 69/100: OK (time=2.5892s)
    Rep 70/100: OK (time=8.5888s)
    Rep 71/100: OK (time=18.6119s)
    Rep 72/100: OK (time=7.8198s)
    Rep 73/100: OK (time=16.1969s)
    Rep 74/100: OK (time=67.5997s)
    Rep 75/100: OK (time=67.6477s)
    Rep 76/100: FAIL (time=120.9230s)
    Rep 77/100: FAIL (time=120.1200s)
    Rep 78/100: OK (time=40.9596s)
    Rep 79/100: OK (time=16.5392s)
    Rep 80/100: OK (time=113.5800s)
    Rep 81/100: OK (time=9.6421s)
    Rep 82/100: OK (time=10.0133s)
    Rep 83/100: OK (time=2.6601s)
    Rep 84/100: OK (time=31.1900s)
    Rep 85/100: OK (time=4.4919s)
