
============================================================
worker start: rho=0.3 size=25 worker_id=0/2
============================================================
======================================================================
Ablation Study for CP-DCM-ACO
Parameters to test: rho
Puzzle sizes: 25x25
Repetitions per instance: 100
Total configurations: 1
Output directory: results\ablation
======================================================================

======================================================================
Puzzle size: 25x25
======================================================================

  Parameter: rho (Pheromone Persistence) (rho)

[Config 1/1] rho=0.3 on 25x25
  [rho=0.3 [25x25]] (1/50) inst25x25_40_10.txt 
    Rep 1/100: OK (time=1.0910s)
    Rep 2/100: OK (time=2.5775s)
    Rep 3/100: OK (time=0.7350s)
    Rep 4/100: OK (time=1.6822s)
    Rep 5/100: OK (time=7.7928s)
    Rep 6/100: OK (time=6.3954s)
    Rep 7/100: OK (time=3.0888s)
    Rep 8/100: OK (time=3.2236s)
    Rep 9/100: OK (time=1.7133s)
    Rep 10/100: OK (time=4.6463s)
    Rep 11/100: OK (time=1.3014s)
    Rep 12/100: OK (time=0.6185s)
    Rep 13/100: OK (time=13.1834s)
    Rep 14/100: OK (time=0.7594s)
    Rep 15/100: OK (time=4.0783s)
    Rep 16/100: OK (time=0.9763s)
    Rep 17/100: OK (time=1.4433s)
    Rep 18/100: OK (time=1.7062s)
    Rep 19/100: OK (time=0.8301s)
    Rep 20/100: OK (time=2.5050s)
    Rep 21/100: OK (time=4.7213s)
    Rep 22/100: OK (time=0.6449s)
    Rep 23/100: OK (time=3.2469s)
    Rep 24/100: OK (time=2.0984s)
    Rep 25/100: OK (time=1.8208s)
    Rep 26/100: OK (time=2.9592s)
    Rep 27/100: OK (time=0.4759s)
    Rep 28/100: OK (time=2.6902s)
    Rep 29/100: OK (time=1.3400s)
    Rep 30/100: OK (time=6.3540s)
    Rep 31/100: OK (time=5.1917s)
    Rep 32/100: OK (time=2.1711s)
    Rep 33/100: OK (time=16.4527s)
    Rep 34/100: OK (time=2.7107s)
    Rep 35/100: OK (time=11.2317s)
    Rep 36/100: OK (time=0.4968s)
    Rep 37/100: OK (time=3.5239s)
    Rep 38/100: OK (time=1.3233s)
    Rep 39/100: OK (time=0.6626s)
    Rep 40/100: OK (time=2.1756s)
    Rep 41/100: OK (time=3.2401s)
    Rep 42/100: OK (time=7.2539s)
    Rep 43/100: OK (time=1.6234s)
    Rep 44/100: OK (time=3.4252s)
    Rep 45/100: OK (time=0.6884s)
    Rep 46/100: OK (time=1.4948s)
    Rep 47/100: OK (time=8.9900s)
    Rep 48/100: OK (time=0.4044s)
    Rep 49/100: OK (time=3.0709s)
    Rep 50/100: OK (time=1.3720s)
    Rep 51/100: OK (time=8.0822s)
    Rep 52/100: OK (time=6.9874s)
    Rep 53/100: OK (time=1.7814s)
    Rep 54/100: OK (time=1.9458s)
    Rep 55/100: OK (time=2.8654s)
    Rep 56/100: OK (time=6.6824s)
    Rep 57/100: OK (time=3.2926s)
    Rep 58/100: OK (time=1.4513s)
    Rep 59/100: OK (time=1.4058s)
    Rep 60/100: OK (time=2.5635s)
    Rep 61/100: OK (time=2.4034s)
    Rep 62/100: OK (time=0.4105s)
    Rep 63/100: OK (time=1.9139s)
    Rep 64/100: OK (time=1.0461s)
    Rep 65/100: OK (time=0.9909s)
    Rep 66/100: OK (time=5.2730s)
    Rep 67/100: OK (time=2.1310s)
    Rep 68/100: OK (time=2.3210s)
    Rep 69/100: OK (time=1.0434s)
    Rep 70/100: OK (time=1.8841s)
    Rep 71/100: OK (time=0.6673s)
    Rep 72/100: OK (time=2.5017s)
    Rep 73/100: OK (time=0.7191s)
    Rep 74/100: OK (time=1.0312s)
    Rep 75/100: OK (time=1.3388s)
    Rep 76/100: OK (time=0.2581s)
    Rep 77/100: OK (time=1.6894s)
    Rep 78/100: OK (time=2.1136s)
    Rep 79/100: OK (time=1.4811s)
    Rep 80/100: OK (time=2.4084s)
    Rep 81/100: OK (time=2.3821s)
    Rep 82/100: OK (time=1.3277s)
    Rep 83/100: OK (time=1.5774s)
    Rep 84/100: OK (time=2.3046s)
    Rep 85/100: OK (time=1.8199s)
    Rep 86/100: OK (time=16.3121s)
    Rep 87/100: OK (time=5.7805s)
    Rep 88/100: OK (time=7.5693s)
    Rep 89/100: OK (time=2.8630s)
    Rep 90/100: OK (time=4.6662s)
    Rep 91/100: OK (time=1.0223s)
    Rep 92/100: OK (time=8.0757s)
    Rep 93/100: OK (time=7.6572s)
    Rep 94/100: OK (time=0.7833s)
    Rep 95/100: OK (time=1.4087s)
    Rep 96/100: OK (time=12.3658s)
    Rep 97/100: OK (time=9.2474s)
    Rep 98/100: OK (time=1.2135s)
    Rep 99/100: OK (time=5.4524s)
    Rep 100/100: OK (time=2.1982s)
    => success%=100.0 time_mean=3.309137 cycles_mean=126.69
  [rho=0.3 [25x25]] (2/50) inst25x25_40_50.txt 
    Rep 1/100: OK (time=5.5344s)
    Rep 2/100: OK (time=3.3197s)
    Rep 3/100: OK (time=2.6746s)
    Rep 4/100: OK (time=7.6861s)
    Rep 5/100: OK (time=4.8601s)
    Rep 6/100: OK (time=5.8625s)
    Rep 7/100: OK (time=2.5606s)
    Rep 8/100: OK (time=3.5391s)
    Rep 9/100: OK (time=6.2533s)
    Rep 10/100: OK (time=12.6252s)
    Rep 11/100: OK (time=2.2228s)
    Rep 12/100: OK (time=0.4517s)
    Rep 13/100: OK (time=5.8487s)
    Rep 14/100: OK (time=7.9934s)
    Rep 15/100: OK (time=4.1110s)
    Rep 16/100: OK (time=3.9095s)
    Rep 17/100: OK (time=0.4186s)
    Rep 18/100: OK (time=6.9032s)
    Rep 19/100: OK (time=7.3180s)
    Rep 20/100: OK (time=23.2502s)
    Rep 21/100: OK (time=2.8487s)
    Rep 22/100: OK (time=4.1996s)
    Rep 23/100: OK (time=4.3073s)
    Rep 24/100: OK (time=17.6386s)
    Rep 25/100: OK (time=23.9046s)
    Rep 26/100: OK (time=15.0763s)
    Rep 27/100: OK (time=14.8964s)
    Rep 28/100: OK (time=7.8731s)
    Rep 29/100: OK (time=5.7978s)
    Rep 30/100: OK (time=9.4754s)
    Rep 31/100: OK (time=2.0044s)
    Rep 32/100: OK (time=6.5461s)
    Rep 33/100: OK (time=12.2253s)
    Rep 34/100: OK (time=12.3532s)
    Rep 35/100: OK (time=3.1344s)
    Rep 36/100: OK (time=0.9440s)
    Rep 37/100: OK (time=1.3488s)
    Rep 38/100: OK (time=8.4143s)
    Rep 39/100: OK (time=6.6841s)
    Rep 40/100: OK (time=7.9566s)
    Rep 41/100: OK (time=1.9736s)
    Rep 42/100: OK (time=2.4716s)
    Rep 43/100: OK (time=8.9940s)
    Rep 44/100: OK (time=2.5423s)
    Rep 45/100: OK (time=9.3406s)
    Rep 46/100: OK (time=1.3106s)
    Rep 47/100: OK (time=3.4849s)
    Rep 48/100: OK (time=0.8548s)
    Rep 49/100: OK (time=2.5335s)
    Rep 50/100: OK (time=2.6270s)
    Rep 51/100: OK (time=2.2932s)
    Rep 52/100: OK (time=14.8021s)
    Rep 53/100: OK (time=1.7743s)
    Rep 54/100: OK (time=1.2285s)
    Rep 55/100: OK (time=15.3676s)
    Rep 56/100: OK (time=0.1843s)
    Rep 57/100: OK (time=15.2948s)
    Rep 58/100: OK (time=8.3938s)
    Rep 59/100: OK (time=7.4038s)
    Rep 60/100: OK (time=3.1115s)
    Rep 61/100: OK (time=13.2369s)
    Rep 62/100: OK (time=1.4687s)
    Rep 63/100: OK (time=5.1415s)
    Rep 64/100: OK (time=13.7290s)
    Rep 65/100: OK (time=12.5537s)
    Rep 66/100: OK (time=9.5960s)
    Rep 67/100: OK (time=2.1696s)
    Rep 68/100: OK (time=10.6461s)
    Rep 69/100: OK (time=8.0120s)
    Rep 70/100: OK (time=11.0860s)
    Rep 71/100: OK (time=6.1404s)
    Rep 72/100: OK (time=3.1178s)
    Rep 73/100: OK (time=6.4848s)
    Rep 74/100: OK (time=3.3303s)
    Rep 75/100: OK (time=13.7246s)
    Rep 76/100: OK (time=1.1896s)
    Rep 77/100: OK (time=2.7382s)
    Rep 78/100: OK (time=13.9681s)
    Rep 79/100: OK (time=1.5506s)
    Rep 80/100: OK (time=4.3199s)
    Rep 81/100: OK (time=4.4025s)
    Rep 82/100: OK (time=1.3262s)
    Rep 83/100: OK (time=3.3587s)
    Rep 84/100: OK (time=12.9991s)
    Rep 85/100: OK (time=2.5952s)
    Rep 86/100: OK (time=0.6367s)
    Rep 87/100: OK (time=5.3864s)
    Rep 88/100: OK (time=14.2556s)
    Rep 89/100: OK (time=10.0795s)
    Rep 90/100: OK (time=19.4362s)
    Rep 91/100: OK (time=4.8430s)
    Rep 92/100: OK (time=11.8319s)
    Rep 93/100: OK (time=11.4927s)
    Rep 94/100: OK (time=7.5394s)
    Rep 95/100: OK (time=3.6958s)
    Rep 96/100: OK (time=4.9424s)
    Rep 97/100: OK (time=1.7198s)
    Rep 98/100: OK (time=21.1948s)
    Rep 99/100: OK (time=8.0082s)
    Rep 100/100: OK (time=3.3160s)
    => success%=100.0 time_mean=6.882222 cycles_mean=250.65
  [rho=0.3 [25x25]] (3/50) inst25x25_40_62.txt 
    Rep 1/100: OK (time=7.8099s)
    Rep 2/100: OK (time=7.9809s)
    Rep 3/100: OK (time=20.0947s)
    Rep 4/100: OK (time=1.1848s)
    Rep 5/100: OK (time=6.7025s)
    Rep 6/100: OK (time=4.5413s)
    Rep 7/100: OK (time=15.2591s)
    Rep 8/100: OK (time=4.3854s)
    Rep 9/100: OK (time=1.5115s)
    Rep 10/100: OK (time=4.0175s)
    Rep 11/100: OK (time=2.4411s)
    Rep 12/100: OK (time=9.5289s)
    Rep 13/100: OK (time=5.0764s)
    Rep 14/100: OK (time=6.5054s)
    Rep 15/100: OK (time=3.3190s)
    Rep 16/100: OK (time=5.9229s)
    Rep 17/100: OK (time=24.8332s)
    Rep 18/100: OK (time=2.2609s)
    Rep 19/100: OK (time=4.4238s)
    Rep 20/100: OK (time=1.2882s)
    Rep 21/100: OK (time=2.5990s)
    Rep 22/100: OK (time=7.4059s)
    Rep 23/100: OK (time=15.1535s)
    Rep 24/100: OK (time=2.1705s)
    Rep 25/100: OK (time=4.3175s)
    Rep 26/100: OK (time=3.0603s)
    Rep 27/100: OK (time=4.8892s)
    Rep 28/100: OK (time=5.4026s)
    Rep 29/100: OK (time=2.7680s)
    Rep 30/100: OK (time=13.4262s)
    Rep 31/100: OK (time=13.8519s)
    Rep 32/100: OK (time=10.4398s)
    Rep 33/100: OK (time=7.1848s)
    Rep 34/100: OK (time=4.8724s)
    Rep 35/100: OK (time=2.6911s)
    Rep 36/100: OK (time=17.6477s)
    Rep 37/100: OK (time=5.9172s)
    Rep 38/100: OK (time=6.5729s)
    Rep 39/100: OK (time=4.0859s)
    Rep 40/100: OK (time=5.6256s)
    Rep 41/100: OK (time=7.9987s)
    Rep 42/100: OK (time=12.9996s)
    Rep 43/100: OK (time=9.5608s)
    Rep 44/100: OK (time=5.0508s)
    Rep 45/100: OK (time=1.9685s)
    Rep 46/100: OK (time=24.5710s)
    Rep 47/100: OK (time=2.3995s)
    Rep 48/100: OK (time=4.6785s)
    Rep 49/100: OK (time=9.8025s)
    Rep 50/100: OK (time=3.0469s)
    Rep 51/100: OK (time=6.1333s)
    Rep 52/100: OK (time=9.2511s)
    Rep 53/100: OK (time=1.0705s)
    Rep 54/100: OK (time=2.6990s)
    Rep 55/100: OK (time=8.1214s)
    Rep 56/100: OK (time=11.0818s)
    Rep 57/100: OK (time=11.2695s)
    Rep 58/100: OK (time=10.7748s)
    Rep 59/100: OK (time=4.0308s)
    Rep 60/100: OK (time=17.5160s)
    Rep 61/100: OK (time=11.4985s)
    Rep 62/100: OK (time=11.3632s)
    Rep 63/100: OK (time=5.6064s)
    Rep 64/100: OK (time=17.9975s)
    Rep 65/100: OK (time=3.2378s)
    Rep 66/100: OK (time=11.1045s)
    Rep 67/100: OK (time=11.2710s)
    Rep 68/100: OK (time=2.8596s)
    Rep 69/100: OK (time=1.0206s)
    Rep 70/100: OK (time=10.4596s)
    Rep 71/100: OK (time=17.5642s)
    Rep 72/100: OK (time=12.2771s)
    Rep 73/100: OK (time=4.2433s)
    Rep 74/100: OK (time=9.8704s)
    Rep 75/100: OK (time=13.5242s)
    Rep 76/100: OK (time=2.4489s)
    Rep 77/100: OK (time=2.9241s)
    Rep 78/100: OK (time=4.8242s)
    Rep 79/100: OK (time=8.3487s)
    Rep 80/100: OK (time=8.5316s)
    Rep 81/100: OK (time=1.6864s)
    Rep 82/100: OK (time=5.6546s)
    Rep 83/100: OK (time=0.5915s)
    Rep 84/100: OK (time=9.4071s)
    Rep 85/100: OK (time=6.2791s)
    Rep 86/100: OK (time=4.3247s)
    Rep 87/100: OK (time=2.5587s)
    Rep 88/100: OK (time=3.0962s)
    Rep 89/100: OK (time=7.7192s)
    Rep 90/100: OK (time=3.0051s)
    Rep 91/100: OK (time=4.7216s)
    Rep 92/100: OK (time=5.6410s)
    Rep 93/100: OK (time=10.8963s)
    Rep 94/100: OK (time=2.3869s)
    Rep 95/100: OK (time=11.1035s)
    Rep 96/100: OK (time=1.1071s)
    Rep 97/100: OK (time=14.7662s)
    Rep 98/100: OK (time=35.4803s)
    Rep 99/100: OK (time=2.1684s)
    Rep 100/100: OK (time=8.6884s)
    => success%=100.0 time_mean=7.554525 cycles_mean=281.35
  [rho=0.3 [25x25]] (4/50) inst25x25_40_80.txt 
    Rep 1/100: OK (time=0.6319s)
    Rep 2/100: OK (time=0.7716s)
    Rep 3/100: OK (time=2.3469s)
    Rep 4/100: OK (time=2.3828s)
    Rep 5/100: OK (time=2.8256s)
    Rep 6/100: OK (time=4.1939s)
    Rep 7/100: OK (time=2.0070s)
    Rep 8/100: OK (time=5.9994s)
    Rep 9/100: OK (time=3.3208s)
    Rep 10/100: OK (time=4.3662s)
    Rep 11/100: OK (time=3.4895s)
    Rep 12/100: OK (time=2.7506s)
    Rep 13/100: OK (time=2.3920s)
    Rep 14/100: OK (time=6.6166s)
    Rep 15/100: OK (time=4.3475s)
    Rep 16/100: OK (time=1.8115s)
    Rep 17/100: OK (time=1.4530s)
    Rep 18/100: OK (time=2.0414s)
    Rep 19/100: OK (time=3.3370s)
    Rep 20/100: OK (time=4.5306s)
    Rep 21/100: OK (time=4.2529s)
    Rep 22/100: OK (time=2.0570s)
    Rep 23/100: OK (time=3.1123s)
    Rep 24/100: OK (time=1.0084s)
    Rep 25/100: OK (time=13.6418s)
    Rep 26/100: OK (time=2.6514s)
    Rep 27/100: OK (time=2.7537s)
    Rep 28/100: OK (time=2.2661s)
    Rep 29/100: OK (time=1.7493s)
    Rep 30/100: OK (time=6.7179s)
    Rep 31/100: OK (time=3.5001s)
    Rep 32/100: OK (time=0.5890s)
    Rep 33/100: OK (time=6.6164s)
    Rep 34/100: OK (time=2.2881s)
    Rep 35/100: OK (time=22.7920s)
    Rep 36/100: OK (time=9.8015s)
    Rep 37/100: OK (time=2.0827s)
    Rep 38/100: OK (time=4.1032s)
    Rep 39/100: OK (time=0.9364s)
    Rep 40/100: OK (time=0.3482s)
    Rep 41/100: OK (time=5.0512s)
    Rep 42/100: OK (time=0.7241s)
    Rep 43/100: OK (time=1.2201s)
    Rep 44/100: OK (time=1.3195s)
    Rep 45/100: OK (time=4.1420s)
    Rep 46/100: OK (time=1.9919s)
    Rep 47/100: OK (time=4.4481s)
    Rep 48/100: OK (time=1.9065s)
    Rep 49/100: OK (time=2.6173s)
    Rep 50/100: OK (time=0.2932s)
    Rep 51/100: OK (time=2.8898s)
    Rep 52/100: OK (time=1.1134s)
    Rep 53/100: OK (time=0.3885s)
    Rep 54/100: OK (time=4.5789s)
    Rep 55/100: OK (time=2.5831s)
    Rep 56/100: OK (time=8.3875s)
    Rep 57/100: OK (time=0.6295s)
    Rep 58/100: OK (time=2.3564s)
    Rep 59/100: OK (time=3.0135s)
    Rep 60/100: OK (time=0.6465s)
    Rep 61/100: OK (time=1.8542s)
    Rep 62/100: OK (time=2.0947s)
    Rep 63/100: OK (time=10.0661s)
    Rep 64/100: OK (time=2.6349s)
    Rep 65/100: OK (time=4.6056s)
    Rep 66/100: OK (time=0.6877s)
    Rep 67/100: OK (time=5.5541s)
    Rep 68/100: OK (time=0.8654s)
    Rep 69/100: OK (time=5.2182s)
    Rep 70/100: OK (time=0.7727s)
    Rep 71/100: OK (time=0.6765s)
    Rep 72/100: OK (time=2.2135s)
    Rep 73/100: OK (time=2.1610s)
    Rep 74/100: OK (time=1.7701s)
    Rep 75/100: OK (time=0.8738s)
    Rep 76/100: OK (time=2.0393s)
    Rep 77/100: OK (time=2.5345s)
    Rep 78/100: OK (time=6.0230s)
    Rep 79/100: OK (time=3.7754s)
    Rep 80/100: OK (time=5.4052s)
    Rep 81/100: OK (time=1.5682s)
    Rep 82/100: OK (time=1.5674s)
    Rep 83/100: OK (time=0.8533s)
    Rep 84/100: OK (time=2.6302s)
    Rep 85/100: OK (time=3.3251s)
    Rep 86/100: OK (time=8.6679s)
    Rep 87/100: OK (time=2.1810s)
    Rep 88/100: OK (time=0.7383s)
    Rep 89/100: OK (time=2.9958s)
    Rep 90/100: OK (time=10.4500s)
    Rep 91/100: OK (time=9.9769s)
    Rep 92/100: OK (time=0.8131s)
    Rep 93/100: OK (time=1.5894s)
    Rep 94/100: OK (time=4.2033s)
    Rep 95/100: OK (time=1.6861s)
    Rep 96/100: OK (time=5.1537s)
    Rep 97/100: OK (time=1.0395s)
    Rep 98/100: OK (time=1.5957s)
    Rep 99/100: OK (time=5.0118s)
    Rep 100/100: OK (time=5.8014s)
    => success%=100.0 time_mean=3.388592 cycles_mean=129.98
  [rho=0.3 [25x25]] (5/50) inst25x25_40_9.txt 
    Rep 1/100: OK (time=20.3157s)
    Rep 2/100: OK (time=10.9337s)
    Rep 3/100: OK (time=1.5680s)
    Rep 4/100: OK (time=2.5416s)
    Rep 5/100: OK (time=5.5112s)
    Rep 6/100: OK (time=6.5993s)
    Rep 7/100: OK (time=2.1225s)
    Rep 8/100: OK (time=7.4418s)
    Rep 9/100: OK (time=1.9153s)
    Rep 10/100: OK (time=5.4662s)
    Rep 11/100: OK (time=5.6558s)
    Rep 12/100: OK (time=2.6444s)
    Rep 13/100: OK (time=1.0115s)
    Rep 14/100: OK (time=8.6850s)
    Rep 15/100: OK (time=3.5739s)
    Rep 16/100: OK (time=1.6681s)
    Rep 17/100: OK (time=10.8873s)
    Rep 18/100: OK (time=2.3550s)
    Rep 19/100: OK (time=2.9534s)
    Rep 20/100: OK (time=9.9078s)
    Rep 21/100: OK (time=10.2819s)
    Rep 22/100: OK (time=4.0461s)
    Rep 23/100: OK (time=13.1788s)
    Rep 24/100: OK (time=1.8902s)
    Rep 25/100: OK (time=7.4775s)
    Rep 26/100: OK (time=33.2088s)
    Rep 27/100: OK (time=3.0048s)
    Rep 28/100: OK (time=10.1954s)
    Rep 29/100: OK (time=1.8009s)
    Rep 30/100: OK (time=1.4941s)
    Rep 31/100: OK (time=8.6358s)
    Rep 32/100: OK (time=1.4538s)
    Rep 33/100: OK (time=30.4364s)
    Rep 34/100: OK (time=1.6309s)
    Rep 35/100: OK (time=2.4929s)
    Rep 36/100: OK (time=1.2005s)
    Rep 37/100: OK (time=3.0279s)
    Rep 38/100: OK (time=5.5869s)
    Rep 39/100: OK (time=4.3932s)
    Rep 40/100: OK (time=21.4030s)
    Rep 41/100: OK (time=11.7953s)
    Rep 42/100: OK (time=2.2007s)
    Rep 43/100: OK (time=2.8801s)
    Rep 44/100: OK (time=2.9089s)
    Rep 45/100: OK (time=2.1715s)
    Rep 46/100: OK (time=1.9121s)
    Rep 47/100: OK (time=3.1627s)
    Rep 48/100: OK (time=2.7813s)
    Rep 49/100: OK (time=3.1669s)
    Rep 50/100: OK (time=6.9160s)
    Rep 51/100: OK (time=3.3214s)
    Rep 52/100: OK (time=6.6865s)
    Rep 53/100: OK (time=3.3456s)
    Rep 54/100: OK (time=1.5760s)
    Rep 55/100: OK (time=3.4459s)
    Rep 56/100: OK (time=17.1812s)
    Rep 57/100: OK (time=1.4929s)
    Rep 58/100: OK (time=1.9556s)
    Rep 59/100: OK (time=4.9870s)
    Rep 60/100: OK (time=18.9128s)
    Rep 61/100: OK (time=6.8900s)
    Rep 62/100: OK (time=2.7639s)
    Rep 63/100: OK (time=8.0380s)
    Rep 64/100: OK (time=2.3027s)
    Rep 65/100: OK (time=5.5383s)
    Rep 66/100: OK (time=2.2301s)
    Rep 67/100: OK (time=6.1255s)
    Rep 68/100: OK (time=1.1871s)
    Rep 69/100: OK (time=0.8774s)
    Rep 70/100: OK (time=0.9996s)
    Rep 71/100: OK (time=16.3186s)
    Rep 72/100: OK (time=2.4987s)
    Rep 73/100: OK (time=15.5362s)
    Rep 74/100: OK (time=20.7545s)
    Rep 75/100: OK (time=2.9923s)
    Rep 76/100: OK (time=1.9725s)
    Rep 77/100: OK (time=8.5936s)
    Rep 78/100: OK (time=0.4005s)
    Rep 79/100: OK (time=2.6136s)
    Rep 80/100: OK (time=4.1209s)
    Rep 81/100: OK (time=2.1433s)
    Rep 82/100: OK (time=6.1155s)
    Rep 83/100: OK (time=19.0182s)
    Rep 84/100: OK (time=26.0898s)
    Rep 85/100: OK (time=6.8356s)
    Rep 86/100: OK (time=1.8762s)
    Rep 87/100: OK (time=1.6678s)
    Rep 88/100: OK (time=12.1308s)
    Rep 89/100: OK (time=6.6312s)
    Rep 90/100: OK (time=5.2102s)
    Rep 91/100: OK (time=7.5418s)
    Rep 92/100: OK (time=11.6208s)
    Rep 93/100: OK (time=1.7088s)
    Rep 94/100: OK (time=3.1252s)
    Rep 95/100: OK (time=7.3080s)
    Rep 96/100: OK (time=1.8636s)
    Rep 97/100: OK (time=2.8303s)
    Rep 98/100: OK (time=2.6055s)
    Rep 99/100: OK (time=9.9345s)
    Rep 100/100: OK (time=6.3439s)
    => success%=100.0 time_mean=6.387524 cycles_mean=239.58
  [rho=0.3 [25x25]] (6/50) inst25x25_45_1.txt 
    Rep 1/100: OK (time=16.3323s)
    Rep 2/100: OK (time=28.5131s)
    Rep 3/100: OK (time=74.8177s)
    Rep 4/100: OK (time=33.4520s)
    Rep 5/100: FAIL (time=121.2680s)
    Rep 6/100: OK (time=1.1712s)
    Rep 7/100: FAIL (time=121.9960s)
    Rep 8/100: OK (time=2.0731s)
    Rep 9/100: OK (time=12.3976s)
    Rep 10/100: OK (time=1.4067s)
    Rep 11/100: OK (time=23.4139s)
    Rep 12/100: FAIL (time=121.1000s)
    Rep 13/100: FAIL (time=121.1540s)
    Rep 14/100: OK (time=118.4640s)
    Rep 15/100: OK (time=36.1123s)
    Rep 16/100: OK (time=3.0375s)
    Rep 17/100: FAIL (time=121.6090s)
    Rep 18/100: OK (time=3.0268s)
    Rep 19/100: OK (time=79.2051s)
    Rep 20/100: OK (time=7.6296s)
    Rep 21/100: OK (time=4.2197s)
    Rep 22/100: OK (time=67.9035s)
    Rep 23/100: OK (time=17.8453s)
    Rep 24/100: OK (time=50.6115s)
    Rep 25/100: FAIL (time=120.1300s)
    Rep 26/100: OK (time=10.9062s)
    Rep 27/100: FAIL (time=121.4970s)
    Rep 28/100: OK (time=10.4448s)
    Rep 29/100: OK (time=1.6757s)
    Rep 30/100: FAIL (time=120.8860s)
    Rep 31/100: FAIL (time=120.3490s)
    Rep 32/100: OK (time=39.5969s)
    Rep 33/100: OK (time=75.9924s)
    Rep 34/100: FAIL (time=120.3260s)
    Rep 35/100: OK (time=97.5059s)
    Rep 36/100: OK (time=4.3595s)
    Rep 37/100: OK (time=3.9647s)
    Rep 38/100: OK (time=7.7530s)
    Rep 39/100: FAIL (time=121.2670s)
    Rep 40/100: FAIL (time=121.7440s)
    Rep 41/100: OK (time=6.0118s)
    Rep 42/100: FAIL (time=120.7070s)
    Rep 43/100: FAIL (time=120.1080s)
    Rep 44/100: OK (time=22.3989s)
    Rep 45/100: OK (time=1.4877s)
    Rep 46/100: FAIL (time=121.9970s)
    Rep 47/100: OK (time=7.1959s)
    Rep 48/100: OK (time=36.1785s)
    Rep 49/100: OK (time=86.1035s)
    Rep 50/100: OK (time=88.7562s)
    Rep 51/100: OK (time=112.0760s)
    Rep 52/100: OK (time=50.0099s)
    Rep 53/100: FAIL (time=120.0050s)
    Rep 54/100: FAIL (time=120.9940s)
    Rep 55/100: OK (time=31.4575s)
    Rep 56/100: OK (time=71.0448s)
    Rep 57/100: FAIL (time=120.4050s)
    Rep 58/100: OK (time=2.0267s)
    Rep 59/100: FAIL (time=121.7680s)
    Rep 60/100: OK (time=43.2129s)
    Rep 61/100: OK (time=3.8080s)
    Rep 62/100: FAIL (time=121.4130s)
    Rep 63/100: FAIL (time=120.9330s)
    Rep 64/100: OK (time=97.3956s)
    Rep 65/100: FAIL (time=121.6920s)
    Rep 66/100: FAIL (time=121.5100s)
    Rep 67/100: OK (time=26.4947s)
    Rep 68/100: OK (time=1.2489s)
    Rep 69/100: FAIL (time=121.8250s)
    Rep 70/100: OK (time=2.4090s)
    Rep 71/100: OK (time=8.3306s)
    Rep 72/100: OK (time=37.8091s)
    Rep 73/100: OK (time=23.4869s)
    Rep 74/100: OK (time=62.7599s)
    Rep 75/100: FAIL (time=120.4370s)
    Rep 76/100: OK (time=23.8982s)
    Rep 77/100: OK (time=32.7663s)
    Rep 78/100: OK (time=33.2399s)
    Rep 79/100: FAIL (time=120.2670s)
    Rep 80/100: FAIL (time=120.8580s)
    Rep 81/100: OK (time=16.7873s)
    Rep 82/100: OK (time=7.8908s)
    Rep 83/100: OK (time=2.9628s)
    Rep 84/100: OK (time=27.6440s)
    Rep 85/100: FAIL (time=120.3590s)
    Rep 86/100: OK (time=23.1529s)
    Rep 87/100: OK (time=27.6454s)
    Rep 88/100: FAIL (time=120.8240s)
    Rep 89/100: OK (time=37.0143s)
    Rep 90/100: FAIL (time=120.8970s)
    Rep 91/100: OK (time=3.4568s)
    Rep 92/100: OK (time=41.5765s)
    Rep 93/100: OK (time=3.0343s)
    Rep 94/100: OK (time=14.2367s)
    Rep 95/100: OK (time=0.7849s)
    Rep 96/100: OK (time=0.4913s)
    Rep 97/100: OK (time=9.5228s)
    Rep 98/100: OK (time=60.6802s)
    Rep 99/100: OK (time=14.0659s)
    Rep 100/100: FAIL (time=121.4170s)
    => success%=69.0 time_mean=29.512843 cycles_mean=1449.797
  [rho=0.3 [25x25]] (7/50) inst25x25_45_14.txt 
    Rep 1/100: OK (time=0.5167s)
    Rep 2/100: OK (time=3.7876s)
    Rep 3/100: OK (time=1.6276s)
    Rep 4/100: OK (time=0.1721s)
    Rep 5/100: OK (time=1.4099s)
    Rep 6/100: OK (time=4.5420s)
    Rep 7/100: OK (time=0.9576s)
    Rep 8/100: OK (time=9.8537s)
    Rep 9/100: OK (time=1.4624s)
    Rep 10/100: OK (time=12.0985s)
    Rep 11/100: OK (time=0.3800s)
    Rep 12/100: OK (time=2.9213s)
    Rep 13/100: OK (time=5.5934s)
    Rep 14/100: OK (time=4.8176s)
    Rep 15/100: OK (time=5.1342s)
    Rep 16/100: OK (time=1.3818s)
    Rep 17/100: OK (time=1.2513s)
    Rep 18/100: OK (time=0.7589s)
    Rep 19/100: OK (time=0.2388s)
    Rep 20/100: OK (time=0.9571s)
    Rep 21/100: OK (time=1.1803s)
    Rep 22/100: OK (time=0.5236s)
    Rep 23/100: OK (time=2.1336s)
    Rep 24/100: OK (time=1.0683s)
    Rep 25/100: OK (time=0.9970s)
    Rep 26/100: OK (time=0.5787s)
    Rep 27/100: OK (time=0.5365s)
    Rep 28/100: OK (time=2.6229s)
    Rep 29/100: OK (time=0.2139s)
    Rep 30/100: OK (time=4.6354s)
    Rep 31/100: OK (time=4.2224s)
    Rep 32/100: OK (time=7.7157s)
    Rep 33/100: OK (time=2.3067s)
    Rep 34/100: OK (time=1.3122s)
    Rep 35/100: OK (time=4.3567s)
    Rep 36/100: OK (time=11.7226s)
    Rep 37/100: OK (time=0.4337s)
    Rep 38/100: OK (time=0.6272s)
    Rep 39/100: OK (time=0.2969s)
    Rep 40/100: OK (time=0.6472s)
    Rep 41/100: OK (time=0.7984s)
    Rep 42/100: OK (time=5.3176s)
    Rep 43/100: OK (time=0.8731s)
    Rep 44/100: OK (time=0.2182s)
    Rep 45/100: OK (time=0.4530s)
    Rep 46/100: OK (time=0.8400s)
    Rep 47/100: OK (time=1.5673s)
    Rep 48/100: OK (time=0.6354s)
    Rep 49/100: OK (time=2.7485s)
    Rep 50/100: OK (time=0.7013s)
    Rep 51/100: OK (time=3.9452s)
    Rep 52/100: OK (time=0.9941s)
    Rep 53/100: OK (time=1.0106s)
    Rep 54/100: OK (time=1.3458s)
    Rep 55/100: OK (time=4.1907s)
    Rep 56/100: OK (time=1.5839s)
    Rep 57/100: OK (time=2.6368s)
    Rep 58/100: OK (time=2.9682s)
    Rep 59/100: OK (time=3.7340s)
    Rep 60/100: OK (time=0.5079s)
    Rep 61/100: OK (time=0.4478s)
    Rep 62/100: OK (time=3.8704s)
    Rep 63/100: OK (time=1.0511s)
    Rep 64/100: OK (time=15.5922s)
    Rep 65/100: OK (time=1.0779s)
    Rep 66/100: OK (time=1.4443s)
    Rep 67/100: OK (time=0.8202s)
    Rep 68/100: OK (time=3.0259s)
    Rep 69/100: OK (time=1.2994s)
    Rep 70/100: OK (time=4.7676s)
    Rep 71/100: OK (time=0.6525s)
    Rep 72/100: OK (time=0.6853s)
    Rep 73/100: OK (time=1.1563s)
    Rep 74/100: OK (time=1.7296s)
    Rep 75/100: OK (time=2.5142s)
    Rep 76/100: OK (time=1.1028s)
    Rep 77/100: OK (time=12.9278s)
    Rep 78/100: OK (time=0.9079s)
    Rep 79/100: OK (time=0.9421s)
    Rep 80/100: OK (time=0.6875s)
    Rep 81/100: OK (time=0.7372s)
    Rep 82/100: OK (time=2.1056s)
    Rep 83/100: OK (time=0.6446s)
    Rep 84/100: OK (time=1.2598s)
    Rep 85/100: OK (time=0.6373s)
    Rep 86/100: OK (time=2.6834s)
    Rep 87/100: OK (time=0.3782s)
    Rep 88/100: OK (time=1.1939s)
    Rep 89/100: OK (time=3.0416s)
    Rep 90/100: OK (time=1.1660s)
    Rep 91/100: OK (time=5.5649s)
    Rep 92/100: OK (time=3.1055s)
    Rep 93/100: OK (time=3.5916s)
    Rep 94/100: OK (time=1.5405s)
    Rep 95/100: OK (time=2.9792s)
    Rep 96/100: OK (time=0.5147s)
    Rep 97/100: OK (time=2.2879s)
    Rep 98/100: OK (time=0.5413s)
    Rep 99/100: OK (time=0.1889s)
    Rep 100/100: OK (time=2.4059s)
    => success%=100.0 time_mean=2.383347 cycles_mean=129.97
  [rho=0.3 [25x25]] (8/50) inst25x25_45_16.txt 
    Rep 1/100: OK (time=0.9753s)
    Rep 2/100: OK (time=9.4824s)
    Rep 3/100: OK (time=4.7064s)
    Rep 4/100: OK (time=1.7851s)
    Rep 5/100: OK (time=17.7806s)
    Rep 6/100: OK (time=2.1379s)
    Rep 7/100: OK (time=1.5777s)
    Rep 8/100: OK (time=3.1104s)
    Rep 9/100: OK (time=1.2769s)
    Rep 10/100: OK (time=1.7281s)
    Rep 11/100: OK (time=1.2442s)
    Rep 12/100: OK (time=5.1482s)
    Rep 13/100: OK (time=2.2776s)
    Rep 14/100: OK (time=1.9571s)
    Rep 15/100: OK (time=2.3497s)
    Rep 16/100: OK (time=1.5730s)
    Rep 17/100: OK (time=2.3983s)
    Rep 18/100: OK (time=4.5242s)
    Rep 19/100: OK (time=8.2237s)
    Rep 20/100: OK (time=7.4029s)
    Rep 21/100: OK (time=45.4077s)
    Rep 22/100: OK (time=1.3798s)
    Rep 23/100: OK (time=2.1222s)
    Rep 24/100: OK (time=12.2047s)
    Rep 25/100: OK (time=5.5606s)
    Rep 26/100: OK (time=2.2583s)
    Rep 27/100: OK (time=1.7580s)
    Rep 28/100: OK (time=1.1550s)
    Rep 29/100: OK (time=8.2288s)
    Rep 30/100: OK (time=1.3763s)
    Rep 31/100: OK (time=7.1837s)
    Rep 32/100: OK (time=22.2478s)
    Rep 33/100: OK (time=0.4302s)
    Rep 34/100: OK (time=9.2642s)
    Rep 35/100: OK (time=44.8553s)
    Rep 36/100: OK (time=3.1363s)
    Rep 37/100: OK (time=1.5351s)
    Rep 38/100: OK (time=3.0185s)
    Rep 39/100: OK (time=22.5445s)
    Rep 40/100: OK (time=41.1633s)
    Rep 41/100: OK (time=5.9853s)
    Rep 42/100: OK (time=0.6281s)
    Rep 43/100: OK (time=2.0772s)
    Rep 44/100: OK (time=1.8681s)
    Rep 45/100: OK (time=6.2884s)
    Rep 46/100: OK (time=2.0600s)
    Rep 47/100: OK (time=2.8309s)
    Rep 48/100: OK (time=3.0861s)
    Rep 49/100: OK (time=0.9537s)
    Rep 50/100: OK (time=2.3714s)
    Rep 51/100: OK (time=0.5454s)
    Rep 52/100: OK (time=56.0304s)
    Rep 53/100: OK (time=3.6051s)
    Rep 54/100: OK (time=1.8457s)
    Rep 55/100: OK (time=81.8794s)
    Rep 56/100: OK (time=0.5511s)
    Rep 57/100: OK (time=0.6532s)
    Rep 58/100: OK (time=3.0119s)
    Rep 59/100: OK (time=1.2148s)
    Rep 60/100: OK (time=11.9275s)
    Rep 61/100: OK (time=3.2955s)
    Rep 62/100: OK (time=9.0754s)
    Rep 63/100: OK (time=0.5769s)
    Rep 64/100: OK (time=1.1239s)
    Rep 65/100: OK (time=5.1841s)
    Rep 66/100: OK (time=2.1406s)
    Rep 67/100: OK (time=2.0308s)
    Rep 68/100: OK (time=1.4666s)
    Rep 69/100: OK (time=3.6045s)
    Rep 70/100: OK (time=23.8691s)
    Rep 71/100: OK (time=0.1264s)
    Rep 72/100: OK (time=1.3367s)
    Rep 73/100: OK (time=3.5349s)
    Rep 74/100: OK (time=2.9732s)
    Rep 75/100: OK (time=2.0166s)
    Rep 76/100: OK (time=2.4487s)
    Rep 77/100: OK (time=0.6461s)
    Rep 78/100: OK (time=0.9106s)
    Rep 79/100: OK (time=24.3111s)
    Rep 80/100: OK (time=14.5847s)
    Rep 81/100: OK (time=2.2019s)
    Rep 82/100: OK (time=17.8102s)
    Rep 83/100: OK (time=1.0945s)
    Rep 84/100: OK (time=12.9177s)
    Rep 85/100: OK (time=2.7522s)
    Rep 86/100: OK (time=27.8775s)
    Rep 87/100: OK (time=4.1106s)
    Rep 88/100: OK (time=1.3819s)
    Rep 89/100: OK (time=1.3177s)
    Rep 90/100: OK (time=0.8532s)
    Rep 91/100: OK (time=1.7335s)
    Rep 92/100: OK (time=0.9329s)
    Rep 93/100: OK (time=4.7778s)
    Rep 94/100: OK (time=1.3068s)
    Rep 95/100: OK (time=21.1834s)
    Rep 96/100: OK (time=2.4862s)
    Rep 97/100: OK (time=3.5569s)
    Rep 98/100: OK (time=1.8245s)
    Rep 99/100: OK (time=1.1515s)
    Rep 100/100: OK (time=10.6607s)
    => success%=100.0 time_mean=7.350915 cycles_mean=366.4
  [rho=0.3 [25x25]] (9/50) inst25x25_45_18.txt 
    Rep 1/100: OK (time=2.3620s)
    Rep 2/100: OK (time=2.8958s)
    Rep 3/100: OK (time=25.9155s)
    Rep 4/100: OK (time=1.1416s)
    Rep 5/100: OK (time=8.7618s)
    Rep 6/100: OK (time=1.4778s)
    Rep 7/100: OK (time=0.2754s)
    Rep 8/100: OK (time=1.2989s)
    Rep 9/100: OK (time=0.9730s)
    Rep 10/100: OK (time=1.3352s)
    Rep 11/100: OK (time=2.5252s)
    Rep 12/100: OK (time=2.2575s)
    Rep 13/100: OK (time=3.4441s)
    Rep 14/100: OK (time=0.9446s)
    Rep 15/100: OK (time=1.7062s)
    Rep 16/100: OK (time=2.4021s)
    Rep 17/100: OK (time=3.3593s)
    Rep 18/100: OK (time=4.7181s)
    Rep 19/100: OK (time=4.7065s)
    Rep 20/100: OK (time=0.8895s)
    Rep 21/100: OK (time=1.4357s)
    Rep 22/100: OK (time=0.6823s)
    Rep 23/100: OK (time=2.9049s)
    Rep 24/100: OK (time=2.1269s)
    Rep 25/100: OK (time=0.7917s)
    Rep 26/100: OK (time=18.7574s)
    Rep 27/100: OK (time=1.4492s)
    Rep 28/100: OK (time=2.1741s)
    Rep 29/100: OK (time=10.6390s)
    Rep 30/100: OK (time=2.1950s)
    Rep 31/100: OK (time=0.5965s)
    Rep 32/100: OK (time=0.7952s)
    Rep 33/100: OK (time=3.7485s)
    Rep 34/100: OK (time=1.6283s)
    Rep 35/100: OK (time=2.8297s)
    Rep 36/100: OK (time=7.1458s)
    Rep 37/100: OK (time=2.0037s)
    Rep 38/100: OK (time=0.4505s)
    Rep 39/100: OK (time=9.4609s)
    Rep 40/100: OK (time=21.7647s)
    Rep 41/100: OK (time=2.5911s)
    Rep 42/100: OK (time=2.1242s)
    Rep 43/100: OK (time=2.5205s)
    Rep 44/100: OK (time=10.0733s)
    Rep 45/100: OK (time=6.3765s)
    Rep 46/100: OK (time=0.5270s)
    Rep 47/100: OK (time=2.8634s)
    Rep 48/100: OK (time=8.4306s)
    Rep 49/100: OK (time=0.7253s)
    Rep 50/100: OK (time=1.3134s)
    Rep 51/100: OK (time=2.0960s)
    Rep 52/100: OK (time=4.0994s)
    Rep 53/100: OK (time=3.0825s)
    Rep 54/100: OK (time=1.1590s)
    Rep 55/100: OK (time=2.9711s)
    Rep 56/100: OK (time=0.2745s)
    Rep 57/100: OK (time=0.5992s)
    Rep 58/100: OK (time=3.0798s)
    Rep 59/100: OK (time=0.9405s)
    Rep 60/100: OK (time=1.3251s)
    Rep 61/100: OK (time=2.4534s)
    Rep 62/100: OK (time=7.3605s)
    Rep 63/100: OK (time=1.1532s)
    Rep 64/100: OK (time=0.3699s)
    Rep 65/100: OK (time=1.8013s)
    Rep 66/100: OK (time=9.3277s)
    Rep 67/100: OK (time=0.6391s)
    Rep 68/100: OK (time=3.2647s)
    Rep 69/100: OK (time=7.0735s)
    Rep 70/100: OK (time=1.5957s)
    Rep 71/100: OK (time=0.9922s)
    Rep 72/100: OK (time=9.5716s)
    Rep 73/100: OK (time=13.7139s)
    Rep 74/100: OK (time=3.8064s)
    Rep 75/100: OK (time=2.0807s)
    Rep 76/100: OK (time=1.7295s)
    Rep 77/100: OK (time=2.8192s)
    Rep 78/100: OK (time=2.5116s)
    Rep 79/100: OK (time=2.7115s)
    Rep 80/100: OK (time=7.4939s)
    Rep 81/100: OK (time=2.9440s)
    Rep 82/100: OK (time=1.6166s)
    Rep 83/100: OK (time=0.9435s)
    Rep 84/100: OK (time=1.8680s)
    Rep 85/100: OK (time=0.8232s)
    Rep 86/100: OK (time=0.4462s)
    Rep 87/100: OK (time=0.8675s)
    Rep 88/100: OK (time=5.3316s)
    Rep 89/100: OK (time=1.7081s)
    Rep 90/100: OK (time=16.7136s)
    Rep 91/100: OK (time=2.1844s)
    Rep 92/100: OK (time=0.9919s)
    Rep 93/100: OK (time=2.4454s)
    Rep 94/100: OK (time=1.4218s)
    Rep 95/100: OK (time=1.1571s)
    Rep 96/100: OK (time=2.3179s)
    Rep 97/100: OK (time=6.9661s)
    Rep 98/100: OK (time=12.8423s)
    Rep 99/100: OK (time=4.0534s)
    Rep 100/100: OK (time=2.5322s)
    => success%=100.0 time_mean=3.767866 cycles_mean=196.59
  [rho=0.3 [25x25]] (10/50) inst25x25_45_2.txt 
    Rep 1/100: OK (time=85.0856s)
    Rep 2/100: OK (time=10.1581s)
    Rep 3/100: OK (time=5.5508s)
    Rep 4/100: FAIL (time=121.2730s)
    Rep 5/100: OK (time=7.0680s)
    Rep 6/100: OK (time=6.2303s)
    Rep 7/100: OK (time=15.0984s)
    Rep 8/100: OK (time=8.0368s)
    Rep 9/100: OK (time=1.5333s)
    Rep 10/100: OK (time=8.8134s)
    Rep 11/100: OK (time=43.8326s)
    Rep 12/100: OK (time=4.5211s)
    Rep 13/100: OK (time=2.0574s)
    Rep 14/100: OK (time=3.9475s)
    Rep 15/100: OK (time=11.1037s)
    Rep 16/100: OK (time=3.5101s)
    Rep 17/100: OK (time=1.1519s)
    Rep 18/100: OK (time=56.0010s)
    Rep 19/100: OK (time=4.7076s)
    Rep 20/100: OK (time=10.1901s)
    Rep 21/100: OK (time=27.1269s)
    Rep 22/100: OK (time=13.1769s)
    Rep 23/100: OK (time=17.5005s)
    Rep 24/100: OK (time=2.5716s)
    Rep 25/100: OK (time=25.0216s)
    Rep 26/100: OK (time=1.2789s)
    Rep 27/100: OK (time=30.6222s)
    Rep 28/100: OK (time=6.7571s)
    Rep 29/100: OK (time=10.4943s)
    Rep 30/100: OK (time=34.5672s)
    Rep 31/100: OK (time=120.4840s)
    Rep 32/100: OK (time=3.7603s)
    Rep 33/100: OK (time=17.5422s)
    Rep 34/100: OK (time=5.6542s)
    Rep 35/100: OK (time=4.4867s)
    Rep 36/100: OK (time=26.7342s)
    Rep 37/100: OK (time=5.9759s)
    Rep 38/100: OK (time=1.5615s)
    Rep 39/100: OK (time=10.6458s)
    Rep 40/100: OK (time=3.2477s)
    Rep 41/100: OK (time=4.8561s)
    Rep 42/100: OK (time=6.3262s)
    Rep 43/100: OK (time=2.7230s)
    Rep 44/100: OK (time=41.0872s)
    Rep 45/100: OK (time=4.4671s)
    Rep 46/100: OK (time=0.5488s)
    Rep 47/100: OK (time=14.7585s)
    Rep 48/100: OK (time=4.7764s)
    Rep 49/100: OK (time=3.0682s)
    Rep 50/100: OK (time=6.6519s)
    Rep 51/100: OK (time=5.7665s)
    Rep 52/100: OK (time=8.1176s)
    Rep 53/100: OK (time=8.9863s)
    Rep 54/100: OK (time=20.9511s)
    Rep 55/100: OK (time=1.2515s)
    Rep 56/100: OK (time=1.1265s)
    Rep 57/100: OK (time=17.4782s)
    Rep 58/100: OK (time=2.2455s)
    Rep 59/100: OK (time=4.4442s)
    Rep 60/100: OK (time=4.8437s)
    Rep 61/100: OK (time=3.7838s)
    Rep 62/100: OK (time=2.9857s)
    Rep 63/100: OK (time=7.0075s)
    Rep 64/100: OK (time=33.1703s)
    Rep 65/100: OK (time=5.9615s)
    Rep 66/100: OK (time=20.5160s)
    Rep 67/100: OK (time=2.7960s)
    Rep 68/100: OK (time=1.8799s)
    Rep 69/100: OK (time=9.7999s)
    Rep 70/100: OK (time=34.8682s)
    Rep 71/100: OK (time=1.8359s)
    Rep 72/100: OK (time=20.4490s)
    Rep 73/100: OK (time=19.8982s)
    Rep 74/100: OK (time=4.8285s)
    Rep 75/100: OK (time=1.1891s)
    Rep 76/100: FAIL (time=121.9160s)
    Rep 77/100: OK (time=8.1616s)
    Rep 78/100: OK (time=2.2846s)
    Rep 79/100: OK (time=1.5659s)
    Rep 80/100: OK (time=11.5523s)
    Rep 81/100: OK (time=3.1470s)
    Rep 82/100: OK (time=9.7285s)
    Rep 83/100: OK (time=0.6259s)
    Rep 84/100: OK (time=74.4230s)
    Rep 85/100: OK (time=6.6618s)
    Rep 86/100: OK (time=1.7030s)
    Rep 87/100: OK (time=3.3039s)
    Rep 88/100: OK (time=23.3871s)
    Rep 89/100: OK (time=12.0412s)
    Rep 90/100: OK (time=3.5850s)
    Rep 91/100: OK (time=2.7604s)
    Rep 92/100: OK (time=4.7788s)
    Rep 93/100: OK (time=10.8150s)
    Rep 94/100: OK (time=5.1007s)
    Rep 95/100: OK (time=1.5216s)
    Rep 96/100: OK (time=3.0749s)
    Rep 97/100: OK (time=4.4488s)
    Rep 98/100: OK (time=36.0381s)
    Rep 99/100: OK (time=2.5803s)
    Rep 100/100: OK (time=42.8951s)
    => success%=98.0 time_mean=12.95343 cycles_mean=653.194
  [rho=0.3 [25x25]] (11/50) inst25x25_45_23.txt 
    Rep 1/100: OK (time=2.4300s)
    Rep 2/100: OK (time=4.7589s)
    Rep 3/100: OK (time=12.1377s)
    Rep 4/100: OK (time=22.4718s)
    Rep 5/100: OK (time=2.1732s)
    Rep 6/100: OK (time=2.2588s)
    Rep 7/100: OK (time=2.1472s)
    Rep 8/100: OK (time=4.0412s)
    Rep 9/100: OK (time=26.1317s)
    Rep 10/100: OK (time=4.7644s)
    Rep 11/100: OK (time=11.3951s)
    Rep 12/100: OK (time=6.3806s)
    Rep 13/100: OK (time=7.1855s)
    Rep 14/100: OK (time=16.8584s)
    Rep 15/100: OK (time=12.0352s)
    Rep 16/100: OK (time=1.9611s)
    Rep 17/100: OK (time=8.6021s)
    Rep 18/100: OK (time=5.1714s)
    Rep 19/100: OK (time=2.3044s)
    Rep 20/100: OK (time=2.7049s)
    Rep 21/100: OK (time=11.2295s)
    Rep 22/100: OK (time=23.1872s)
    Rep 23/100: OK (time=7.7086s)
    Rep 24/100: OK (time=9.4177s)
    Rep 25/100: OK (time=14.7935s)
    Rep 26/100: OK (time=4.2952s)
    Rep 27/100: OK (time=0.9401s)
    Rep 28/100: OK (time=1.1468s)
    Rep 29/100: OK (time=4.2382s)
    Rep 30/100: OK (time=18.7626s)
    Rep 31/100: OK (time=11.2831s)
    Rep 32/100: OK (time=19.7998s)
    Rep 33/100: OK (time=2.9203s)
    Rep 34/100: OK (time=73.9134s)
    Rep 35/100: OK (time=3.5038s)
    Rep 36/100: OK (time=1.8231s)
    Rep 37/100: OK (time=1.1362s)
    Rep 38/100: OK (time=14.3103s)
    Rep 39/100: OK (time=9.8630s)
    Rep 40/100: OK (time=7.3657s)
    Rep 41/100: OK (time=0.8250s)
    Rep 42/100: OK (time=20.3030s)
    Rep 43/100: OK (time=0.9613s)
    Rep 44/100: OK (time=10.6464s)
    Rep 45/100: OK (time=26.9590s)
    Rep 46/100: OK (time=5.6999s)
    Rep 47/100: OK (time=2.4966s)
    Rep 48/100: OK (time=7.3543s)
    Rep 49/100: OK (time=1.7847s)
    Rep 50/100: OK (time=11.8317s)
    Rep 51/100: OK (time=15.7188s)
    Rep 52/100: OK (time=21.3429s)
    Rep 53/100: OK (time=2.4683s)
    Rep 54/100: OK (time=19.1364s)
    Rep 55/100: OK (time=8.9460s)
    Rep 56/100: OK (time=0.7037s)
    Rep 57/100: OK (time=1.7055s)
    Rep 58/100: OK (time=5.5014s)
    Rep 59/100: OK (time=69.1876s)
    Rep 60/100: OK (time=10.9254s)
    Rep 61/100: OK (time=2.6884s)
    Rep 62/100: OK (time=6.6846s)
    Rep 63/100: OK (time=9.7132s)
    Rep 64/100: OK (time=3.6282s)
    Rep 65/100: OK (time=5.0405s)
    Rep 66/100: OK (time=2.9357s)
    Rep 67/100: OK (time=6.6815s)
    Rep 68/100: OK (time=4.9308s)
    Rep 69/100: OK (time=1.2537s)
    Rep 70/100: OK (time=4.7286s)
    Rep 71/100: OK (time=1.1156s)
    Rep 72/100: OK (time=0.5426s)
    Rep 73/100: OK (time=2.1226s)
    Rep 74/100: OK (time=10.3026s)
    Rep 75/100: OK (time=3.1655s)
    Rep 76/100: OK (time=12.3280s)
    Rep 77/100: OK (time=0.8706s)
    Rep 78/100: OK (time=9.1327s)
    Rep 79/100: OK (time=9.3005s)
    Rep 80/100: OK (time=21.0537s)
    Rep 81/100: OK (time=2.5486s)
    Rep 82/100: OK (time=2.5421s)
    Rep 83/100: OK (time=5.5884s)
    Rep 84/100: OK (time=1.1591s)
    Rep 85/100: OK (time=1.3370s)
    Rep 86/100: OK (time=3.0510s)
    Rep 87/100: OK (time=4.4510s)
    Rep 88/100: OK (time=8.7039s)
    Rep 89/100: OK (time=8.0639s)
    Rep 90/100: OK (time=2.7539s)
    Rep 91/100: OK (time=14.4032s)
    Rep 92/100: OK (time=1.4802s)
    Rep 93/100: OK (time=2.7620s)
    Rep 94/100: OK (time=2.2712s)
    Rep 95/100: OK (time=7.4530s)
    Rep 96/100: OK (time=1.8638s)
    Rep 97/100: OK (time=2.9523s)
    Rep 98/100: OK (time=0.7691s)
    Rep 99/100: OK (time=7.0613s)
    Rep 100/100: OK (time=0.8033s)
    => success%=100.0 time_mean=8.442875 cycles_mean=403.33
  [rho=0.3 [25x25]] (12/50) inst25x25_45_26.txt 
    Rep 1/100: OK (time=5.9041s)
    Rep 2/100: OK (time=6.4913s)
    Rep 3/100: OK (time=8.6294s)
    Rep 4/100: OK (time=7.8941s)
    Rep 5/100: OK (time=6.9530s)
    Rep 6/100: OK (time=4.4906s)
    Rep 7/100: OK (time=3.7007s)
    Rep 8/100: OK (time=1.2105s)
    Rep 9/100: OK (time=10.1724s)
    Rep 10/100: OK (time=27.5967s)
    Rep 11/100: OK (time=5.7595s)
    Rep 12/100: OK (time=30.2651s)
    Rep 13/100: OK (time=10.4556s)
    Rep 14/100: OK (time=1.4663s)
    Rep 15/100: OK (time=4.6948s)
    Rep 16/100: OK (time=1.0904s)
    Rep 17/100: OK (time=1.4025s)
    Rep 18/100: OK (time=0.3756s)
    Rep 19/100: OK (time=16.3855s)
    Rep 20/100: OK (time=11.4863s)
    Rep 21/100: OK (time=4.0074s)
    Rep 22/100: OK (time=11.8898s)
    Rep 23/100: OK (time=1.0823s)
    Rep 24/100: OK (time=5.8953s)
    Rep 25/100: OK (time=1.8055s)
    Rep 26/100: OK (time=2.3557s)
    Rep 27/100: OK (time=5.5790s)
    Rep 28/100: OK (time=47.1203s)
    Rep 29/100: OK (time=5.4888s)
    Rep 30/100: OK (time=4.3404s)
    Rep 31/100: OK (time=0.4707s)
    Rep 32/100: OK (time=8.8378s)
    Rep 33/100: OK (time=7.9545s)
    Rep 34/100: OK (time=17.5186s)
    Rep 35/100: OK (time=18.0302s)
    Rep 36/100: OK (time=1.7033s)
    Rep 37/100: OK (time=4.9391s)
    Rep 38/100: FAIL (time=120.2250s)
    Rep 39/100: OK (time=8.4102s)
    Rep 40/100: OK (time=4.9205s)
    Rep 41/100: OK (time=3.8098s)
    Rep 42/100: OK (time=2.9363s)
    Rep 43/100: OK (time=56.6598s)
    Rep 44/100: OK (time=2.1122s)
    Rep 45/100: OK (time=4.2627s)
    Rep 46/100: OK (time=74.4705s)
    Rep 47/100: OK (time=14.1481s)
    Rep 48/100: OK (time=45.5166s)
    Rep 49/100: OK (time=1.5461s)
    Rep 50/100: OK (time=2.3889s)
    Rep 51/100: OK (time=4.0797s)
    Rep 52/100: OK (time=5.2406s)
    Rep 53/100: OK (time=2.0566s)
    Rep 54/100: OK (time=13.6918s)
    Rep 55/100: OK (time=28.5922s)
    Rep 56/100: OK (time=13.6741s)
    Rep 57/100: OK (time=7.8410s)
    Rep 58/100: OK (time=33.3776s)
    Rep 59/100: OK (time=4.0590s)
    Rep 60/100: OK (time=7.3071s)
    Rep 61/100: OK (time=2.2453s)
    Rep 62/100: OK (time=44.3932s)
    Rep 63/100: OK (time=1.5125s)
    Rep 64/100: OK (time=12.1089s)
    Rep 65/100: OK (time=4.9305s)
    Rep 66/100: OK (time=4.0338s)
    Rep 67/100: OK (time=7.5218s)
    Rep 68/100: OK (time=1.7725s)
    Rep 69/100: OK (time=1.8280s)
    Rep 70/100: OK (time=2.9822s)
    Rep 71/100: OK (time=1.0945s)
    Rep 72/100: OK (time=13.2847s)
    Rep 73/100: OK (time=0.8282s)
    Rep 74/100: OK (time=17.5075s)
    Rep 75/100: OK (time=5.6024s)
    Rep 76/100: OK (time=28.7089s)
    Rep 77/100: FAIL (time=120.1570s)
    Rep 78/100: OK (time=11.4199s)
    Rep 79/100: OK (time=9.0205s)
    Rep 80/100: OK (time=77.8544s)
    Rep 81/100: FAIL (time=120.6860s)
    Rep 82/100: OK (time=0.3656s)
    Rep 83/100: OK (time=22.6929s)
    Rep 84/100: OK (time=3.9786s)
    Rep 85/100: OK (time=37.1806s)
    Rep 86/100: OK (time=18.4654s)
    Rep 87/100: OK (time=3.3711s)
    Rep 88/100: OK (time=5.3551s)
    Rep 89/100: OK (time=4.2774s)
    Rep 90/100: OK (time=3.0034s)
    Rep 91/100: OK (time=13.1022s)
    Rep 92/100: OK (time=23.5754s)
    Rep 93/100: OK (time=10.3947s)
    Rep 94/100: OK (time=34.7514s)
    Rep 95/100: OK (time=4.2127s)
    Rep 96/100: OK (time=6.5381s)
    Rep 97/100: OK (time=8.0510s)
    Rep 98/100: OK (time=26.9622s)
    Rep 99/100: OK (time=1.5868s)
    Rep 100/100: OK (time=6.1761s)
    => success%=97.0 time_mean=11.744691 cycles_mean=601.144
  [rho=0.3 [25x25]] (13/50) inst25x25_45_3.txt 
    Rep 1/100: OK (time=4.7579s)
    Rep 2/100: OK (time=13.9813s)
    Rep 3/100: OK (time=51.1066s)
    Rep 4/100: OK (time=1.0251s)
    Rep 5/100: OK (time=9.6232s)
    Rep 6/100: OK (time=17.6229s)
    Rep 7/100: OK (time=2.7874s)
    Rep 8/100: OK (time=2.6837s)
    Rep 9/100: OK (time=10.5089s)
    Rep 10/100: OK (time=10.5414s)
    Rep 11/100: OK (time=4.9132s)
    Rep 12/100: OK (time=70.2193s)
    Rep 13/100: OK (time=12.2008s)
    Rep 14/100: OK (time=86.6172s)
    Rep 15/100: OK (time=5.5684s)
    Rep 16/100: OK (time=14.1049s)
    Rep 17/100: OK (time=1.4976s)
    Rep 18/100: OK (time=18.0702s)
    Rep 19/100: OK (time=16.0373s)
    Rep 20/100: OK (time=4.6483s)
    Rep 21/100: OK (time=42.4013s)
    Rep 22/100: OK (time=1.3317s)
    Rep 23/100: OK (time=38.1102s)
    Rep 24/100: OK (time=12.6397s)
    Rep 25/100: OK (time=14.7823s)
    Rep 26/100: OK (time=5.2202s)
    Rep 27/100: OK (time=4.6909s)
    Rep 28/100: OK (time=2.6963s)
    Rep 29/100: OK (time=20.5379s)
    Rep 30/100: OK (time=0.5925s)
    Rep 31/100: OK (time=13.7015s)
    Rep 32/100: OK (time=42.4460s)
    Rep 33/100: OK (time=6.1838s)
    Rep 34/100: OK (time=9.1084s)
    Rep 35/100: OK (time=0.5356s)
    Rep 36/100: OK (time=0.4078s)
    Rep 37/100: OK (time=2.6173s)
    Rep 38/100: OK (time=16.0520s)
    Rep 39/100: OK (time=15.6166s)
    Rep 40/100: OK (time=1.9638s)
    Rep 41/100: OK (time=3.0153s)
    Rep 42/100: OK (time=16.3703s)
    Rep 43/100: OK (time=10.4921s)
    Rep 44/100: OK (time=1.7543s)
    Rep 45/100: OK (time=23.6001s)
    Rep 46/100: OK (time=5.0187s)
    Rep 47/100: OK (time=10.3429s)
    Rep 48/100: OK (time=8.3034s)
    Rep 49/100: OK (time=20.6317s)
    Rep 50/100: OK (time=6.6593s)
    Rep 51/100: OK (time=10.3830s)
    Rep 52/100: OK (time=42.9668s)
    Rep 53/100: OK (time=4.0440s)
    Rep 54/100: OK (time=1.7965s)
    Rep 55/100: OK (time=4.1599s)
    Rep 56/100: OK (time=35.4023s)
    Rep 57/100: OK (time=26.9467s)
    Rep 58/100: OK (time=5.8243s)
    Rep 59/100: OK (time=30.3690s)
    Rep 60/100: OK (time=6.2170s)
    Rep 61/100: OK (time=10.1574s)
    Rep 62/100: OK (time=0.9115s)
    Rep 63/100: OK (time=28.6749s)
    Rep 64/100: OK (time=86.3882s)
    Rep 65/100: OK (time=3.1667s)
    Rep 66/100: OK (time=3.5897s)
    Rep 67/100: OK (time=3.4973s)
    Rep 68/100: OK (time=1.0581s)
    Rep 69/100: OK (time=4.9809s)
    Rep 70/100: OK (time=10.9767s)
    Rep 71/100: OK (time=4.8508s)
    Rep 72/100: OK (time=1.9877s)
    Rep 73/100: OK (time=2.2192s)
    Rep 74/100: OK (time=1.4868s)
    Rep 75/100: OK (time=2.0842s)
    Rep 76/100: OK (time=0.6231s)
    Rep 77/100: OK (time=4.0535s)
    Rep 78/100: OK (time=0.4905s)
    Rep 79/100: OK (time=6.7739s)
    Rep 80/100: OK (time=14.5203s)
    Rep 81/100: OK (time=1.2527s)
    Rep 82/100: OK (time=25.2543s)
    Rep 83/100: OK (time=6.4443s)
    Rep 84/100: OK (time=14.3185s)
    Rep 85/100: OK (time=9.5366s)
    Rep 86/100: OK (time=23.2506s)
    Rep 87/100: OK (time=2.4000s)
    Rep 88/100: OK (time=7.0289s)
    Rep 89/100: OK (time=2.6256s)
    Rep 90/100: OK (time=8.9461s)
    Rep 91/100: OK (time=12.6736s)
    Rep 92/100: OK (time=14.4244s)
    Rep 93/100: OK (time=4.1937s)
    Rep 94/100: OK (time=24.8353s)
    Rep 95/100: OK (time=8.9003s)
    Rep 96/100: OK (time=10.8783s)
    Rep 97/100: OK (time=0.6143s)
    Rep 98/100: OK (time=12.2074s)
    Rep 99/100: OK (time=3.1380s)
    Rep 100/100: OK (time=24.3096s)
    => success%=100.0 time_mean=12.941727 cycles_mean=592.08
  [rho=0.3 [25x25]] (14/50) inst25x25_45_33.txt 
    Rep 1/100: OK (time=14.8159s)
    Rep 2/100: OK (time=6.8566s)
    Rep 3/100: OK (time=6.0580s)
    Rep 4/100: OK (time=2.1811s)
    Rep 5/100: OK (time=2.8948s)
    Rep 6/100: OK (time=3.4817s)
    Rep 7/100: OK (time=2.0098s)
    Rep 8/100: OK (time=4.0960s)
    Rep 9/100: OK (time=1.6893s)
    Rep 10/100: OK (time=8.6974s)
    Rep 11/100: OK (time=1.1026s)
    Rep 12/100: OK (time=1.3547s)
    Rep 13/100: OK (time=1.8586s)
    Rep 14/100: OK (time=4.2669s)
    Rep 15/100: OK (time=3.7374s)
    Rep 16/100: OK (time=1.6149s)
    Rep 17/100: OK (time=1.3310s)
    Rep 18/100: OK (time=1.6195s)
    Rep 19/100: OK (time=2.3558s)
    Rep 20/100: OK (time=35.2138s)
    Rep 21/100: OK (time=0.8156s)
    Rep 22/100: OK (time=21.9830s)
    Rep 23/100: OK (time=1.8694s)
    Rep 24/100: OK (time=0.5318s)
    Rep 25/100: OK (time=18.3682s)
    Rep 26/100: OK (time=5.6185s)
    Rep 27/100: OK (time=3.0574s)
    Rep 28/100: OK (time=15.0935s)
    Rep 29/100: OK (time=7.2533s)
    Rep 30/100: OK (time=3.0988s)
    Rep 31/100: OK (time=8.2862s)
    Rep 32/100: OK (time=6.8724s)
    Rep 33/100: OK (time=3.9078s)
    Rep 34/100: OK (time=6.5495s)
    Rep 35/100: OK (time=24.1648s)
    Rep 36/100: OK (time=6.3375s)
    Rep 37/100: OK (time=3.5004s)
    Rep 38/100: OK (time=7.9031s)
    Rep 39/100: OK (time=2.8208s)
    Rep 40/100: OK (time=4.1455s)
    Rep 41/100: OK (time=1.1312s)
    Rep 42/100: OK (time=2.7872s)
    Rep 43/100: OK (time=1.7419s)
    Rep 44/100: OK (time=12.4982s)
    Rep 45/100: OK (time=3.8272s)
    Rep 46/100: OK (time=3.0284s)
    Rep 47/100: OK (time=2.2915s)
    Rep 48/100: OK (time=2.5013s)
    Rep 49/100: OK (time=1.0856s)
    Rep 50/100: OK (time=13.5065s)
    Rep 51/100: OK (time=0.8008s)
    Rep 52/100: OK (time=10.0840s)
    Rep 53/100: OK (time=13.8877s)
    Rep 54/100: OK (time=62.0919s)
    Rep 55/100: OK (time=2.0545s)
    Rep 56/100: OK (time=2.7641s)
    Rep 57/100: OK (time=2.4733s)
    Rep 58/100: OK (time=6.2844s)
    Rep 59/100: OK (time=5.2927s)
    Rep 60/100: OK (time=14.4133s)
    Rep 61/100: OK (time=3.3090s)
    Rep 62/100: OK (time=1.9531s)
    Rep 63/100: OK (time=2.3304s)
    Rep 64/100: OK (time=3.5120s)
    Rep 65/100: OK (time=3.6490s)
    Rep 66/100: OK (time=31.1803s)
    Rep 67/100: OK (time=6.0401s)
    Rep 68/100: OK (time=2.4830s)
    Rep 69/100: OK (time=2.0259s)
    Rep 70/100: OK (time=36.0548s)
    Rep 71/100: OK (time=0.6549s)
    Rep 72/100: OK (time=3.2720s)
    Rep 73/100: OK (time=22.7357s)
    Rep 74/100: OK (time=32.8470s)
    Rep 75/100: OK (time=1.9221s)
    Rep 76/100: OK (time=0.4988s)
    Rep 77/100: OK (time=3.4651s)
    Rep 78/100: OK (time=11.2547s)
    Rep 79/100: OK (time=4.9962s)
    Rep 80/100: OK (time=12.6700s)
    Rep 81/100: OK (time=29.6846s)
    Rep 82/100: OK (time=2.7342s)
    Rep 83/100: OK (time=16.0605s)
    Rep 84/100: OK (time=8.5204s)
    Rep 85/100: OK (time=8.0667s)
    Rep 86/100: OK (time=25.2177s)
    Rep 87/100: OK (time=2.0247s)
    Rep 88/100: OK (time=1.7633s)
    Rep 89/100: OK (time=0.6688s)
    Rep 90/100: OK (time=8.7357s)
    Rep 91/100: OK (time=2.5307s)
    Rep 92/100: OK (time=6.1310s)
    Rep 93/100: OK (time=1.9650s)
    Rep 94/100: OK (time=1.5815s)
    Rep 95/100: OK (time=1.4266s)
    Rep 96/100: OK (time=11.3881s)
    Rep 97/100: OK (time=4.2808s)
    Rep 98/100: OK (time=2.1626s)
    Rep 99/100: OK (time=9.8657s)
    Rep 100/100: OK (time=18.8182s)
    => success%=100.0 time_mean=7.744404 cycles_mean=397.13
  [rho=0.3 [25x25]] (15/50) inst25x25_45_35.txt 
    Rep 1/100: OK (time=40.3038s)
    Rep 2/100: OK (time=7.5311s)
    Rep 3/100: OK (time=14.1867s)
    Rep 4/100: OK (time=64.6121s)
    Rep 5/100: OK (time=77.1614s)
    Rep 6/100: FAIL (time=120.0250s)
    Rep 7/100: OK (time=77.9685s)
    Rep 8/100: OK (time=6.1823s)
    Rep 9/100: OK (time=52.7443s)
    Rep 10/100: OK (time=57.9780s)
    Rep 11/100: OK (time=14.5144s)
    Rep 12/100: OK (time=22.6377s)
    Rep 13/100: OK (time=6.0608s)
    Rep 14/100: OK (time=3.8674s)
    Rep 15/100: OK (time=14.4745s)
    Rep 16/100: OK (time=5.8290s)
    Rep 17/100: OK (time=11.6818s)
    Rep 18/100: OK (time=114.5980s)
    Rep 19/100: OK (time=50.6146s)
    Rep 20/100: OK (time=35.8760s)
    Rep 21/100: OK (time=3.7567s)
    Rep 22/100: OK (time=18.8401s)
    Rep 23/100: OK (time=44.5582s)
    Rep 24/100: OK (time=4.6743s)
    Rep 25/100: OK (time=8.8762s)
    Rep 26/100: OK (time=20.2297s)
    Rep 27/100: FAIL (time=121.9250s)
    Rep 28/100: OK (time=118.2380s)
    Rep 29/100: OK (time=10.0292s)
    Rep 30/100: OK (time=0.7479s)
    Rep 31/100: OK (time=1.8835s)
    Rep 32/100: OK (time=5.2892s)
    Rep 33/100: OK (time=17.4785s)
    Rep 34/100: OK (time=7.8678s)
    Rep 35/100: OK (time=5.0894s)
    Rep 36/100: OK (time=8.5720s)
    Rep 37/100: FAIL (time=120.4860s)
    Rep 38/100: OK (time=7.3556s)
    Rep 39/100: OK (time=2.5285s)
    Rep 40/100: OK (time=21.7063s)
    Rep 41/100: OK (time=14.8530s)
    Rep 42/100: FAIL (time=120.7050s)
    Rep 43/100: OK (time=13.3601s)
    Rep 44/100: FAIL (time=121.8480s)
    Rep 45/100: OK (time=12.2919s)
    Rep 46/100: OK (time=5.3884s)
    Rep 47/100: OK (time=2.4632s)
    Rep 48/100: OK (time=18.2795s)
    Rep 49/100: FAIL (time=121.7330s)
    Rep 50/100: FAIL (time=120.2000s)
    Rep 51/100: OK (time=58.7685s)
    Rep 52/100: OK (time=39.4427s)
    Rep 53/100: FAIL (time=120.9640s)
    Rep 54/100: OK (time=5.7399s)
    Rep 55/100: OK (time=83.6485s)
    Rep 56/100: FAIL (time=120.3030s)
    Rep 57/100: OK (time=9.7388s)
    Rep 58/100: OK (time=64.0562s)
    Rep 59/100: OK (time=1.8186s)
    Rep 60/100: OK (time=79.9609s)
    Rep 61/100: OK (time=112.0440s)
    Rep 62/100: OK (time=6.7108s)
    Rep 63/100: OK (time=13.7868s)
    Rep 64/100: OK (time=8.0482s)
    Rep 65/100: OK (time=18.4698s)
    Rep 66/100: OK (time=100.5200s)
    Rep 67/100: FAIL (time=121.1470s)
    Rep 68/100: FAIL (time=120.6800s)
    Rep 69/100: OK (time=3.7005s)
    Rep 70/100: FAIL (time=121.0090s)
    Rep 71/100: OK (time=1.5112s)
    Rep 72/100: FAIL (time=120.4930s)
    Rep 73/100: OK (time=118.7810s)
    Rep 74/100: OK (time=1.7394s)
    Rep 75/100: OK (time=32.7841s)
    Rep 76/100: OK (time=11.4874s)
    Rep 77/100: OK (time=59.6007s)
    Rep 78/100: OK (time=11.8727s)
    Rep 79/100: OK (time=32.6362s)
    Rep 80/100: FAIL (time=121.1370s)
    Rep 81/100: OK (time=57.5728s)
    Rep 82/100: OK (time=6.3792s)
    Rep 83/100: OK (time=60.6621s)
    Rep 84/100: OK (time=84.3866s)
    Rep 85/100: OK (time=28.8073s)
    Rep 86/100: OK (time=3.1618s)
    Rep 87/100: FAIL (time=120.0700s)
    Rep 88/100: OK (time=1.7072s)
    Rep 89/100: OK (time=16.2563s)
    Rep 90/100: FAIL (time=121.2350s)
    Rep 91/100: OK (time=34.0544s)
    Rep 92/100: OK (time=8.6793s)
    Rep 93/100: OK (time=71.9722s)
    Rep 94/100: OK (time=14.7792s)
    Rep 95/100: FAIL (time=120.3660s)
    Rep 96/100: FAIL (time=120.1350s)
    Rep 97/100: OK (time=103.4450s)
    Rep 98/100: OK (time=15.8763s)
    Rep 99/100: OK (time=7.7382s)
    Rep 100/100: OK (time=15.1228s)
    => success%=82.0 time_mean=30.007894 cycles_mean=1538.354
  [rho=0.3 [25x25]] (16/50) inst25x25_45_37.txt 
    Rep 1/100: OK (time=3.3147s)
    Rep 2/100: OK (time=5.9349s)
    Rep 3/100: OK (time=2.2165s)
    Rep 4/100: OK (time=5.1345s)
    Rep 5/100: OK (time=2.8670s)
    Rep 6/100: OK (time=1.6702s)
    Rep 7/100: OK (time=4.9048s)
    Rep 8/100: OK (time=38.6721s)
    Rep 9/100: OK (time=1.3900s)
    Rep 10/100: OK (time=1.5973s)
    Rep 11/100: OK (time=7.1198s)
    Rep 12/100: OK (time=14.7374s)
    Rep 13/100: OK (time=1.4611s)
    Rep 14/100: OK (time=19.0054s)
    Rep 15/100: OK (time=6.5476s)
    Rep 16/100: OK (time=64.1761s)
    Rep 17/100: OK (time=4.5499s)
    Rep 18/100: OK (time=1.9749s)
    Rep 19/100: OK (time=2.4394s)
    Rep 20/100: OK (time=27.6161s)
    Rep 21/100: OK (time=0.6619s)
    Rep 22/100: OK (time=1.8356s)
    Rep 23/100: FAIL (time=120.1270s)
    Rep 24/100: OK (time=1.6969s)
    Rep 25/100: OK (time=21.0266s)
    Rep 26/100: OK (time=11.5555s)
    Rep 27/100: OK (time=5.6866s)
    Rep 28/100: OK (time=22.3791s)
    Rep 29/100: OK (time=0.6008s)
    Rep 30/100: OK (time=21.7836s)
    Rep 31/100: OK (time=3.5375s)
    Rep 32/100: OK (time=7.0078s)
    Rep 33/100: OK (time=2.5523s)
    Rep 34/100: OK (time=2.1637s)
    Rep 35/100: OK (time=8.6459s)
    Rep 36/100: OK (time=4.8199s)
    Rep 37/100: FAIL (time=120.8230s)
    Rep 38/100: OK (time=26.4793s)
    Rep 39/100: OK (time=17.3255s)
    Rep 40/100: OK (time=1.8358s)
=8.6385s)
    Rep 23/100: OK (time=11.3283s)
    Rep 24/100: OK (time=11.2338s)
    Rep 25/100: OK (time=49.6760s)
    Rep 26/100: OK (time=18.1283s)
    Rep 27/100: OK (time=21.4052s)
    Rep 28/100: OK (time=22.2353s)
    Rep 29/100: OK (time=1.6648s)
    Rep 30/100: OK (time=11.8414s)
    Rep 31/100: OK (time=8.8972s)
    Rep 32/100: OK (time=16.7338s)
    Rep 33/100: OK (time=9.1490s)
    Rep 34/100: OK (time=120.6340s)
    Rep 35/100: FAIL (time=121.4140s)
    Rep 36/100: OK (time=22.8185s)
    Rep 37/100: OK (time=13.1128s)
    Rep 38/100: OK (time=30.1866s)
    Rep 39/100: OK (time=68.4889s)
    Rep 40/100: OK (time=15.0172s)
    Rep 41/100: OK (time=4.2500s)
    Rep 42/100: OK (time=115.7540s)
    Rep 43/100: OK (time=3.6652s)
    Rep 44/100: OK (time=19.4853s)
    Rep 45/100: OK (time=37.8031s)
    Rep 46/100: FAIL (time=120.0490s)
    Rep 47/100: OK (time=2.1542s)
    Rep 48/100: OK (time=24.9886s)
    Rep 49/100: OK (time=96.4185s)
    Rep 50/100: OK (time=92.9488s)
    Rep 51/100: OK (time=4.5925s)
    Rep 52/100: OK (time=10.7172s)
    Rep 53/100: OK (time=18.3580s)
    Rep 54/100: OK (time=29.7500s)
    Rep 55/100: OK (time=1.7879s)
    Rep 56/100: OK (time=5.4570s)
    Rep 57/100: OK (time=37.3776s)
    Rep 58/100: FAIL (time=120.8510s)
    Rep 59/100: OK (time=3.8754s)
    Rep 60/100: OK (time=2.5654s)
    Rep 61/100: FAIL (time=120.2620s)
    Rep 62/100: OK (time=12.9350s)
    Rep 63/100: FAIL (time=120.2980s)
    Rep 64/100: OK (time=48.0589s)
    Rep 65/100: OK (time=18.1415s)
    Rep 66/100: OK (time=4.4391s)
    Rep 67/100: OK (time=24.6573s)
    Rep 68/100: OK (time=70.3088s)
    Rep 69/100: OK (time=25.7953s)
    Rep 70/100: OK (time=8.8229s)
    Rep 71/100: OK (time=13.7646s)
    Rep 72/100: OK (time=8.6571s)
    Rep 73/100: OK (time=20.5363s)
    Rep 74/100: OK (time=2.2262s)
    Rep 75/100: OK (time=13.2833s)
    Rep 76/100: OK (time=35.9430s)
    Rep 77/100: OK (time=25.4774s)
    Rep 78/100: OK (time=22.7972s)
    Rep 79/100: OK (time=30.7657s)
    Rep 80/100: OK (time=1.5034s)
    Rep 81/100: FAIL (time=120.6260s)
    Rep 82/100: OK (time=12.7096s)
    Rep 83/100: FAIL (time=121.8390s)
    Rep 84/100: OK (time=7.1394s)
    Rep 85/100: OK (time=28.1455s)
    Rep 86/100: OK (time=47.5983s)
    Rep 87/100: OK (time=61.7801s)
    Rep 88/100: OK (time=47.0068s)
    Rep 89/100: OK (time=58.1645s)
    Rep 90/100: FAIL (time=121.1290s)
    Rep 91/100: OK (time=5.8220s)
    Rep 92/100: OK (time=30.8828s)
    Rep 93/100: OK (time=37.0071s)
    Rep 94/100: OK (time=9.0940s)
    Rep 95/100: OK (time=24.0854s)
    Rep 96/100: OK (time=17.4794s)
    Rep 97/100: OK (time=20.4703s)
    Rep 98/100: OK (time=43.7641s)
    Rep 99/100: OK (time=12.3741s)
    Rep 100/100: OK (time=10.9686s)
    => success%=91.0 time_mean=27.021664 cycles_mean=1340.549
  [rho=0.3 [25x25]] (12/50) inst25x25_45_29.txt 
    Rep 1/100: OK (time=5.5169s)
    Rep 2/100: OK (time=2.0059s)
    Rep 3/100: OK (time=0.8867s)
    Rep 4/100: OK (time=2.5555s)
    Rep 5/100: OK (time=48.7299s)
    Rep 6/100: OK (time=22.2499s)
    Rep 7/100: OK (time=16.7588s)
    Rep 8/100: OK (time=1.5277s)
    Rep 9/100: OK (time=1.6175s)
    Rep 10/100: OK (time=5.5810s)
    Rep 11/100: OK (time=12.1059s)
    Rep 12/100: OK (time=1.5279s)
    Rep 13/100: OK (time=9.4318s)
    Rep 14/100: OK (time=0.4566s)
    Rep 15/100: OK (time=7.2372s)
    Rep 16/100: OK (time=10.6134s)
    Rep 17/100: OK (time=13.9499s)
    Rep 18/100: OK (time=7.7447s)
    Rep 19/100: OK (time=6.4376s)
    Rep 20/100: OK (time=0.4042s)
    Rep 21/100: OK (time=0.8210s)
    Rep 22/100: OK (time=1.7267s)
    Rep 23/100: OK (time=13.2782s)
    Rep 24/100: OK (time=5.9835s)
    Rep 25/100: OK (time=8.5265s)
    Rep 26/100: OK (time=4.2397s)
    Rep 27/100: OK (time=12.8900s)
    Rep 28/100: OK (time=39.9141s)
    Rep 29/100: OK (time=20.7661s)
    Rep 30/100: OK (time=27.2094s)
    Rep 31/100: OK (time=4.8685s)
    Rep 32/100: OK (time=3.0447s)
    Rep 33/100: OK (time=0.8752s)
    Rep 34/100: OK (time=6.3337s)
    Rep 35/100: OK (time=1.8214s)
    Rep 36/100: OK (time=3.7488s)
    Rep 37/100: OK (time=6.3040s)
    Rep 38/100: OK (time=4.9401s)
    Rep 39/100: OK (time=2.5939s)
    Rep 40/100: OK (time=56.1168s)
    Rep 41/100: OK (time=0.7309s)
    Rep 42/100: OK (time=9.8309s)
    Rep 43/100: OK (time=4.7565s)
    Rep 44/100: OK (time=4.7503s)
    Rep 45/100: OK (time=15.9492s)
    Rep 46/100: OK (time=8.1100s)
    Rep 47/100: OK (time=2.6271s)
    Rep 48/100: OK (time=5.6447s)
    Rep 49/100: OK (time=2.5998s)
    Rep 50/100: OK (time=4.1509s)
    Rep 51/100: OK (time=3.7492s)
    Rep 52/100: OK (time=3.6439s)
    Rep 53/100: OK (time=5.8330s)
    Rep 54/100: OK (time=9.2247s)
    Rep 55/100: OK (time=6.8851s)
    Rep 56/100: OK (time=2.4932s)
    Rep 57/100: OK (time=10.5280s)
    Rep 58/100: OK (time=3.6223s)
    Rep 59/100: OK (time=5.0725s)
    Rep 60/100: OK (time=4.6497s)
    Rep 61/100: OK (time=4.9481s)
    Rep 62/100: OK (time=5.7987s)
    Rep 63/100: OK (time=65.9459s)
    Rep 64/100: OK (time=3.5700s)
    Rep 65/100: OK (time=8.2936s)
    Rep 66/100: OK (time=61.4713s)
    Rep 67/100: OK (time=10.1096s)
    Rep 68/100: OK (time=2.4151s)
    Rep 69/100: OK (time=2.4476s)
    Rep 70/100: OK (time=13.7620s)
    Rep 71/100: OK (time=2.3628s)
    Rep 72/100: OK (time=4.3209s)
    Rep 73/100: OK (time=1.5554s)
    Rep 74/100: OK (time=12.7020s)
    Rep 75/100: OK (time=2.3780s)
    Rep 76/100: OK (time=0.9928s)
    Rep 77/100: OK (time=2.7460s)
    Rep 78/100: OK (time=13.9326s)
    Rep 79/100: OK (time=2.1746s)
    Rep 80/100: OK (time=2.9896s)
    Rep 81/100: OK (time=14.3043s)
    Rep 82/100: OK (time=18.5328s)
    Rep 83/100: OK (time=29.5759s)
    Rep 84/100: OK (time=0.5443s)
    Rep 85/100: OK (time=3.9788s)
    Rep 86/100: OK (time=8.2984s)
    Rep 87/100: OK (time=18.8162s)
    Rep 88/100: OK (time=0.9128s)
    Rep 89/100: OK (time=3.7428s)
    Rep 90/100: OK (time=17.5922s)
    Rep 91/100: OK (time=5.9655s)
    Rep 92/100: OK (time=16.7288s)
    Rep 93/100: OK (time=1.5136s)
    Rep 94/100: OK (time=38.6037s)
    Rep 95/100: OK (time=8.5457s)
    Rep 96/100: OK (time=2.0644s)
    Rep 97/100: OK (time=2.6451s)
    Rep 98/100: OK (time=37.4104s)
    Rep 99/100: OK (time=3.7857s)
    Rep 100/100: OK (time=3.1402s)
    => success%=100.0 time_mean=9.798116 cycles_mean=481.35
  [rho=0.3 [25x25]] (13/50) inst25x25_45_32.txt 
    Rep 1/100: OK (time=5.1355s)
    Rep 2/100: OK (time=2.0286s)
    Rep 3/100: OK (time=16.3558s)
    Rep 4/100: OK (time=22.5665s)
    Rep 5/100: OK (time=1.5767s)
    Rep 6/100: OK (time=4.1909s)
    Rep 7/100: OK (time=1.8684s)
    Rep 8/100: OK (time=8.5745s)
    Rep 9/100: OK (time=0.9153s)
    Rep 10/100: OK (time=15.1931s)
    Rep 11/100: OK (time=12.0803s)
    Rep 12/100: OK (time=30.1578s)
    Rep 13/100: OK (time=4.5904s)
    Rep 14/100: OK (time=1.0687s)
    Rep 15/100: OK (time=11.3218s)
    Rep 16/100: OK (time=0.6413s)
    Rep 17/100: OK (time=16.9369s)
    Rep 18/100: OK (time=2.0467s)
    Rep 19/100: OK (time=0.1398s)
    Rep 20/100: OK (time=0.9143s)
    Rep 21/100: OK (time=1.9523s)
    Rep 22/100: OK (time=2.0667s)
    Rep 23/100: OK (time=5.4834s)
    Rep 24/100: OK (time=1.3984s)
    Rep 25/100: OK (time=18.9975s)
    Rep 26/100: OK (time=15.9723s)
    Rep 27/100: OK (time=2.0519s)
    Rep 28/100: OK (time=1.4355s)
    Rep 29/100: OK (time=0.8810s)
    Rep 30/100: OK (time=3.1253s)
    Rep 31/100: OK (time=1.9465s)
    Rep 32/100: OK (time=1.6691s)
    Rep 33/100: OK (time=14.2288s)
    Rep 34/100: OK (time=0.3762s)
    Rep 35/100: OK (time=3.6463s)
    Rep 36/100: OK (time=3.4594s)
    Rep 37/100: OK (time=14.8452s)
    Rep 38/100: OK (time=5.9622s)
    Rep 39/100: OK (time=12.3155s)
    Rep 40/100: OK (time=4.3937s)
    Rep 41/100: OK (time=2.5393s)
    Rep 42/100: OK (time=14.1973s)
    Rep 43/100: OK (time=9.2468s)
    Rep 44/100: OK (time=2.7919s)
    Rep 45/100: OK (time=0.5264s)
    Rep 46/100: OK (time=0.9209s)
    Rep 47/100: OK (time=1.3241s)
    Rep 48/100: OK (time=3.2613s)
    Rep 49/100: OK (time=2.3581s)
    Rep 50/100: OK (time=1.3063s)
    Rep 51/100: OK (time=2.2950s)
    Rep 52/100: OK (time=3.9010s)
    Rep 53/100: OK (time=16.4590s)
    Rep 54/100: OK (time=2.7641s)
    Rep 55/100: OK (time=0.4837s)
    Rep 56/100: OK (time=1.1094s)
    Rep 57/100: OK (time=4.3301s)
    Rep 58/100: OK (time=30.7755s)
    Rep 59/100: OK (time=4.2222s)
    Rep 60/100: OK (time=1.3696s)
    Rep 61/100: OK (time=23.0786s)
    Rep 62/100: OK (time=32.2925s)
    Rep 63/100: OK (time=2.0298s)
    Rep 64/100: OK (time=21.6742s)
    Rep 65/100: OK (time=19.6381s)
    Rep 66/100: OK (time=3.7895s)
    Rep 67/100: OK (time=1.0813s)
    Rep 68/100: OK (time=0.6804s)
    Rep 69/100: OK (time=9.4631s)
    Rep 70/100: OK (time=6.8857s)
    Rep 71/100: OK (time=5.4004s)
    Rep 72/100: OK (time=4.2106s)
    Rep 73/100: OK (time=3.3634s)
    Rep 74/100: OK (time=4.1194s)
    Rep 75/100: OK (time=2.2406s)
    Rep 76/100: OK (time=4.0180s)
    Rep 77/100: OK (time=14.7808s)
    Rep 78/100: OK (time=1.6756s)
    Rep 79/100: OK (time=1.2356s)
    Rep 80/100: OK (time=1.2624s)
    Rep 81/100: OK (time=1.1426s)
    Rep 82/100: OK (time=5.3454s)
    Rep 83/100: OK (time=1.3287s)
    Rep 84/100: OK (time=40.3511s)
    Rep 85/100: OK (time=8.2420s)
    Rep 86/100: OK (time=10.1972s)
    Rep 87/100: OK (time=1.1070s)
    Rep 88/100: OK (time=2.1288s)
    Rep 89/100: OK (time=9.9708s)
    Rep 90/100: OK (time=2.1586s)
    Rep 91/100: OK (time=1.0898s)
    Rep 92/100: OK (time=0.5519s)
    Rep 93/100: OK (time=1.4212s)
    Rep 94/100: OK (time=1.5873s)
    Rep 95/100: OK (time=33.2669s)
    Rep 96/100: OK (time=1.7190s)
    Rep 97/100: OK (time=16.7338s)
    Rep 98/100: OK (time=2.6019s)
    Rep 99/100: OK (time=10.0156s)
    Rep 100/100: OK (time=1.0696s)
    => success%=100.0 time_mean=6.956418 cycles_mean=334.96
  [rho=0.3 [25x25]] (14/50) inst25x25_45_34.txt 
    Rep 1/100: OK (time=10.2157s)
    Rep 2/100: OK (time=38.7605s)
    Rep 3/100: OK (time=22.8261s)
    Rep 4/100: OK (time=76.6638s)
    Rep 5/100: OK (time=22.4743s)
    Rep 6/100: FAIL (time=120.1020s)
    Rep 7/100: OK (time=44.4118s)
    Rep 8/100: OK (time=1.6587s)
    Rep 9/100: OK (time=46.3324s)
    Rep 10/100: FAIL (time=120.2170s)
    Rep 11/100: OK (time=57.3695s)
    Rep 12/100: OK (time=58.3408s)
    Rep 13/100: OK (time=3.2074s)
    Rep 14/100: OK (time=43.1846s)
    Rep 15/100: OK (time=1.6534s)
    Rep 16/100: OK (time=2.9914s)
    Rep 17/100: OK (time=7.6603s)
    Rep 18/100: OK (time=12.9410s)
    Rep 19/100: OK (time=67.4221s)
    Rep 20/100: OK (time=11.0624s)
    Rep 21/100: FAIL (time=120.5890s)
    Rep 22/100: FAIL (time=120.6860s)
    Rep 23/100: OK (time=7.4130s)
    Rep 24/100: FAIL (time=121.3890s)
    Rep 25/100: OK (time=4.0529s)
    Rep 26/100: OK (time=1.8906s)
    Rep 27/100: OK (time=98.1234s)
    Rep 28/100: OK (time=15.9350s)
    Rep 29/100: OK (time=10.9680s)
    Rep 30/100: OK (time=31.7943s)
    Rep 31/100: OK (time=3.2814s)
    Rep 32/100: OK (time=14.2383s)
    Rep 33/100: OK (time=8.5002s)
    Rep 34/100: OK (time=9.7256s)
    Rep 35/100: OK (time=5.4224s)
    Rep 36/100: OK (time=38.4433s)
    Rep 37/100: OK (time=7.3901s)
    Rep 38/100: FAIL (time=121.0260s)
    Rep 39/100: OK (time=33.9477s)
    Rep 40/100: OK (time=25.5421s)
    Rep 41/100: FAIL (time=120.9370s)
    Rep 42/100: FAIL (time=120.4950s)
    Rep 43/100: OK (time=4.4308s)
    Rep 44/100: FAIL (time=121.1160s)
    Rep 45/100: OK (time=120.5980s)
    Rep 46/100: OK (time=63.7139s)
    Rep 47/100: OK (time=3.0038s)
    Rep 48/100: OK (time=7.2559s)
    Rep 49/100: FAIL (time=120.6170s)
    Rep 50/100: OK (time=57.4055s)
    Rep 51/100: OK (time=1.1458s)
    Rep 52/100: OK (time=60.9443s)
    Rep 53/100: FAIL (time=121.2630s)
    Rep 54/100: OK (time=12.1869s)
    Rep 55/100: OK (time=107.8130s)
    Rep 56/100: OK (time=6.6260s)
    Rep 57/100: FAIL (time=121.2740s)
    Rep 58/100: OK (time=6.2165s)
    Rep 59/100: OK (time=1.0492s)
    Rep 60/100: OK (time=35.9072s)
    Rep 61/100: FAIL (time=122.0160s)
    Rep 62/100: OK (time=4.7475s)
    Rep 63/100: OK (time=79.6983s)
    Rep 64/100: FAIL (time=120.4570s)
    Rep 65/100: OK (time=9.8519s)
    Rep 66/100: OK (time=2.1432s)
    Rep 67/100: OK (time=4.2065s)
    Rep 68/100: OK (time=14.0154s)
    Rep 69/100: FAIL (time=120.4130s)
    Rep 70/100: OK (time=0.8430s)
    Rep 71/100: FAIL (time=120.7790s)
    Rep 72/100: OK (time=19.0032s)
    Rep 73/100: OK (time=3.4064s)
    Rep 74/100: FAIL (time=120.2830s)
    Rep 75/100: OK (time=0.8063s)
    Rep 76/100: OK (time=51.6204s)
    Rep 77/100: OK (time=2.4742s)
    Rep 78/100: OK (time=7.4638s)
    Rep 79/100: FAIL (time=121.7320s)
    Rep 80/100: OK (time=66.3416s)
    Rep 81/100: OK (time=26.1949s)
    Rep 82/100: OK (time=52.5123s)
    Rep 83/100: OK (time=16.2333s)
    Rep 84/100: OK (time=76.4947s)
    Rep 85/100: OK (time=38.9937s)
    Rep 86/100: OK (time=1.1443s)
    Rep 87/100: OK (time=27.8497s)
    Rep 88/100: OK (time=7.8578s)
    Rep 89/100: OK (time=5.3382s)
